--------------- Build Started: 01/13/2022 19:32:25 Project: CyberPongRemastered, Configuration: ARM GCC 5.4-2016-q2-update Debug ---------------
The code generation step is up to date.
arm-none-eabi-gcc.exe -mcpu=cortex-m3 -mthumb -I. -IGenerated_Source\PSoC5 -Wa,-alh=.\CortexM3\ARM_GCC_541\Debug/main.lst -g -D DEBUG -D CY_CORE_ID=0 -Wall -ffunction-sections -ffat-lto-objects -Og -c main.c -o .\CortexM3\ARM_GCC_541\Debug\main.o
main.c: In function 'print_all_speed':
main.c:25:32: warning: format '%u' expects argument of type 'unsigned int', but argument 3 has type 'uint32_t {aka long unsigned int}' [-Wformat=]
         sprintf(uart_rpm_buff, "%u", current_rpm);
                                ^
main.c:25:32: warning: format '%u' expects argument of type 'unsigned int', but argument 3 has type 'uint32_t {aka long unsigned int}' [-Wformat=]
main.c:30:32: warning: format '%u' expects argument of type 'unsigned int', but argument 3 has type 'uint32_t {aka long unsigned int}' [-Wformat=]
         sprintf(uart_rpm_buff, "%u", current_rpm);
                                ^
main.c:30:32: warning: format '%u' expects argument of type 'unsigned int', but argument 3 has type 'uint32_t {aka long unsigned int}' [-Wformat=]
main.c: In function 'Ouput_Speed_Isr_handler':
main.c:67:32: warning: format '%u' expects argument of type 'unsigned int', but argument 3 has type 'uint32_t {aka long unsigned int}' [-Wformat=]
         sprintf(uart_rpm_buff, "%u", current_rpm);
                                ^
main.c:67:32: warning: format '%u' expects argument of type 'unsigned int', but argument 3 has type 'uint32_t {aka long unsigned int}' [-Wformat=]
main.c:72:32: warning: format '%u' expects argument of type 'unsigned int', but argument 3 has type 'uint32_t {aka long unsigned int}' [-Wformat=]
         sprintf(uart_rpm_buff, "%u", current_rpm);
                                ^
main.c:72:32: warning: format '%u' expects argument of type 'unsigned int', but argument 3 has type 'uint32_t {aka long unsigned int}' [-Wformat=]
arm-none-eabi-ar.exe -rs .\CortexM3\ARM_GCC_541\Debug\CyberPongRemastered.a .\CortexM3\ARM_GCC_541\Debug\FanController.o .\CortexM3\ARM_GCC_541\Debug\FanController_INT.o .\CortexM3\ARM_GCC_541\Debug\Pin_Input_LEFT.o .\CortexM3\ARM_GCC_541\Debug\Pin_Output_LEFT.o .\CortexM3\ARM_GCC_541\Debug\Pin_Input_RIGHT.o .\CortexM3\ARM_GCC_541\Debug\Pin_Input_UP.o .\CortexM3\ARM_GCC_541\Debug\Pin_Input_DOWN.o .\CortexM3\ARM_GCC_541\Debug\Pin_Output_RIGHT.o .\CortexM3\ARM_GCC_541\Debug\Pin_Output_UP.o .\CortexM3\ARM_GCC_541\Debug\Pin_Output_DOWN.o .\CortexM3\ARM_GCC_541\Debug\FanController_PID_ISR.o .\CortexM3\ARM_GCC_541\Debug\CyDmac.o .\CortexM3\ARM_GCC_541\Debug\CyFlash.o .\CortexM3\ARM_GCC_541\Debug\CyLib.o .\CortexM3\ARM_GCC_541\Debug\cyPm.o .\CortexM3\ARM_GCC_541\Debug\CySpc.o .\CortexM3\ARM_GCC_541\Debug\cyutils.o .\CortexM3\ARM_GCC_541\Debug\cy_em_eeprom.o .\CortexM3\ARM_GCC_541\Debug\UART.o .\CortexM3\ARM_GCC_541\Debug\UART_PM.o .\CortexM3\ARM_GCC_541\Debug\UART_INT.o .\CortexM3\ARM_GCC_541\Debug\UART_BOOT.o .\CortexM3\ARM_GCC_541\Debug\UART_IntClock.o .\CortexM3\ARM_GCC_541\Debug\CyBootAsmGnu.o
arm-none-eabi-ar.exe: creating .\CortexM3\ARM_GCC_541\Debug\CyberPongRemastered.a
arm-none-eabi-gcc.exe -Wl,--start-group -o C:\Users\Ade0n\Desktop\PR\CyberPong\CyberPong.cydsn\CyberPongRemastered.cydsn\CortexM3\ARM_GCC_541\Debug\CyberPongRemastered.elf .\CortexM3\ARM_GCC_541\Debug\main.o .\CortexM3\ARM_GCC_541\Debug\cyfitter_cfg.o .\CortexM3\ARM_GCC_541\Debug\cymetadata.o .\CortexM3\ARM_GCC_541\Debug\Cm3Start.o .\CortexM3\ARM_GCC_541\Debug\CyberPongRemastered.a "C:\Program Files (x86)\Cypress\PSoC Creator\4.4\PSoC Creator\psoc\content\cycomponentlibrary\CyComponentLibrary.cylib\CortexM3\ARM_GCC_541\Debug\CyComponentLibrary.a" -mcpu=cortex-m3 -mthumb -L Generated_Source\PSoC5 -Wl,-Map,.\CortexM3\ARM_GCC_541\Debug/CyberPongRemastered.map -T Generated_Source\PSoC5\cm3gcc.ld -specs=nano.specs -Wl,--gc-sections -g -ffunction-sections -Og -ffat-lto-objects -Wl,--end-group
cyelftool.exe -C C:\Users\Ade0n\Desktop\PR\CyberPong\CyberPong.cydsn\CyberPongRemastered.cydsn\CortexM3\ARM_GCC_541\Debug\CyberPongRemastered.elf --flash_row_size 256 --flash_size 262144 --flash_offset 0x00000000
No ELF section .cychecksum found, creating one
Application checksum calculated and stored in ELF section .cychecksum
Checksum calculated and stored in ELF section .cymeta
cyelftool.exe -S C:\Users\Ade0n\Desktop\PR\CyberPong\CyberPong.cydsn\CyberPongRemastered.cydsn\CortexM3\ARM_GCC_541\Debug\CyberPongRemastered.elf
Flash used: 5760 of 262144 bytes (2.2%).
SRAM used: 2737 of 65536 bytes (4.2%). Stack: 2048 bytes. Heap: 128 bytes.
--------------- Build Succeeded: 01/13/2022 19:32:26 ---------------
