ARM GAS  C:\Users\Ade0n\AppData\Local\Temp\cctfwv9t.s 			page 1


   1              		.syntax unified
   2              		.cpu cortex-m0
   3              		.fpu softvfp
   4              		.eabi_attribute 20, 1
   5              		.eabi_attribute 21, 1
   6              		.eabi_attribute 23, 3
   7              		.eabi_attribute 24, 1
   8              		.eabi_attribute 25, 1
   9              		.eabi_attribute 26, 1
  10              		.eabi_attribute 30, 1
  11              		.eabi_attribute 34, 0
  12              		.eabi_attribute 18, 4
  13              		.thumb
  14              		.syntax unified
  15              		.file	"main.c"
  16              		.text
  17              	.Ltext0:
  18              		.cfi_sections	.debug_frame
  19              		.section	.text.ISR_Per_Handler,"ax",%progbits
  20              		.align	2
  21              		.global	ISR_Per_Handler
  22              		.code	16
  23              		.thumb_func
  24              		.type	ISR_Per_Handler, %function
  25              	ISR_Per_Handler:
  26              	.LFB36:
  27              		.file 1 "main.c"
   1:main.c        **** /* ========================================
   2:main.c        ****  *
   3:main.c        ****  * Copyright YOUR COMPANY, THE YEAR
   4:main.c        ****  * All Rights Reserved
   5:main.c        ****  * UNPUBLISHED, LICENSED SOFTWARE.
   6:main.c        ****  *
   7:main.c        ****  * CONFIDENTIAL AND PROPRIETARY INFORMATION
   8:main.c        ****  * WHICH IS THE PROPERTY OF your company.
   9:main.c        ****  *
  10:main.c        ****  * ========================================
  11:main.c        **** */
  12:main.c        **** #include "project.h"
  13:main.c        **** #include <stdio.h>
  14:main.c        **** #include "main_data.h"
  15:main.c        **** 
  16:main.c        **** 
  17:main.c        **** CY_ISR( ISR_Per_Handler )
  18:main.c        **** {
  28              		.loc 1 18 0
  29              		.cfi_startproc
  30              		@ args = 0, pretend = 0, frame = 0
  31              		@ frame_needed = 0, uses_anonymous_args = 0
  32 0000 70B5     		push	{r4, r5, r6, lr}
  33              		.cfi_def_cfa_offset 16
  34              		.cfi_offset 4, -16
  35              		.cfi_offset 5, -12
  36              		.cfi_offset 6, -8
  37              		.cfi_offset 14, -4
  19:main.c        ****             
  20:main.c        ****      
ARM GAS  C:\Users\Ade0n\AppData\Local\Temp\cctfwv9t.s 			page 2


  21:main.c        ****         period_per_spin += period_per_window;
  38              		.loc 1 21 0
  39 0002 0F4B     		ldr	r3, .L2
  40 0004 1A68     		ldr	r2, [r3]
  41 0006 0F4C     		ldr	r4, .L2+4
  42 0008 2368     		ldr	r3, [r4]
  43 000a 9B18     		adds	r3, r3, r2
  44 000c 2360     		str	r3, [r4]
  22:main.c        ****         indx += 1;
  45              		.loc 1 22 0
  46 000e 0E4D     		ldr	r5, .L2+8
  47 0010 2B68     		ldr	r3, [r5]
  48 0012 0133     		adds	r3, r3, #1
  49 0014 2B60     		str	r3, [r5]
  23:main.c        ****     
  24:main.c        ****         sprintf(uart_per_buff, "%u", period_per_window);
  50              		.loc 1 24 0
  51 0016 0D4E     		ldr	r6, .L2+12
  52 0018 0D49     		ldr	r1, .L2+16
  53 001a 3000     		movs	r0, r6
  54 001c FFF7FEFF 		bl	sprintf
  55              	.LVL0:
  25:main.c        ****         UART_UartPutChar('\n');
  56              		.loc 1 25 0
  57 0020 0A20     		movs	r0, #10
  58 0022 FFF7FEFF 		bl	UART_SpiUartWriteTxData
  59              	.LVL1:
  26:main.c        ****         UART_UartPutChar('\r');
  60              		.loc 1 26 0
  61 0026 0D20     		movs	r0, #13
  62 0028 FFF7FEFF 		bl	UART_SpiUartWriteTxData
  63              	.LVL2:
  27:main.c        ****         UART_UartPutString(uart_per_buff);
  64              		.loc 1 27 0
  65 002c 3000     		movs	r0, r6
  66 002e FFF7FEFF 		bl	UART_UartPutString
  67              	.LVL3:
  28:main.c        ****         indx = 0;
  68              		.loc 1 28 0
  69 0032 0023     		movs	r3, #0
  70 0034 2B60     		str	r3, [r5]
  29:main.c        ****         period_per_spin = 0;
  71              		.loc 1 29 0
  72 0036 2360     		str	r3, [r4]
  30:main.c        ****     Perioud_Counter_ClearInterrupt(Perioud_Counter_INTR_MASK_CC_MATCH);
  73              		.loc 1 30 0
  74 0038 0220     		movs	r0, #2
  75 003a FFF7FEFF 		bl	Perioud_Counter_ClearInterrupt
  76              	.LVL4:
  31:main.c        **** }
  77              		.loc 1 31 0
  78              		@ sp needed
  79 003e 70BD     		pop	{r4, r5, r6, pc}
  80              	.L3:
  81              		.align	2
  82              	.L2:
  83 0040 00000000 		.word	period_per_window
ARM GAS  C:\Users\Ade0n\AppData\Local\Temp\cctfwv9t.s 			page 3


  84 0044 00000000 		.word	period_per_spin
  85 0048 00000000 		.word	indx
  86 004c 00000000 		.word	uart_per_buff
  87 0050 00000000 		.word	.LC3
  88              		.cfi_endproc
  89              	.LFE36:
  90              		.size	ISR_Per_Handler, .-ISR_Per_Handler
  91              		.section	.text.main,"ax",%progbits
  92              		.align	2
  93              		.global	main
  94              		.code	16
  95              		.thumb_func
  96              		.type	main, %function
  97              	main:
  98              	.LFB37:
  32:main.c        **** 
  33:main.c        **** 
  34:main.c        **** 
  35:main.c        **** int main(void)
  36:main.c        **** {
  99              		.loc 1 36 0
 100              		.cfi_startproc
 101              		@ Volatile: function does not return.
 102              		@ args = 0, pretend = 0, frame = 0
 103              		@ frame_needed = 0, uses_anonymous_args = 0
 104 0000 10B5     		push	{r4, lr}
 105              		.cfi_def_cfa_offset 8
 106              		.cfi_offset 4, -8
 107              		.cfi_offset 14, -4
  37:main.c        ****     CyGlobalIntEnable; /* Enable global interrupts. */
 108              		.loc 1 37 0
 109              		.syntax divided
 110              	@ 37 "main.c" 1
 111 0002 62B6     		CPSIE   i
 112              	@ 0 "" 2
  38:main.c        ****     
  39:main.c        ****     // Initialize some variables
  40:main.c        ****     signals_per_time_unit = 0;
 113              		.loc 1 40 0
 114              		.thumb
 115              		.syntax unified
 116 0004 0023     		movs	r3, #0
 117 0006 0B4A     		ldr	r2, .L6
 118 0008 1360     		str	r3, [r2]
  41:main.c        ****     period_per_window = 0;
 119              		.loc 1 41 0
 120 000a 0B4A     		ldr	r2, .L6+4
 121 000c 1360     		str	r3, [r2]
  42:main.c        ****     current_rpm = 0;
 122              		.loc 1 42 0
 123 000e 0B4A     		ldr	r2, .L6+8
 124 0010 1360     		str	r3, [r2]
  43:main.c        ****     indx = 0;
 125              		.loc 1 43 0
 126 0012 0B4A     		ldr	r2, .L6+12
 127 0014 1360     		str	r3, [r2]
  44:main.c        ****     
ARM GAS  C:\Users\Ade0n\AppData\Local\Temp\cctfwv9t.s 			page 4


  45:main.c        **** 
  46:main.c        ****     /* Start Everything Up */
  47:main.c        ****     UART_Start();
 128              		.loc 1 47 0
 129 0016 FFF7FEFF 		bl	UART_Start
 130              	.LVL5:
  48:main.c        ****     Perioud_Counter_Start();
 131              		.loc 1 48 0
 132 001a FFF7FEFF 		bl	Perioud_Counter_Start
 133              	.LVL6:
  49:main.c        ****     ISR_Per_StartEx(ISR_Per_Handler);
 134              		.loc 1 49 0
 135 001e 0948     		ldr	r0, .L6+16
 136 0020 FFF7FEFF 		bl	ISR_Per_StartEx
 137              	.LVL7:
  50:main.c        ****     PWM_Start();
 138              		.loc 1 50 0
 139 0024 FFF7FEFF 		bl	PWM_Start
 140              	.LVL8:
 141              	.L5:
  51:main.c        ****     
  52:main.c        ****    
  53:main.c        ****     
  54:main.c        ****     for(;;)
  55:main.c        ****     {   
  56:main.c        ****         
  57:main.c        ****         //current_rpm = FanController_GetActualSpeed(1);
  58:main.c        ****         //sprintf(uart_per_buff, "%u", current_rpm);
  59:main.c        ****         //UART_UartPutChar('\n');
  60:main.c        ****         //UART_UartPutChar('\r');
  61:main.c        ****         //UART_UartPutString(uart_per_buff);
  62:main.c        ****         
  63:main.c        ****         //current_rpm = FanController_GetDesiredSpeed(1);
  64:main.c        ****         //sprintf(uart_per_buff, "%u", current_rpm);
  65:main.c        ****         //UART_UartPutChar('\n');
  66:main.c        ****         //UART_UartPutChar('\r');
  67:main.c        ****         //UART_UartPutString(uart_per_buff);
  68:main.c        ****         period_per_window = Perioud_Counter_ReadCounter();
 142              		.loc 1 68 0 discriminator 1
 143 0028 FFF7FEFF 		bl	Perioud_Counter_ReadCounter
 144              	.LVL9:
 145 002c 024B     		ldr	r3, .L6+4
 146 002e 1860     		str	r0, [r3]
 147 0030 FAE7     		b	.L5
 148              	.L7:
 149 0032 C046     		.align	2
 150              	.L6:
 151 0034 00000000 		.word	signals_per_time_unit
 152 0038 00000000 		.word	period_per_window
 153 003c 00000000 		.word	current_rpm
 154 0040 00000000 		.word	indx
 155 0044 00000000 		.word	ISR_Per_Handler
 156              		.cfi_endproc
 157              	.LFE37:
 158              		.size	main, .-main
 159              		.comm	uart_per_buff,4,4
 160              		.comm	uart_rpm_buff,4,4
ARM GAS  C:\Users\Ade0n\AppData\Local\Temp\cctfwv9t.s 			page 5


 161              		.comm	current_rpm,4,4
 162              		.comm	period_per_spin,4,4
 163              		.comm	indx,4,4
 164              		.comm	period_per_window,4,4
 165              		.comm	signals_per_time_unit,4,4
 166              		.section	.rodata.str1.4,"aMS",%progbits,1
 167              		.align	2
 168              	.LC3:
 169 0000 257500   		.ascii	"%u\000"
 170              		.text
 171              	.Letext0:
 172              		.file 2 "c:\\program files (x86)\\cypress\\psoc creator\\4.4\\psoc creator\\import\\gnu\\arm\\5.4.
 173              		.file 3 "c:\\program files (x86)\\cypress\\psoc creator\\4.4\\psoc creator\\import\\gnu\\arm\\5.4.
 174              		.file 4 "Generated_Source\\PSoC4/cytypes.h"
 175              		.file 5 "main_data.h"
 176              		.file 6 "c:\\program files (x86)\\cypress\\psoc creator\\4.4\\psoc creator\\import\\gnu\\arm\\5.4.
 177              		.file 7 "Generated_Source\\PSoC4/UART_SPI_UART.h"
 178              		.file 8 "Generated_Source\\PSoC4/Perioud_Counter.h"
 179              		.file 9 "Generated_Source\\PSoC4/UART.h"
 180              		.file 10 "Generated_Source\\PSoC4/ISR_Per.h"
 181              		.file 11 "Generated_Source\\PSoC4/PWM.h"
 182              		.section	.debug_info,"",%progbits
 183              	.Ldebug_info0:
 184 0000 6E020000 		.4byte	0x26e
 185 0004 0400     		.2byte	0x4
 186 0006 00000000 		.4byte	.Ldebug_abbrev0
 187 000a 04       		.byte	0x4
 188 000b 01       		.uleb128 0x1
 189 000c A9010000 		.4byte	.LASF33
 190 0010 0C       		.byte	0xc
 191 0011 5F020000 		.4byte	.LASF34
 192 0015 03010000 		.4byte	.LASF35
 193 0019 00000000 		.4byte	.Ldebug_ranges0+0
 194 001d 00000000 		.4byte	0
 195 0021 00000000 		.4byte	.Ldebug_line0
 196 0025 02       		.uleb128 0x2
 197 0026 01       		.byte	0x1
 198 0027 06       		.byte	0x6
 199 0028 9D020000 		.4byte	.LASF0
 200 002c 02       		.uleb128 0x2
 201 002d 01       		.byte	0x1
 202 002e 08       		.byte	0x8
 203 002f 87000000 		.4byte	.LASF1
 204 0033 02       		.uleb128 0x2
 205 0034 02       		.byte	0x2
 206 0035 05       		.byte	0x5
 207 0036 6B020000 		.4byte	.LASF2
 208 003a 02       		.uleb128 0x2
 209 003b 02       		.byte	0x2
 210 003c 07       		.byte	0x7
 211 003d D7000000 		.4byte	.LASF3
 212 0041 02       		.uleb128 0x2
 213 0042 04       		.byte	0x4
 214 0043 05       		.byte	0x5
 215 0044 88020000 		.4byte	.LASF4
 216 0048 03       		.uleb128 0x3
 217 0049 4D010000 		.4byte	.LASF9
ARM GAS  C:\Users\Ade0n\AppData\Local\Temp\cctfwv9t.s 			page 6


 218 004d 02       		.byte	0x2
 219 004e 41       		.byte	0x41
 220 004f 53000000 		.4byte	0x53
 221 0053 02       		.uleb128 0x2
 222 0054 04       		.byte	0x4
 223 0055 07       		.byte	0x7
 224 0056 B7000000 		.4byte	.LASF5
 225 005a 02       		.uleb128 0x2
 226 005b 08       		.byte	0x8
 227 005c 05       		.byte	0x5
 228 005d 00000000 		.4byte	.LASF6
 229 0061 02       		.uleb128 0x2
 230 0062 08       		.byte	0x8
 231 0063 07       		.byte	0x7
 232 0064 76010000 		.4byte	.LASF7
 233 0068 04       		.uleb128 0x4
 234 0069 04       		.byte	0x4
 235 006a 05       		.byte	0x5
 236 006b 696E7400 		.ascii	"int\000"
 237 006f 02       		.uleb128 0x2
 238 0070 04       		.byte	0x4
 239 0071 07       		.byte	0x7
 240 0072 64010000 		.4byte	.LASF8
 241 0076 03       		.uleb128 0x3
 242 0077 7F020000 		.4byte	.LASF10
 243 007b 03       		.byte	0x3
 244 007c 30       		.byte	0x30
 245 007d 48000000 		.4byte	0x48
 246 0081 05       		.uleb128 0x5
 247 0082 58010000 		.4byte	.LASF11
 248 0086 04       		.byte	0x4
 249 0087 FD01     		.2byte	0x1fd
 250 0089 53000000 		.4byte	0x53
 251 008d 02       		.uleb128 0x2
 252 008e 04       		.byte	0x4
 253 008f 04       		.byte	0x4
 254 0090 81000000 		.4byte	.LASF12
 255 0094 02       		.uleb128 0x2
 256 0095 08       		.byte	0x8
 257 0096 04       		.byte	0x4
 258 0097 46010000 		.4byte	.LASF13
 259 009b 02       		.uleb128 0x2
 260 009c 01       		.byte	0x1
 261 009d 08       		.byte	0x8
 262 009e 66020000 		.4byte	.LASF14
 263 00a2 02       		.uleb128 0x2
 264 00a3 08       		.byte	0x8
 265 00a4 04       		.byte	0x4
 266 00a5 91020000 		.4byte	.LASF15
 267 00a9 02       		.uleb128 0x2
 268 00aa 04       		.byte	0x4
 269 00ab 07       		.byte	0x7
 270 00ac 37020000 		.4byte	.LASF16
 271 00b0 06       		.uleb128 0x6
 272 00b1 3C000000 		.4byte	.LASF36
 273 00b5 01       		.byte	0x1
 274 00b6 11       		.byte	0x11
ARM GAS  C:\Users\Ade0n\AppData\Local\Temp\cctfwv9t.s 			page 7


 275 00b7 00000000 		.4byte	.LFB36
 276 00bb 54000000 		.4byte	.LFE36-.LFB36
 277 00bf 01       		.uleb128 0x1
 278 00c0 9C       		.byte	0x9c
 279 00c1 2C010000 		.4byte	0x12c
 280 00c5 07       		.uleb128 0x7
 281 00c6 20000000 		.4byte	.LVL0
 282 00ca 08020000 		.4byte	0x208
 283 00ce E2000000 		.4byte	0xe2
 284 00d2 08       		.uleb128 0x8
 285 00d3 01       		.uleb128 0x1
 286 00d4 50       		.byte	0x50
 287 00d5 02       		.uleb128 0x2
 288 00d6 76       		.byte	0x76
 289 00d7 00       		.sleb128 0
 290 00d8 08       		.uleb128 0x8
 291 00d9 01       		.uleb128 0x1
 292 00da 51       		.byte	0x51
 293 00db 05       		.uleb128 0x5
 294 00dc 03       		.byte	0x3
 295 00dd 00000000 		.4byte	.LC3
 296 00e1 00       		.byte	0
 297 00e2 07       		.uleb128 0x7
 298 00e3 26000000 		.4byte	.LVL1
 299 00e7 13020000 		.4byte	0x213
 300 00eb F5000000 		.4byte	0xf5
 301 00ef 08       		.uleb128 0x8
 302 00f0 01       		.uleb128 0x1
 303 00f1 50       		.byte	0x50
 304 00f2 01       		.uleb128 0x1
 305 00f3 3A       		.byte	0x3a
 306 00f4 00       		.byte	0
 307 00f5 07       		.uleb128 0x7
 308 00f6 2C000000 		.4byte	.LVL2
 309 00fa 13020000 		.4byte	0x213
 310 00fe 08010000 		.4byte	0x108
 311 0102 08       		.uleb128 0x8
 312 0103 01       		.uleb128 0x1
 313 0104 50       		.byte	0x50
 314 0105 01       		.uleb128 0x1
 315 0106 3D       		.byte	0x3d
 316 0107 00       		.byte	0
 317 0108 07       		.uleb128 0x7
 318 0109 32000000 		.4byte	.LVL3
 319 010d 1F020000 		.4byte	0x21f
 320 0111 1C010000 		.4byte	0x11c
 321 0115 08       		.uleb128 0x8
 322 0116 01       		.uleb128 0x1
 323 0117 50       		.byte	0x50
 324 0118 02       		.uleb128 0x2
 325 0119 76       		.byte	0x76
 326 011a 00       		.sleb128 0
 327 011b 00       		.byte	0
 328 011c 09       		.uleb128 0x9
 329 011d 3E000000 		.4byte	.LVL4
 330 0121 2B020000 		.4byte	0x22b
 331 0125 08       		.uleb128 0x8
ARM GAS  C:\Users\Ade0n\AppData\Local\Temp\cctfwv9t.s 			page 8


 332 0126 01       		.uleb128 0x1
 333 0127 50       		.byte	0x50
 334 0128 01       		.uleb128 0x1
 335 0129 32       		.byte	0x32
 336 012a 00       		.byte	0
 337 012b 00       		.byte	0
 338 012c 0A       		.uleb128 0xa
 339 012d 5F010000 		.4byte	.LASF37
 340 0131 01       		.byte	0x1
 341 0132 23       		.byte	0x23
 342 0133 68000000 		.4byte	0x68
 343 0137 00000000 		.4byte	.LFB37
 344 013b 48000000 		.4byte	.LFE37-.LFB37
 345 013f 01       		.uleb128 0x1
 346 0140 9C       		.byte	0x9c
 347 0141 81010000 		.4byte	0x181
 348 0145 0B       		.uleb128 0xb
 349 0146 1A000000 		.4byte	.LVL5
 350 014a 37020000 		.4byte	0x237
 351 014e 0B       		.uleb128 0xb
 352 014f 1E000000 		.4byte	.LVL6
 353 0153 42020000 		.4byte	0x242
 354 0157 07       		.uleb128 0x7
 355 0158 24000000 		.4byte	.LVL7
 356 015c 4E020000 		.4byte	0x24e
 357 0160 6E010000 		.4byte	0x16e
 358 0164 08       		.uleb128 0x8
 359 0165 01       		.uleb128 0x1
 360 0166 50       		.byte	0x50
 361 0167 05       		.uleb128 0x5
 362 0168 03       		.byte	0x3
 363 0169 00000000 		.4byte	ISR_Per_Handler
 364 016d 00       		.byte	0
 365 016e 0B       		.uleb128 0xb
 366 016f 28000000 		.4byte	.LVL8
 367 0173 59020000 		.4byte	0x259
 368 0177 0B       		.uleb128 0xb
 369 0178 2C000000 		.4byte	.LVL9
 370 017c 65020000 		.4byte	0x265
 371 0180 00       		.byte	0
 372 0181 0C       		.uleb128 0xc
 373 0182 0E000000 		.4byte	.LASF17
 374 0186 05       		.byte	0x5
 375 0187 0F       		.byte	0xf
 376 0188 76000000 		.4byte	0x76
 377 018c 05       		.uleb128 0x5
 378 018d 03       		.byte	0x3
 379 018e 00000000 		.4byte	signals_per_time_unit
 380 0192 0C       		.uleb128 0xc
 381 0193 5C000000 		.4byte	.LASF18
 382 0197 05       		.byte	0x5
 383 0198 10       		.byte	0x10
 384 0199 76000000 		.4byte	0x76
 385 019d 05       		.uleb128 0x5
 386 019e 03       		.byte	0x3
 387 019f 00000000 		.4byte	period_per_window
 388 01a3 0C       		.uleb128 0xc
ARM GAS  C:\Users\Ade0n\AppData\Local\Temp\cctfwv9t.s 			page 9


 389 01a4 71010000 		.4byte	.LASF19
 390 01a8 05       		.byte	0x5
 391 01a9 11       		.byte	0x11
 392 01aa 76000000 		.4byte	0x76
 393 01ae 05       		.uleb128 0x5
 394 01af 03       		.byte	0x3
 395 01b0 00000000 		.4byte	indx
 396 01b4 0C       		.uleb128 0xc
 397 01b5 4C000000 		.4byte	.LASF20
 398 01b9 05       		.byte	0x5
 399 01ba 12       		.byte	0x12
 400 01bb 76000000 		.4byte	0x76
 401 01bf 05       		.uleb128 0x5
 402 01c0 03       		.byte	0x3
 403 01c1 00000000 		.4byte	period_per_spin
 404 01c5 0C       		.uleb128 0xc
 405 01c6 95000000 		.4byte	.LASF21
 406 01ca 05       		.byte	0x5
 407 01cb 14       		.byte	0x14
 408 01cc 76000000 		.4byte	0x76
 409 01d0 05       		.uleb128 0x5
 410 01d1 03       		.byte	0x3
 411 01d2 00000000 		.4byte	current_rpm
 412 01d6 0D       		.uleb128 0xd
 413 01d7 9B000000 		.4byte	0x9b
 414 01db E6010000 		.4byte	0x1e6
 415 01df 0E       		.uleb128 0xe
 416 01e0 A9000000 		.4byte	0xa9
 417 01e4 03       		.byte	0x3
 418 01e5 00       		.byte	0
 419 01e6 0C       		.uleb128 0xc
 420 01e7 F5000000 		.4byte	.LASF22
 421 01eb 05       		.byte	0x5
 422 01ec 15       		.byte	0x15
 423 01ed D6010000 		.4byte	0x1d6
 424 01f1 05       		.uleb128 0x5
 425 01f2 03       		.byte	0x3
 426 01f3 00000000 		.4byte	uart_rpm_buff
 427 01f7 0C       		.uleb128 0xc
 428 01f8 C9000000 		.4byte	.LASF23
 429 01fc 05       		.byte	0x5
 430 01fd 16       		.byte	0x16
 431 01fe D6010000 		.4byte	0x1d6
 432 0202 05       		.uleb128 0x5
 433 0203 03       		.byte	0x3
 434 0204 00000000 		.4byte	uart_per_buff
 435 0208 0F       		.uleb128 0xf
 436 0209 B9020000 		.4byte	.LASF24
 437 020d B9020000 		.4byte	.LASF24
 438 0211 06       		.byte	0x6
 439 0212 E7       		.byte	0xe7
 440 0213 10       		.uleb128 0x10
 441 0214 24000000 		.4byte	.LASF25
 442 0218 24000000 		.4byte	.LASF25
 443 021c 07       		.byte	0x7
 444 021d 4403     		.2byte	0x344
 445 021f 10       		.uleb128 0x10
ARM GAS  C:\Users\Ade0n\AppData\Local\Temp\cctfwv9t.s 			page 10


 446 0220 6E000000 		.4byte	.LASF26
 447 0224 6E000000 		.4byte	.LASF26
 448 0228 07       		.byte	0x7
 449 0229 2A03     		.2byte	0x32a
 450 022b 10       		.uleb128 0x10
 451 022c 40020000 		.4byte	.LASF27
 452 0230 40020000 		.4byte	.LASF27
 453 0234 08       		.byte	0x8
 454 0235 4701     		.2byte	0x147
 455 0237 0F       		.uleb128 0xf
 456 0238 EA000000 		.4byte	.LASF28
 457 023c EA000000 		.4byte	.LASF28
 458 0240 09       		.byte	0x9
 459 0241 72       		.byte	0x72
 460 0242 10       		.uleb128 0x10
 461 0243 A1000000 		.4byte	.LASF29
 462 0247 A1000000 		.4byte	.LASF29
 463 024b 08       		.byte	0x8
 464 024c 3201     		.2byte	0x132
 465 024e 0F       		.uleb128 0xf
 466 024f A9020000 		.4byte	.LASF30
 467 0253 A9020000 		.4byte	.LASF30
 468 0257 0A       		.byte	0xa
 469 0258 18       		.byte	0x18
 470 0259 10       		.uleb128 0x10
 471 025a 75020000 		.4byte	.LASF31
 472 025e 75020000 		.4byte	.LASF31
 473 0262 0B       		.byte	0xb
 474 0263 3201     		.2byte	0x132
 475 0265 10       		.uleb128 0x10
 476 0266 8D010000 		.4byte	.LASF32
 477 026a 8D010000 		.4byte	.LASF32
 478 026e 08       		.byte	0x8
 479 026f 4B01     		.2byte	0x14b
 480 0271 00       		.byte	0
 481              		.section	.debug_abbrev,"",%progbits
 482              	.Ldebug_abbrev0:
 483 0000 01       		.uleb128 0x1
 484 0001 11       		.uleb128 0x11
 485 0002 01       		.byte	0x1
 486 0003 25       		.uleb128 0x25
 487 0004 0E       		.uleb128 0xe
 488 0005 13       		.uleb128 0x13
 489 0006 0B       		.uleb128 0xb
 490 0007 03       		.uleb128 0x3
 491 0008 0E       		.uleb128 0xe
 492 0009 1B       		.uleb128 0x1b
 493 000a 0E       		.uleb128 0xe
 494 000b 55       		.uleb128 0x55
 495 000c 17       		.uleb128 0x17
 496 000d 11       		.uleb128 0x11
 497 000e 01       		.uleb128 0x1
 498 000f 10       		.uleb128 0x10
 499 0010 17       		.uleb128 0x17
 500 0011 00       		.byte	0
 501 0012 00       		.byte	0
 502 0013 02       		.uleb128 0x2
ARM GAS  C:\Users\Ade0n\AppData\Local\Temp\cctfwv9t.s 			page 11


 503 0014 24       		.uleb128 0x24
 504 0015 00       		.byte	0
 505 0016 0B       		.uleb128 0xb
 506 0017 0B       		.uleb128 0xb
 507 0018 3E       		.uleb128 0x3e
 508 0019 0B       		.uleb128 0xb
 509 001a 03       		.uleb128 0x3
 510 001b 0E       		.uleb128 0xe
 511 001c 00       		.byte	0
 512 001d 00       		.byte	0
 513 001e 03       		.uleb128 0x3
 514 001f 16       		.uleb128 0x16
 515 0020 00       		.byte	0
 516 0021 03       		.uleb128 0x3
 517 0022 0E       		.uleb128 0xe
 518 0023 3A       		.uleb128 0x3a
 519 0024 0B       		.uleb128 0xb
 520 0025 3B       		.uleb128 0x3b
 521 0026 0B       		.uleb128 0xb
 522 0027 49       		.uleb128 0x49
 523 0028 13       		.uleb128 0x13
 524 0029 00       		.byte	0
 525 002a 00       		.byte	0
 526 002b 04       		.uleb128 0x4
 527 002c 24       		.uleb128 0x24
 528 002d 00       		.byte	0
 529 002e 0B       		.uleb128 0xb
 530 002f 0B       		.uleb128 0xb
 531 0030 3E       		.uleb128 0x3e
 532 0031 0B       		.uleb128 0xb
 533 0032 03       		.uleb128 0x3
 534 0033 08       		.uleb128 0x8
 535 0034 00       		.byte	0
 536 0035 00       		.byte	0
 537 0036 05       		.uleb128 0x5
 538 0037 16       		.uleb128 0x16
 539 0038 00       		.byte	0
 540 0039 03       		.uleb128 0x3
 541 003a 0E       		.uleb128 0xe
 542 003b 3A       		.uleb128 0x3a
 543 003c 0B       		.uleb128 0xb
 544 003d 3B       		.uleb128 0x3b
 545 003e 05       		.uleb128 0x5
 546 003f 49       		.uleb128 0x49
 547 0040 13       		.uleb128 0x13
 548 0041 00       		.byte	0
 549 0042 00       		.byte	0
 550 0043 06       		.uleb128 0x6
 551 0044 2E       		.uleb128 0x2e
 552 0045 01       		.byte	0x1
 553 0046 3F       		.uleb128 0x3f
 554 0047 19       		.uleb128 0x19
 555 0048 03       		.uleb128 0x3
 556 0049 0E       		.uleb128 0xe
 557 004a 3A       		.uleb128 0x3a
 558 004b 0B       		.uleb128 0xb
 559 004c 3B       		.uleb128 0x3b
ARM GAS  C:\Users\Ade0n\AppData\Local\Temp\cctfwv9t.s 			page 12


 560 004d 0B       		.uleb128 0xb
 561 004e 27       		.uleb128 0x27
 562 004f 19       		.uleb128 0x19
 563 0050 11       		.uleb128 0x11
 564 0051 01       		.uleb128 0x1
 565 0052 12       		.uleb128 0x12
 566 0053 06       		.uleb128 0x6
 567 0054 40       		.uleb128 0x40
 568 0055 18       		.uleb128 0x18
 569 0056 9742     		.uleb128 0x2117
 570 0058 19       		.uleb128 0x19
 571 0059 01       		.uleb128 0x1
 572 005a 13       		.uleb128 0x13
 573 005b 00       		.byte	0
 574 005c 00       		.byte	0
 575 005d 07       		.uleb128 0x7
 576 005e 898201   		.uleb128 0x4109
 577 0061 01       		.byte	0x1
 578 0062 11       		.uleb128 0x11
 579 0063 01       		.uleb128 0x1
 580 0064 31       		.uleb128 0x31
 581 0065 13       		.uleb128 0x13
 582 0066 01       		.uleb128 0x1
 583 0067 13       		.uleb128 0x13
 584 0068 00       		.byte	0
 585 0069 00       		.byte	0
 586 006a 08       		.uleb128 0x8
 587 006b 8A8201   		.uleb128 0x410a
 588 006e 00       		.byte	0
 589 006f 02       		.uleb128 0x2
 590 0070 18       		.uleb128 0x18
 591 0071 9142     		.uleb128 0x2111
 592 0073 18       		.uleb128 0x18
 593 0074 00       		.byte	0
 594 0075 00       		.byte	0
 595 0076 09       		.uleb128 0x9
 596 0077 898201   		.uleb128 0x4109
 597 007a 01       		.byte	0x1
 598 007b 11       		.uleb128 0x11
 599 007c 01       		.uleb128 0x1
 600 007d 31       		.uleb128 0x31
 601 007e 13       		.uleb128 0x13
 602 007f 00       		.byte	0
 603 0080 00       		.byte	0
 604 0081 0A       		.uleb128 0xa
 605 0082 2E       		.uleb128 0x2e
 606 0083 01       		.byte	0x1
 607 0084 3F       		.uleb128 0x3f
 608 0085 19       		.uleb128 0x19
 609 0086 03       		.uleb128 0x3
 610 0087 0E       		.uleb128 0xe
 611 0088 3A       		.uleb128 0x3a
 612 0089 0B       		.uleb128 0xb
 613 008a 3B       		.uleb128 0x3b
 614 008b 0B       		.uleb128 0xb
 615 008c 27       		.uleb128 0x27
 616 008d 19       		.uleb128 0x19
ARM GAS  C:\Users\Ade0n\AppData\Local\Temp\cctfwv9t.s 			page 13


 617 008e 49       		.uleb128 0x49
 618 008f 13       		.uleb128 0x13
 619 0090 8701     		.uleb128 0x87
 620 0092 19       		.uleb128 0x19
 621 0093 11       		.uleb128 0x11
 622 0094 01       		.uleb128 0x1
 623 0095 12       		.uleb128 0x12
 624 0096 06       		.uleb128 0x6
 625 0097 40       		.uleb128 0x40
 626 0098 18       		.uleb128 0x18
 627 0099 9742     		.uleb128 0x2117
 628 009b 19       		.uleb128 0x19
 629 009c 01       		.uleb128 0x1
 630 009d 13       		.uleb128 0x13
 631 009e 00       		.byte	0
 632 009f 00       		.byte	0
 633 00a0 0B       		.uleb128 0xb
 634 00a1 898201   		.uleb128 0x4109
 635 00a4 00       		.byte	0
 636 00a5 11       		.uleb128 0x11
 637 00a6 01       		.uleb128 0x1
 638 00a7 31       		.uleb128 0x31
 639 00a8 13       		.uleb128 0x13
 640 00a9 00       		.byte	0
 641 00aa 00       		.byte	0
 642 00ab 0C       		.uleb128 0xc
 643 00ac 34       		.uleb128 0x34
 644 00ad 00       		.byte	0
 645 00ae 03       		.uleb128 0x3
 646 00af 0E       		.uleb128 0xe
 647 00b0 3A       		.uleb128 0x3a
 648 00b1 0B       		.uleb128 0xb
 649 00b2 3B       		.uleb128 0x3b
 650 00b3 0B       		.uleb128 0xb
 651 00b4 49       		.uleb128 0x49
 652 00b5 13       		.uleb128 0x13
 653 00b6 3F       		.uleb128 0x3f
 654 00b7 19       		.uleb128 0x19
 655 00b8 02       		.uleb128 0x2
 656 00b9 18       		.uleb128 0x18
 657 00ba 00       		.byte	0
 658 00bb 00       		.byte	0
 659 00bc 0D       		.uleb128 0xd
 660 00bd 01       		.uleb128 0x1
 661 00be 01       		.byte	0x1
 662 00bf 49       		.uleb128 0x49
 663 00c0 13       		.uleb128 0x13
 664 00c1 01       		.uleb128 0x1
 665 00c2 13       		.uleb128 0x13
 666 00c3 00       		.byte	0
 667 00c4 00       		.byte	0
 668 00c5 0E       		.uleb128 0xe
 669 00c6 21       		.uleb128 0x21
 670 00c7 00       		.byte	0
 671 00c8 49       		.uleb128 0x49
 672 00c9 13       		.uleb128 0x13
 673 00ca 2F       		.uleb128 0x2f
ARM GAS  C:\Users\Ade0n\AppData\Local\Temp\cctfwv9t.s 			page 14


 674 00cb 0B       		.uleb128 0xb
 675 00cc 00       		.byte	0
 676 00cd 00       		.byte	0
 677 00ce 0F       		.uleb128 0xf
 678 00cf 2E       		.uleb128 0x2e
 679 00d0 00       		.byte	0
 680 00d1 3F       		.uleb128 0x3f
 681 00d2 19       		.uleb128 0x19
 682 00d3 3C       		.uleb128 0x3c
 683 00d4 19       		.uleb128 0x19
 684 00d5 6E       		.uleb128 0x6e
 685 00d6 0E       		.uleb128 0xe
 686 00d7 03       		.uleb128 0x3
 687 00d8 0E       		.uleb128 0xe
 688 00d9 3A       		.uleb128 0x3a
 689 00da 0B       		.uleb128 0xb
 690 00db 3B       		.uleb128 0x3b
 691 00dc 0B       		.uleb128 0xb
 692 00dd 00       		.byte	0
 693 00de 00       		.byte	0
 694 00df 10       		.uleb128 0x10
 695 00e0 2E       		.uleb128 0x2e
 696 00e1 00       		.byte	0
 697 00e2 3F       		.uleb128 0x3f
 698 00e3 19       		.uleb128 0x19
 699 00e4 3C       		.uleb128 0x3c
 700 00e5 19       		.uleb128 0x19
 701 00e6 6E       		.uleb128 0x6e
 702 00e7 0E       		.uleb128 0xe
 703 00e8 03       		.uleb128 0x3
 704 00e9 0E       		.uleb128 0xe
 705 00ea 3A       		.uleb128 0x3a
 706 00eb 0B       		.uleb128 0xb
 707 00ec 3B       		.uleb128 0x3b
 708 00ed 05       		.uleb128 0x5
 709 00ee 00       		.byte	0
 710 00ef 00       		.byte	0
 711 00f0 00       		.byte	0
 712              		.section	.debug_aranges,"",%progbits
 713 0000 24000000 		.4byte	0x24
 714 0004 0200     		.2byte	0x2
 715 0006 00000000 		.4byte	.Ldebug_info0
 716 000a 04       		.byte	0x4
 717 000b 00       		.byte	0
 718 000c 0000     		.2byte	0
 719 000e 0000     		.2byte	0
 720 0010 00000000 		.4byte	.LFB36
 721 0014 54000000 		.4byte	.LFE36-.LFB36
 722 0018 00000000 		.4byte	.LFB37
 723 001c 48000000 		.4byte	.LFE37-.LFB37
 724 0020 00000000 		.4byte	0
 725 0024 00000000 		.4byte	0
 726              		.section	.debug_ranges,"",%progbits
 727              	.Ldebug_ranges0:
 728 0000 00000000 		.4byte	.LFB36
 729 0004 54000000 		.4byte	.LFE36
 730 0008 00000000 		.4byte	.LFB37
ARM GAS  C:\Users\Ade0n\AppData\Local\Temp\cctfwv9t.s 			page 15


 731 000c 48000000 		.4byte	.LFE37
 732 0010 00000000 		.4byte	0
 733 0014 00000000 		.4byte	0
 734              		.section	.debug_line,"",%progbits
 735              	.Ldebug_line0:
 736 0000 46020000 		.section	.debug_str,"MS",%progbits,1
 736      02000802 
 736      00000201 
 736      FB0E0D00 
 736      01010101 
 737              	.LASF6:
 738 0000 6C6F6E67 		.ascii	"long long int\000"
 738      206C6F6E 
 738      6720696E 
 738      7400
 739              	.LASF17:
 740 000e 7369676E 		.ascii	"signals_per_time_unit\000"
 740      616C735F 
 740      7065725F 
 740      74696D65 
 740      5F756E69 
 741              	.LASF25:
 742 0024 55415254 		.ascii	"UART_SpiUartWriteTxData\000"
 742      5F537069 
 742      55617274 
 742      57726974 
 742      65547844 
 743              	.LASF36:
 744 003c 4953525F 		.ascii	"ISR_Per_Handler\000"
 744      5065725F 
 744      48616E64 
 744      6C657200 
 745              	.LASF20:
 746 004c 70657269 		.ascii	"period_per_spin\000"
 746      6F645F70 
 746      65725F73 
 746      70696E00 
 747              	.LASF18:
 748 005c 70657269 		.ascii	"period_per_window\000"
 748      6F645F70 
 748      65725F77 
 748      696E646F 
 748      7700
 749              	.LASF26:
 750 006e 55415254 		.ascii	"UART_UartPutString\000"
 750      5F556172 
 750      74507574 
 750      53747269 
 750      6E6700
 751              	.LASF12:
 752 0081 666C6F61 		.ascii	"float\000"
 752      7400
 753              	.LASF1:
 754 0087 756E7369 		.ascii	"unsigned char\000"
 754      676E6564 
 754      20636861 
 754      7200
ARM GAS  C:\Users\Ade0n\AppData\Local\Temp\cctfwv9t.s 			page 16


 755              	.LASF21:
 756 0095 63757272 		.ascii	"current_rpm\000"
 756      656E745F 
 756      72706D00 
 757              	.LASF29:
 758 00a1 50657269 		.ascii	"Perioud_Counter_Start\000"
 758      6F75645F 
 758      436F756E 
 758      7465725F 
 758      53746172 
 759              	.LASF5:
 760 00b7 6C6F6E67 		.ascii	"long unsigned int\000"
 760      20756E73 
 760      69676E65 
 760      6420696E 
 760      7400
 761              	.LASF23:
 762 00c9 75617274 		.ascii	"uart_per_buff\000"
 762      5F706572 
 762      5F627566 
 762      6600
 763              	.LASF3:
 764 00d7 73686F72 		.ascii	"short unsigned int\000"
 764      7420756E 
 764      7369676E 
 764      65642069 
 764      6E7400
 765              	.LASF28:
 766 00ea 55415254 		.ascii	"UART_Start\000"
 766      5F537461 
 766      727400
 767              	.LASF22:
 768 00f5 75617274 		.ascii	"uart_rpm_buff\000"
 768      5F72706D 
 768      5F627566 
 768      6600
 769              	.LASF35:
 770 0103 433A5C55 		.ascii	"C:\\Users\\Ade0n\\Desktop\\PR\\CyberPong\\CyberPong"
 770      73657273 
 770      5C416465 
 770      306E5C44 
 770      65736B74 
 771 0130 2E637964 		.ascii	".cydsn\\Design01.cydsn\000"
 771      736E5C44 
 771      65736967 
 771      6E30312E 
 771      63796473 
 772              	.LASF13:
 773 0146 646F7562 		.ascii	"double\000"
 773      6C6500
 774              	.LASF9:
 775 014d 5F5F7569 		.ascii	"__uint32_t\000"
 775      6E743332 
 775      5F7400
 776              	.LASF11:
 777 0158 75696E74 		.ascii	"uint32\000"
 777      333200
ARM GAS  C:\Users\Ade0n\AppData\Local\Temp\cctfwv9t.s 			page 17


 778              	.LASF37:
 779 015f 6D61696E 		.ascii	"main\000"
 779      00
 780              	.LASF8:
 781 0164 756E7369 		.ascii	"unsigned int\000"
 781      676E6564 
 781      20696E74 
 781      00
 782              	.LASF19:
 783 0171 696E6478 		.ascii	"indx\000"
 783      00
 784              	.LASF7:
 785 0176 6C6F6E67 		.ascii	"long long unsigned int\000"
 785      206C6F6E 
 785      6720756E 
 785      7369676E 
 785      65642069 
 786              	.LASF32:
 787 018d 50657269 		.ascii	"Perioud_Counter_ReadCounter\000"
 787      6F75645F 
 787      436F756E 
 787      7465725F 
 787      52656164 
 788              	.LASF33:
 789 01a9 474E5520 		.ascii	"GNU C11 5.4.1 20160609 (release) [ARM/embedded-5-br"
 789      43313120 
 789      352E342E 
 789      31203230 
 789      31363036 
 790 01dc 616E6368 		.ascii	"anch revision 237715] -mcpu=cortex-m0 -mthumb -g -O"
 790      20726576 
 790      6973696F 
 790      6E203233 
 790      37373135 
 791 020f 67202D66 		.ascii	"g -ffunction-sections -ffat-lto-objects\000"
 791      66756E63 
 791      74696F6E 
 791      2D736563 
 791      74696F6E 
 792              	.LASF16:
 793 0237 73697A65 		.ascii	"sizetype\000"
 793      74797065 
 793      00
 794              	.LASF27:
 795 0240 50657269 		.ascii	"Perioud_Counter_ClearInterrupt\000"
 795      6F75645F 
 795      436F756E 
 795      7465725F 
 795      436C6561 
 796              	.LASF34:
 797 025f 6D61696E 		.ascii	"main.c\000"
 797      2E6300
 798              	.LASF14:
 799 0266 63686172 		.ascii	"char\000"
 799      00
 800              	.LASF2:
 801 026b 73686F72 		.ascii	"short int\000"
ARM GAS  C:\Users\Ade0n\AppData\Local\Temp\cctfwv9t.s 			page 18


 801      7420696E 
 801      7400
 802              	.LASF31:
 803 0275 50574D5F 		.ascii	"PWM_Start\000"
 803      53746172 
 803      7400
 804              	.LASF10:
 805 027f 75696E74 		.ascii	"uint32_t\000"
 805      33325F74 
 805      00
 806              	.LASF4:
 807 0288 6C6F6E67 		.ascii	"long int\000"
 807      20696E74 
 807      00
 808              	.LASF15:
 809 0291 6C6F6E67 		.ascii	"long double\000"
 809      20646F75 
 809      626C6500 
 810              	.LASF0:
 811 029d 7369676E 		.ascii	"signed char\000"
 811      65642063 
 811      68617200 
 812              	.LASF30:
 813 02a9 4953525F 		.ascii	"ISR_Per_StartEx\000"
 813      5065725F 
 813      53746172 
 813      74457800 
 814              	.LASF24:
 815 02b9 73707269 		.ascii	"sprintf\000"
 815      6E746600 
 816              		.ident	"GCC: (GNU Tools for ARM Embedded Processors) 5.4.1 20160609 (release) [ARM/embedded-5-bran
