#***************************************************************************

#sjplacer

#Version:            1.1

#Build Date:         Sep  9 2019 11:47:43

#File Generated:     Dec 6 2021 17:15:46

#Purpose:            

#Copyright (C) 2010-2011 by Softjin Technologies Pvt Ltd. All rights reserved.

#***************************************************************************

Executing : C:\Program Files (x86)\Cypress\PSoC Creator\4.4\PSoC Creator\bin/sjplacer.exe --proj-name CyberPong --netlist-vh2 CyberPong_p.vh2 --arch p4_udb2x2 --arch-file C:\Program Files (x86)\Cypress\PSoC Creator\4.4\PSoC Creator\dev\arch/udbdsi_2x2_04.cydata --ip-file C:\Program Files (x86)\Cypress\PSoC Creator\4.4\PSoC Creator\dev\psoc4/3/256dma/ip_blocks.cydata --rrg-file C:\Program Files (x86)\Cypress\PSoC Creator\4.4\PSoC Creator\dev\psoc4/3/256dma/route_arch-rrg.cydata --irq-file C:\Program Files (x86)\Cypress\PSoC Creator\4.4\PSoC Creator\dev\psoc4/3/256dma/irqconn.cydata --drq-file C:\Program Files (x86)\Cypress\PSoC Creator\4.4\PSoC Creator\dev\psoc4/3/256dma/triggerconn.cydata --dsi-conn-file C:\Program Files (x86)\Cypress\PSoC Creator\4.4\PSoC Creator\dev\psoc4/3/256dma/dsiconn.cydata --pins-file pins_56-QFN.xml --lib-file CyberPong_p.lib --sdc-file CyberPong.sdc --io-pcf CyberPong.pci --outdir .

		Softjin Techologies Placer, Version 1.1

Build Date : Sep  9 2019	11:45:12

D2004: Option and Settings Summary
=============================================================
Netlist vh2 file          - CyberPong_p.vh2
Architecture file         - C:\Program Files (x86)\Cypress\PSoC Creator\4.4\PSoC Creator\dev\arch/udbdsi_2x2_04.cydata
Package                   - 
Defparam file             - 
SDC file                  - CyberPong.sdc
Output directory          - .
Timing library            - CyberPong_p.lib
IO Placement file         - CyberPong.pci

D2050: Starting reading inputs for placer
=============================================================
D2065: Reading netlist file : "CyberPong_p.vh2"
D2065: Reading arch file : "C:\Program Files (x86)\Cypress\PSoC Creator\4.4\PSoC Creator\dev\arch/udbdsi_2x2_04.cydata"
D2051: Reading of inputs for placer completed successfully

D2053: Starting placement of the design
=============================================================

Phase 2
Phase 3

Design Statistics after Packing
    Number of Combinational MCs 	:	2
    Number of Sequential MCs    	:	20
    Number of DPs               	:	4
    Number of Controls          	:	2
    Number of Status            	:	1
    Number of SyncCells         	:	0
    Number of count7cells       	:	0

Device Utilization Summary after Packing
    Macrocells                  :	22/32
    UDBS                        :	4/4
    IOs                         :	5/38


D2088: Phase 3, elapsed time : 0.0 (sec)

Phase 4
D2088: Phase 4, elapsed time : 0.0 (sec)

Phase 6

######################################################################
Placement Timing Summary

The timing summary is based on estimated routing delays after
placement. For final timing report, please carry out the timing
analysis after routing.
======================================================================

######################################################################
                     Clock Summary 
======================================================================
Number of clocks: 16
Clock: Clock_4              | Frequency: N/A       | Target:   2.0 MHz
Clock: Clock_4(FFB)         | Frequency: N/A       | Target:   2.0 MHz
Clock: CyECO                | Frequency: N/A       | Target:  24.0 MHz
Clock: CyHFClk              | Frequency:  66.7 MHz | Target:  48.0 MHz
Clock: CyILO                | Frequency: N/A       | Target:   0.0 MHz
Clock: CyIMO                | Frequency: N/A       | Target:  48.0 MHz
Clock: CyLFClk              | Frequency: N/A       | Target:   0.0 MHz
Clock: CyRouted1            | Frequency: N/A       | Target:  48.0 MHz
Clock: CySysClk             | Frequency: N/A       | Target:  48.0 MHz
Clock: CyWCO                | Frequency: N/A       | Target:   0.0 MHz
Clock: FanController_PWM_CLOCK_25k_10b_1 | Frequency:  66.7 MHz | Target:  24.0 MHz
Clock: FanController_PWM_CLOCK_25k_10b_1(FFB) | Frequency: N/A       | Target:  24.0 MHz
Clock: FanController_TACH_CLK_500K | Frequency:  35.5 MHz | Target:   0.5 MHz
Clock: Pin_Input(0)_PAD     | Frequency: 107.8 MHz | Target:   0.1 MHz
Clock: UART_SCBCLK          | Frequency: N/A       | Target:   1.4 MHz
Clock: UART_SCBCLK(FFB)     | Frequency: N/A       | Target:   1.4 MHz

======================================================================
                     End of Clock Summary
######################################################################

D2088: Phase 6, elapsed time : 0.0 (sec)

Phase 7
######################################################################
                     Clock Summary 
======================================================================
Number of clocks: 16
Clock: Clock_4              | Frequency: N/A       | Target:   2.0 MHz
Clock: Clock_4(FFB)         | Frequency: N/A       | Target:   2.0 MHz
Clock: CyECO                | Frequency: N/A       | Target:  24.0 MHz
Clock: CyHFClk              | Frequency:   3.7 MHz | Target:  48.0 MHz
Clock: CyILO                | Frequency: N/A       | Target:   0.0 MHz
Clock: CyIMO                | Frequency: N/A       | Target:  48.0 MHz
Clock: CyLFClk              | Frequency: N/A       | Target:   0.0 MHz
Clock: CyRouted1            | Frequency: N/A       | Target:  48.0 MHz
Clock: CySysClk             | Frequency: N/A       | Target:  48.0 MHz
Clock: CyWCO                | Frequency: N/A       | Target:   0.0 MHz
Clock: FanController_PWM_CLOCK_25k_10b_1 | Frequency:  66.7 MHz | Target:  24.0 MHz
Clock: FanController_PWM_CLOCK_25k_10b_1(FFB) | Frequency: N/A       | Target:  24.0 MHz
Clock: FanController_TACH_CLK_500K | Frequency:   3.7 MHz | Target:   0.5 MHz
Clock: Pin_Input(0)_PAD     | Frequency: 107.8 MHz | Target:   0.1 MHz
Clock: UART_SCBCLK          | Frequency: N/A       | Target:   1.4 MHz
Clock: UART_SCBCLK(FFB)     | Frequency: N/A       | Target:   1.4 MHz

======================================================================
                     End of Clock Summary
######################################################################
D2088: Phase 7, elapsed time : 0.2 (sec)

Final Design Statistics
    Number of Combinational MCs 	:	2
    Number of Sequential MCs    	:	20
    Number of DPs               	:	4
    Number of Controls          	:	2
    Number of Status            	:	1
    Number of SyncCells         	:	0
    Number of count7cells       	:	0
    Number of IOs       	:	5

Device Utilization Summary
    Macrocells                  :	22/32
    IOs                         :	5/38



######################################################################
Placement Timing Summary

The timing summary is based on estimated routing delays after
placement. For final timing report, please carry out the timing
analysis after routing.
======================================================================


######################################################################
                     Clock Summary 
======================================================================
Number of clocks: 16
Clock: Clock_4              | Frequency: N/A       | Target:   2.0 MHz
Clock: Clock_4(FFB)         | Frequency: N/A       | Target:   2.0 MHz
Clock: CyECO                | Frequency: N/A       | Target:  24.0 MHz
Clock: CyHFClk              | Frequency:   3.7 MHz | Target:  48.0 MHz
Clock: CyILO                | Frequency: N/A       | Target:   0.0 MHz
Clock: CyIMO                | Frequency: N/A       | Target:  48.0 MHz
Clock: CyLFClk              | Frequency: N/A       | Target:   0.0 MHz
Clock: CyRouted1            | Frequency: N/A       | Target:  48.0 MHz
Clock: CySysClk             | Frequency: N/A       | Target:  48.0 MHz
Clock: CyWCO                | Frequency: N/A       | Target:   0.0 MHz
Clock: FanController_PWM_CLOCK_25k_10b_1 | Frequency:  66.7 MHz | Target:  24.0 MHz
Clock: FanController_PWM_CLOCK_25k_10b_1(FFB) | Frequency: N/A       | Target:  24.0 MHz
Clock: FanController_TACH_CLK_500K | Frequency:   3.7 MHz | Target:   0.5 MHz
Clock: Pin_Input(0)_PAD     | Frequency: 107.8 MHz | Target:   0.1 MHz
Clock: UART_SCBCLK          | Frequency: N/A       | Target:   1.4 MHz
Clock: UART_SCBCLK(FFB)     | Frequency: N/A       | Target:   1.4 MHz

======================================================================
                     End of Clock Summary
######################################################################

Phase 8
D2088: Phase 8, elapsed time : 0.0 (sec)

D2054: Placement of the design completed successfully

I2076: Total run-time: 0.4 sec.

