ARM GAS  C:\Users\Ade0n\AppData\Local\Temp\ccNTneKE.s 			page 1


   1              		.syntax unified
   2              		.cpu cortex-m0
   3              		.fpu softvfp
   4              		.eabi_attribute 20, 1
   5              		.eabi_attribute 21, 1
   6              		.eabi_attribute 23, 3
   7              		.eabi_attribute 24, 1
   8              		.eabi_attribute 25, 1
   9              		.eabi_attribute 26, 1
  10              		.eabi_attribute 30, 1
  11              		.eabi_attribute 34, 0
  12              		.eabi_attribute 18, 4
  13              		.thumb
  14              		.syntax unified
  15              		.file	"Counter_PM.c"
  16              		.text
  17              	.Ltext0:
  18              		.cfi_sections	.debug_frame
  19              		.section	.text.Counter_SaveConfig,"ax",%progbits
  20              		.align	2
  21              		.global	Counter_SaveConfig
  22              		.code	16
  23              		.thumb_func
  24              		.type	Counter_SaveConfig, %function
  25              	Counter_SaveConfig:
  26              	.LFB2:
  27              		.file 1 "Generated_Source\\PSoC4\\Counter_PM.c"
   1:Generated_Source\PSoC4/Counter_PM.c **** /*******************************************************************************
   2:Generated_Source\PSoC4/Counter_PM.c **** * File Name: Counter_PM.c  
   3:Generated_Source\PSoC4/Counter_PM.c **** * Version 3.0
   4:Generated_Source\PSoC4/Counter_PM.c **** *
   5:Generated_Source\PSoC4/Counter_PM.c **** *  Description:
   6:Generated_Source\PSoC4/Counter_PM.c **** *    This file provides the power management source code to API for the
   7:Generated_Source\PSoC4/Counter_PM.c **** *    Counter.  
   8:Generated_Source\PSoC4/Counter_PM.c **** *
   9:Generated_Source\PSoC4/Counter_PM.c **** *   Note:
  10:Generated_Source\PSoC4/Counter_PM.c **** *     None
  11:Generated_Source\PSoC4/Counter_PM.c **** *
  12:Generated_Source\PSoC4/Counter_PM.c **** ********************************************************************************
  13:Generated_Source\PSoC4/Counter_PM.c **** * Copyright 2008-2012, Cypress Semiconductor Corporation.  All rights reserved.
  14:Generated_Source\PSoC4/Counter_PM.c **** * You may use this file only in accordance with the license, terms, conditions, 
  15:Generated_Source\PSoC4/Counter_PM.c **** * disclaimers, and limitations in the end user license agreement accompanying 
  16:Generated_Source\PSoC4/Counter_PM.c **** * the software package with which this file was provided.
  17:Generated_Source\PSoC4/Counter_PM.c **** *******************************************************************************/
  18:Generated_Source\PSoC4/Counter_PM.c **** 
  19:Generated_Source\PSoC4/Counter_PM.c **** #include "Counter.h"
  20:Generated_Source\PSoC4/Counter_PM.c **** 
  21:Generated_Source\PSoC4/Counter_PM.c **** static Counter_backupStruct Counter_backup;
  22:Generated_Source\PSoC4/Counter_PM.c **** 
  23:Generated_Source\PSoC4/Counter_PM.c **** 
  24:Generated_Source\PSoC4/Counter_PM.c **** /*******************************************************************************
  25:Generated_Source\PSoC4/Counter_PM.c **** * Function Name: Counter_SaveConfig
  26:Generated_Source\PSoC4/Counter_PM.c **** ********************************************************************************
  27:Generated_Source\PSoC4/Counter_PM.c **** * Summary:
  28:Generated_Source\PSoC4/Counter_PM.c **** *     Save the current user configuration
  29:Generated_Source\PSoC4/Counter_PM.c **** *
  30:Generated_Source\PSoC4/Counter_PM.c **** * Parameters:  
ARM GAS  C:\Users\Ade0n\AppData\Local\Temp\ccNTneKE.s 			page 2


  31:Generated_Source\PSoC4/Counter_PM.c **** *  void
  32:Generated_Source\PSoC4/Counter_PM.c **** *
  33:Generated_Source\PSoC4/Counter_PM.c **** * Return: 
  34:Generated_Source\PSoC4/Counter_PM.c **** *  void
  35:Generated_Source\PSoC4/Counter_PM.c **** *
  36:Generated_Source\PSoC4/Counter_PM.c **** * Global variables:
  37:Generated_Source\PSoC4/Counter_PM.c **** *  Counter_backup:  Variables of this global structure are modified to 
  38:Generated_Source\PSoC4/Counter_PM.c **** *  store the values of non retention configuration registers when Sleep() API is 
  39:Generated_Source\PSoC4/Counter_PM.c **** *  called.
  40:Generated_Source\PSoC4/Counter_PM.c **** *
  41:Generated_Source\PSoC4/Counter_PM.c **** *******************************************************************************/
  42:Generated_Source\PSoC4/Counter_PM.c **** void Counter_SaveConfig(void) 
  43:Generated_Source\PSoC4/Counter_PM.c **** {
  28              		.loc 1 43 0
  29              		.cfi_startproc
  30              		@ args = 0, pretend = 0, frame = 0
  31              		@ frame_needed = 0, uses_anonymous_args = 0
  32 0000 10B5     		push	{r4, lr}
  33              		.cfi_def_cfa_offset 8
  34              		.cfi_offset 4, -8
  35              		.cfi_offset 14, -4
  44:Generated_Source\PSoC4/Counter_PM.c ****     #if (!Counter_UsingFixedFunction)
  45:Generated_Source\PSoC4/Counter_PM.c **** 
  46:Generated_Source\PSoC4/Counter_PM.c ****         Counter_backup.CounterUdb = Counter_ReadCounter();
  36              		.loc 1 46 0
  37 0002 FFF7FEFF 		bl	Counter_ReadCounter
  38              	.LVL0:
  39 0006 034C     		ldr	r4, .L2
  40 0008 6060     		str	r0, [r4, #4]
  47:Generated_Source\PSoC4/Counter_PM.c **** 
  48:Generated_Source\PSoC4/Counter_PM.c ****         #if(!Counter_ControlRegRemoved)
  49:Generated_Source\PSoC4/Counter_PM.c ****             Counter_backup.CounterControlRegister = Counter_ReadControlRegister();
  41              		.loc 1 49 0
  42 000a FFF7FEFF 		bl	Counter_ReadControlRegister
  43              	.LVL1:
  44 000e 2072     		strb	r0, [r4, #8]
  50:Generated_Source\PSoC4/Counter_PM.c ****         #endif /* (!Counter_ControlRegRemoved) */
  51:Generated_Source\PSoC4/Counter_PM.c **** 
  52:Generated_Source\PSoC4/Counter_PM.c ****     #endif /* (!Counter_UsingFixedFunction) */
  53:Generated_Source\PSoC4/Counter_PM.c **** }
  45              		.loc 1 53 0
  46              		@ sp needed
  47 0010 10BD     		pop	{r4, pc}
  48              	.L3:
  49 0012 C046     		.align	2
  50              	.L2:
  51 0014 00000000 		.word	.LANCHOR0
  52              		.cfi_endproc
  53              	.LFE2:
  54              		.size	Counter_SaveConfig, .-Counter_SaveConfig
  55              		.section	.text.Counter_RestoreConfig,"ax",%progbits
  56              		.align	2
  57              		.global	Counter_RestoreConfig
  58              		.code	16
  59              		.thumb_func
  60              		.type	Counter_RestoreConfig, %function
  61              	Counter_RestoreConfig:
ARM GAS  C:\Users\Ade0n\AppData\Local\Temp\ccNTneKE.s 			page 3


  62              	.LFB3:
  54:Generated_Source\PSoC4/Counter_PM.c **** 
  55:Generated_Source\PSoC4/Counter_PM.c **** 
  56:Generated_Source\PSoC4/Counter_PM.c **** /*******************************************************************************
  57:Generated_Source\PSoC4/Counter_PM.c **** * Function Name: Counter_RestoreConfig
  58:Generated_Source\PSoC4/Counter_PM.c **** ********************************************************************************
  59:Generated_Source\PSoC4/Counter_PM.c **** *
  60:Generated_Source\PSoC4/Counter_PM.c **** * Summary:
  61:Generated_Source\PSoC4/Counter_PM.c **** *  Restores the current user configuration.
  62:Generated_Source\PSoC4/Counter_PM.c **** *
  63:Generated_Source\PSoC4/Counter_PM.c **** * Parameters:  
  64:Generated_Source\PSoC4/Counter_PM.c **** *  void
  65:Generated_Source\PSoC4/Counter_PM.c **** *
  66:Generated_Source\PSoC4/Counter_PM.c **** * Return: 
  67:Generated_Source\PSoC4/Counter_PM.c **** *  void
  68:Generated_Source\PSoC4/Counter_PM.c **** *
  69:Generated_Source\PSoC4/Counter_PM.c **** * Global variables:
  70:Generated_Source\PSoC4/Counter_PM.c **** *  Counter_backup:  Variables of this global structure are used to 
  71:Generated_Source\PSoC4/Counter_PM.c **** *  restore the values of non retention registers on wakeup from sleep mode.
  72:Generated_Source\PSoC4/Counter_PM.c **** *
  73:Generated_Source\PSoC4/Counter_PM.c **** *******************************************************************************/
  74:Generated_Source\PSoC4/Counter_PM.c **** void Counter_RestoreConfig(void) 
  75:Generated_Source\PSoC4/Counter_PM.c **** {      
  63              		.loc 1 75 0
  64              		.cfi_startproc
  65              		@ args = 0, pretend = 0, frame = 0
  66              		@ frame_needed = 0, uses_anonymous_args = 0
  67 0000 10B5     		push	{r4, lr}
  68              		.cfi_def_cfa_offset 8
  69              		.cfi_offset 4, -8
  70              		.cfi_offset 14, -4
  76:Generated_Source\PSoC4/Counter_PM.c ****     #if (!Counter_UsingFixedFunction)
  77:Generated_Source\PSoC4/Counter_PM.c **** 
  78:Generated_Source\PSoC4/Counter_PM.c ****        Counter_WriteCounter(Counter_backup.CounterUdb);
  71              		.loc 1 78 0
  72 0002 044C     		ldr	r4, .L5
  73 0004 6068     		ldr	r0, [r4, #4]
  74 0006 FFF7FEFF 		bl	Counter_WriteCounter
  75              	.LVL2:
  79:Generated_Source\PSoC4/Counter_PM.c **** 
  80:Generated_Source\PSoC4/Counter_PM.c ****         #if(!Counter_ControlRegRemoved)
  81:Generated_Source\PSoC4/Counter_PM.c ****             Counter_WriteControlRegister(Counter_backup.CounterControlRegister);
  76              		.loc 1 81 0
  77 000a 207A     		ldrb	r0, [r4, #8]
  78 000c FFF7FEFF 		bl	Counter_WriteControlRegister
  79              	.LVL3:
  82:Generated_Source\PSoC4/Counter_PM.c ****         #endif /* (!Counter_ControlRegRemoved) */
  83:Generated_Source\PSoC4/Counter_PM.c **** 
  84:Generated_Source\PSoC4/Counter_PM.c ****     #endif /* (!Counter_UsingFixedFunction) */
  85:Generated_Source\PSoC4/Counter_PM.c **** }
  80              		.loc 1 85 0
  81              		@ sp needed
  82 0010 10BD     		pop	{r4, pc}
  83              	.L6:
  84 0012 C046     		.align	2
  85              	.L5:
  86 0014 00000000 		.word	.LANCHOR0
ARM GAS  C:\Users\Ade0n\AppData\Local\Temp\ccNTneKE.s 			page 4


  87              		.cfi_endproc
  88              	.LFE3:
  89              		.size	Counter_RestoreConfig, .-Counter_RestoreConfig
  90              		.section	.text.Counter_Sleep,"ax",%progbits
  91              		.align	2
  92              		.global	Counter_Sleep
  93              		.code	16
  94              		.thumb_func
  95              		.type	Counter_Sleep, %function
  96              	Counter_Sleep:
  97              	.LFB4:
  86:Generated_Source\PSoC4/Counter_PM.c **** 
  87:Generated_Source\PSoC4/Counter_PM.c **** 
  88:Generated_Source\PSoC4/Counter_PM.c **** /*******************************************************************************
  89:Generated_Source\PSoC4/Counter_PM.c **** * Function Name: Counter_Sleep
  90:Generated_Source\PSoC4/Counter_PM.c **** ********************************************************************************
  91:Generated_Source\PSoC4/Counter_PM.c **** * Summary:
  92:Generated_Source\PSoC4/Counter_PM.c **** *     Stop and Save the user configuration
  93:Generated_Source\PSoC4/Counter_PM.c **** *
  94:Generated_Source\PSoC4/Counter_PM.c **** * Parameters:  
  95:Generated_Source\PSoC4/Counter_PM.c **** *  void
  96:Generated_Source\PSoC4/Counter_PM.c **** *
  97:Generated_Source\PSoC4/Counter_PM.c **** * Return: 
  98:Generated_Source\PSoC4/Counter_PM.c **** *  void
  99:Generated_Source\PSoC4/Counter_PM.c **** *
 100:Generated_Source\PSoC4/Counter_PM.c **** * Global variables:
 101:Generated_Source\PSoC4/Counter_PM.c **** *  Counter_backup.enableState:  Is modified depending on the enable 
 102:Generated_Source\PSoC4/Counter_PM.c **** *  state of the block before entering sleep mode.
 103:Generated_Source\PSoC4/Counter_PM.c **** *
 104:Generated_Source\PSoC4/Counter_PM.c **** *******************************************************************************/
 105:Generated_Source\PSoC4/Counter_PM.c **** void Counter_Sleep(void) 
 106:Generated_Source\PSoC4/Counter_PM.c **** {
  98              		.loc 1 106 0
  99              		.cfi_startproc
 100              		@ args = 0, pretend = 0, frame = 0
 101              		@ frame_needed = 0, uses_anonymous_args = 0
 102 0000 10B5     		push	{r4, lr}
 103              		.cfi_def_cfa_offset 8
 104              		.cfi_offset 4, -8
 105              		.cfi_offset 14, -4
 107:Generated_Source\PSoC4/Counter_PM.c ****     #if(!Counter_ControlRegRemoved)
 108:Generated_Source\PSoC4/Counter_PM.c ****         /* Save Counter's enable state */
 109:Generated_Source\PSoC4/Counter_PM.c ****         if(Counter_CTRL_ENABLE == (Counter_CONTROL & Counter_CTRL_ENABLE))
 106              		.loc 1 109 0
 107 0002 084B     		ldr	r3, .L10
 108 0004 1B78     		ldrb	r3, [r3]
 109 0006 5BB2     		sxtb	r3, r3
 110 0008 002B     		cmp	r3, #0
 111 000a 03DA     		bge	.L8
 110:Generated_Source\PSoC4/Counter_PM.c ****         {
 111:Generated_Source\PSoC4/Counter_PM.c ****             /* Counter is enabled */
 112:Generated_Source\PSoC4/Counter_PM.c ****             Counter_backup.CounterEnableState = 1u;
 112              		.loc 1 112 0
 113 000c 0122     		movs	r2, #1
 114 000e 064B     		ldr	r3, .L10+4
 115 0010 1A70     		strb	r2, [r3]
 116 0012 02E0     		b	.L9
ARM GAS  C:\Users\Ade0n\AppData\Local\Temp\ccNTneKE.s 			page 5


 117              	.L8:
 113:Generated_Source\PSoC4/Counter_PM.c ****         }
 114:Generated_Source\PSoC4/Counter_PM.c ****         else
 115:Generated_Source\PSoC4/Counter_PM.c ****         {
 116:Generated_Source\PSoC4/Counter_PM.c ****             /* Counter is disabled */
 117:Generated_Source\PSoC4/Counter_PM.c ****             Counter_backup.CounterEnableState = 0u;
 118              		.loc 1 117 0
 119 0014 0022     		movs	r2, #0
 120 0016 044B     		ldr	r3, .L10+4
 121 0018 1A70     		strb	r2, [r3]
 122              	.L9:
 118:Generated_Source\PSoC4/Counter_PM.c ****         }
 119:Generated_Source\PSoC4/Counter_PM.c ****     #else
 120:Generated_Source\PSoC4/Counter_PM.c ****         Counter_backup.CounterEnableState = 1u;
 121:Generated_Source\PSoC4/Counter_PM.c ****         if(Counter_backup.CounterEnableState != 0u)
 122:Generated_Source\PSoC4/Counter_PM.c ****         {
 123:Generated_Source\PSoC4/Counter_PM.c ****             Counter_backup.CounterEnableState = 0u;
 124:Generated_Source\PSoC4/Counter_PM.c ****         }
 125:Generated_Source\PSoC4/Counter_PM.c ****     #endif /* (!Counter_ControlRegRemoved) */
 126:Generated_Source\PSoC4/Counter_PM.c ****     
 127:Generated_Source\PSoC4/Counter_PM.c ****     Counter_Stop();
 123              		.loc 1 127 0
 124 001a FFF7FEFF 		bl	Counter_Stop
 125              	.LVL4:
 128:Generated_Source\PSoC4/Counter_PM.c ****     Counter_SaveConfig();
 126              		.loc 1 128 0
 127 001e FFF7FEFF 		bl	Counter_SaveConfig
 128              	.LVL5:
 129:Generated_Source\PSoC4/Counter_PM.c **** }
 129              		.loc 1 129 0
 130              		@ sp needed
 131 0022 10BD     		pop	{r4, pc}
 132              	.L11:
 133              		.align	2
 134              	.L10:
 135 0024 70000F40 		.word	1074724976
 136 0028 00000000 		.word	.LANCHOR0
 137              		.cfi_endproc
 138              	.LFE4:
 139              		.size	Counter_Sleep, .-Counter_Sleep
 140              		.section	.text.Counter_Wakeup,"ax",%progbits
 141              		.align	2
 142              		.global	Counter_Wakeup
 143              		.code	16
 144              		.thumb_func
 145              		.type	Counter_Wakeup, %function
 146              	Counter_Wakeup:
 147              	.LFB5:
 130:Generated_Source\PSoC4/Counter_PM.c **** 
 131:Generated_Source\PSoC4/Counter_PM.c **** 
 132:Generated_Source\PSoC4/Counter_PM.c **** /*******************************************************************************
 133:Generated_Source\PSoC4/Counter_PM.c **** * Function Name: Counter_Wakeup
 134:Generated_Source\PSoC4/Counter_PM.c **** ********************************************************************************
 135:Generated_Source\PSoC4/Counter_PM.c **** *
 136:Generated_Source\PSoC4/Counter_PM.c **** * Summary:
 137:Generated_Source\PSoC4/Counter_PM.c **** *  Restores and enables the user configuration
 138:Generated_Source\PSoC4/Counter_PM.c **** *  
ARM GAS  C:\Users\Ade0n\AppData\Local\Temp\ccNTneKE.s 			page 6


 139:Generated_Source\PSoC4/Counter_PM.c **** * Parameters:  
 140:Generated_Source\PSoC4/Counter_PM.c **** *  void
 141:Generated_Source\PSoC4/Counter_PM.c **** *
 142:Generated_Source\PSoC4/Counter_PM.c **** * Return: 
 143:Generated_Source\PSoC4/Counter_PM.c **** *  void
 144:Generated_Source\PSoC4/Counter_PM.c **** *
 145:Generated_Source\PSoC4/Counter_PM.c **** * Global variables:
 146:Generated_Source\PSoC4/Counter_PM.c **** *  Counter_backup.enableState:  Is used to restore the enable state of 
 147:Generated_Source\PSoC4/Counter_PM.c **** *  block on wakeup from sleep mode.
 148:Generated_Source\PSoC4/Counter_PM.c **** *
 149:Generated_Source\PSoC4/Counter_PM.c **** *******************************************************************************/
 150:Generated_Source\PSoC4/Counter_PM.c **** void Counter_Wakeup(void) 
 151:Generated_Source\PSoC4/Counter_PM.c **** {
 148              		.loc 1 151 0
 149              		.cfi_startproc
 150              		@ args = 0, pretend = 0, frame = 0
 151              		@ frame_needed = 0, uses_anonymous_args = 0
 152 0000 10B5     		push	{r4, lr}
 153              		.cfi_def_cfa_offset 8
 154              		.cfi_offset 4, -8
 155              		.cfi_offset 14, -4
 152:Generated_Source\PSoC4/Counter_PM.c ****     Counter_RestoreConfig();
 156              		.loc 1 152 0
 157 0002 FFF7FEFF 		bl	Counter_RestoreConfig
 158              	.LVL6:
 153:Generated_Source\PSoC4/Counter_PM.c ****     #if(!Counter_ControlRegRemoved)
 154:Generated_Source\PSoC4/Counter_PM.c ****         if(Counter_backup.CounterEnableState == 1u)
 159              		.loc 1 154 0
 160 0006 034B     		ldr	r3, .L14
 161 0008 1B78     		ldrb	r3, [r3]
 162 000a 012B     		cmp	r3, #1
 163 000c 01D1     		bne	.L12
 155:Generated_Source\PSoC4/Counter_PM.c ****         {
 156:Generated_Source\PSoC4/Counter_PM.c ****             /* Enable Counter's operation */
 157:Generated_Source\PSoC4/Counter_PM.c ****             Counter_Enable();
 164              		.loc 1 157 0
 165 000e FFF7FEFF 		bl	Counter_Enable
 166              	.LVL7:
 167              	.L12:
 158:Generated_Source\PSoC4/Counter_PM.c ****         } /* Do nothing if Counter was disabled before */    
 159:Generated_Source\PSoC4/Counter_PM.c ****     #endif /* (!Counter_ControlRegRemoved) */
 160:Generated_Source\PSoC4/Counter_PM.c ****     
 161:Generated_Source\PSoC4/Counter_PM.c **** }
 168              		.loc 1 161 0
 169              		@ sp needed
 170 0012 10BD     		pop	{r4, pc}
 171              	.L15:
 172              		.align	2
 173              	.L14:
 174 0014 00000000 		.word	.LANCHOR0
 175              		.cfi_endproc
 176              	.LFE5:
 177              		.size	Counter_Wakeup, .-Counter_Wakeup
 178              		.bss
 179              		.align	2
 180              		.set	.LANCHOR0,. + 0
 181              		.type	Counter_backup, %object
ARM GAS  C:\Users\Ade0n\AppData\Local\Temp\ccNTneKE.s 			page 7


 182              		.size	Counter_backup, 12
 183              	Counter_backup:
 184 0000 00000000 		.space	12
 184      00000000 
 184      00000000 
 185              		.text
 186              	.Letext0:
 187              		.file 2 "Generated_Source\\PSoC4\\cytypes.h"
 188              		.file 3 "Generated_Source\\PSoC4\\Counter.h"
 189              		.section	.debug_info,"",%progbits
 190              	.Ldebug_info0:
 191 0000 DF010000 		.4byte	0x1df
 192 0004 0400     		.2byte	0x4
 193 0006 00000000 		.4byte	.Ldebug_abbrev0
 194 000a 04       		.byte	0x4
 195 000b 01       		.uleb128 0x1
 196 000c 9B010000 		.4byte	.LASF31
 197 0010 0C       		.byte	0xc
 198 0011 D2000000 		.4byte	.LASF32
 199 0015 32000000 		.4byte	.LASF33
 200 0019 00000000 		.4byte	.Ldebug_ranges0+0
 201 001d 00000000 		.4byte	0
 202 0021 00000000 		.4byte	.Ldebug_line0
 203 0025 02       		.uleb128 0x2
 204 0026 01       		.byte	0x1
 205 0027 06       		.byte	0x6
 206 0028 B4020000 		.4byte	.LASF0
 207 002c 02       		.uleb128 0x2
 208 002d 01       		.byte	0x1
 209 002e 08       		.byte	0x8
 210 002f C4000000 		.4byte	.LASF1
 211 0033 02       		.uleb128 0x2
 212 0034 02       		.byte	0x2
 213 0035 05       		.byte	0x5
 214 0036 73020000 		.4byte	.LASF2
 215 003a 02       		.uleb128 0x2
 216 003b 02       		.byte	0x2
 217 003c 07       		.byte	0x7
 218 003d 82000000 		.4byte	.LASF3
 219 0041 02       		.uleb128 0x2
 220 0042 04       		.byte	0x4
 221 0043 05       		.byte	0x5
 222 0044 90020000 		.4byte	.LASF4
 223 0048 02       		.uleb128 0x2
 224 0049 04       		.byte	0x4
 225 004a 07       		.byte	0x7
 226 004b F6000000 		.4byte	.LASF5
 227 004f 02       		.uleb128 0x2
 228 0050 08       		.byte	0x8
 229 0051 05       		.byte	0x5
 230 0052 4A020000 		.4byte	.LASF6
 231 0056 02       		.uleb128 0x2
 232 0057 08       		.byte	0x8
 233 0058 07       		.byte	0x7
 234 0059 84010000 		.4byte	.LASF7
 235 005d 03       		.uleb128 0x3
 236 005e 04       		.byte	0x4
ARM GAS  C:\Users\Ade0n\AppData\Local\Temp\ccNTneKE.s 			page 8


 237 005f 05       		.byte	0x5
 238 0060 696E7400 		.ascii	"int\000"
 239 0064 02       		.uleb128 0x2
 240 0065 04       		.byte	0x4
 241 0066 07       		.byte	0x7
 242 0067 77010000 		.4byte	.LASF8
 243 006b 04       		.uleb128 0x4
 244 006c 08010000 		.4byte	.LASF9
 245 0070 02       		.byte	0x2
 246 0071 FB01     		.2byte	0x1fb
 247 0073 2C000000 		.4byte	0x2c
 248 0077 04       		.uleb128 0x4
 249 0078 70010000 		.4byte	.LASF10
 250 007c 02       		.byte	0x2
 251 007d FD01     		.2byte	0x1fd
 252 007f 48000000 		.4byte	0x48
 253 0083 02       		.uleb128 0x2
 254 0084 04       		.byte	0x4
 255 0085 04       		.byte	0x4
 256 0086 BE000000 		.4byte	.LASF11
 257 008a 02       		.uleb128 0x2
 258 008b 08       		.byte	0x8
 259 008c 04       		.byte	0x4
 260 008d A0000000 		.4byte	.LASF12
 261 0091 02       		.uleb128 0x2
 262 0092 01       		.byte	0x1
 263 0093 08       		.byte	0x8
 264 0094 6E020000 		.4byte	.LASF13
 265 0098 04       		.uleb128 0x4
 266 0099 29020000 		.4byte	.LASF14
 267 009d 02       		.byte	0x2
 268 009e A502     		.2byte	0x2a5
 269 00a0 A4000000 		.4byte	0xa4
 270 00a4 05       		.uleb128 0x5
 271 00a5 6B000000 		.4byte	0x6b
 272 00a9 02       		.uleb128 0x2
 273 00aa 08       		.byte	0x8
 274 00ab 04       		.byte	0x4
 275 00ac 99020000 		.4byte	.LASF15
 276 00b0 02       		.uleb128 0x2
 277 00b1 04       		.byte	0x4
 278 00b2 07       		.byte	0x7
 279 00b3 2E020000 		.4byte	.LASF16
 280 00b7 06       		.uleb128 0x6
 281 00b8 0C       		.byte	0xc
 282 00b9 03       		.byte	0x3
 283 00ba 40       		.byte	0x40
 284 00bb E4000000 		.4byte	0xe4
 285 00bf 07       		.uleb128 0x7
 286 00c0 37020000 		.4byte	.LASF17
 287 00c4 03       		.byte	0x3
 288 00c5 42       		.byte	0x42
 289 00c6 6B000000 		.4byte	0x6b
 290 00ca 00       		.byte	0
 291 00cb 07       		.uleb128 0x7
 292 00cc 95000000 		.4byte	.LASF18
 293 00d0 03       		.byte	0x3
ARM GAS  C:\Users\Ade0n\AppData\Local\Temp\ccNTneKE.s 			page 9


 294 00d1 43       		.byte	0x43
 295 00d2 77000000 		.4byte	0x77
 296 00d6 04       		.byte	0x4
 297 00d7 07       		.uleb128 0x7
 298 00d8 A7000000 		.4byte	.LASF19
 299 00dc 03       		.byte	0x3
 300 00dd 46       		.byte	0x46
 301 00de 6B000000 		.4byte	0x6b
 302 00e2 08       		.byte	0x8
 303 00e3 00       		.byte	0
 304 00e4 08       		.uleb128 0x8
 305 00e5 5B010000 		.4byte	.LASF20
 306 00e9 03       		.byte	0x3
 307 00ea 49       		.byte	0x49
 308 00eb B7000000 		.4byte	0xb7
 309 00ef 09       		.uleb128 0x9
 310 00f0 7D020000 		.4byte	.LASF21
 311 00f4 01       		.byte	0x1
 312 00f5 2A       		.byte	0x2a
 313 00f6 00000000 		.4byte	.LFB2
 314 00fa 18000000 		.4byte	.LFE2-.LFB2
 315 00fe 01       		.uleb128 0x1
 316 00ff 9C       		.byte	0x9c
 317 0100 17010000 		.4byte	0x117
 318 0104 0A       		.uleb128 0xa
 319 0105 06000000 		.4byte	.LVL0
 320 0109 A0010000 		.4byte	0x1a0
 321 010d 0A       		.uleb128 0xa
 322 010e 0E000000 		.4byte	.LVL1
 323 0112 AB010000 		.4byte	0x1ab
 324 0116 00       		.byte	0
 325 0117 09       		.uleb128 0x9
 326 0118 58020000 		.4byte	.LASF22
 327 011c 01       		.byte	0x1
 328 011d 4A       		.byte	0x4a
 329 011e 00000000 		.4byte	.LFB3
 330 0122 18000000 		.4byte	.LFE3-.LFB3
 331 0126 01       		.uleb128 0x1
 332 0127 9C       		.byte	0x9c
 333 0128 3F010000 		.4byte	0x13f
 334 012c 0A       		.uleb128 0xa
 335 012d 0A000000 		.4byte	.LVL2
 336 0131 B6010000 		.4byte	0x1b6
 337 0135 0A       		.uleb128 0xa
 338 0136 10000000 		.4byte	.LVL3
 339 013a C1010000 		.4byte	0x1c1
 340 013e 00       		.byte	0
 341 013f 09       		.uleb128 0x9
 342 0140 24000000 		.4byte	.LASF23
 343 0144 01       		.byte	0x1
 344 0145 69       		.byte	0x69
 345 0146 00000000 		.4byte	.LFB4
 346 014a 2C000000 		.4byte	.LFE4-.LFB4
 347 014e 01       		.uleb128 0x1
 348 014f 9C       		.byte	0x9c
 349 0150 67010000 		.4byte	0x167
 350 0154 0A       		.uleb128 0xa
ARM GAS  C:\Users\Ade0n\AppData\Local\Temp\ccNTneKE.s 			page 10


 351 0155 1E000000 		.4byte	.LVL4
 352 0159 CC010000 		.4byte	0x1cc
 353 015d 0A       		.uleb128 0xa
 354 015e 22000000 		.4byte	.LVL5
 355 0162 EF000000 		.4byte	0xef
 356 0166 00       		.byte	0
 357 0167 09       		.uleb128 0x9
 358 0168 2F010000 		.4byte	.LASF24
 359 016c 01       		.byte	0x1
 360 016d 96       		.byte	0x96
 361 016e 00000000 		.4byte	.LFB5
 362 0172 18000000 		.4byte	.LFE5-.LFB5
 363 0176 01       		.uleb128 0x1
 364 0177 9C       		.byte	0x9c
 365 0178 8F010000 		.4byte	0x18f
 366 017c 0A       		.uleb128 0xa
 367 017d 06000000 		.4byte	.LVL6
 368 0181 17010000 		.4byte	0x117
 369 0185 0A       		.uleb128 0xa
 370 0186 12000000 		.4byte	.LVL7
 371 018a D7010000 		.4byte	0x1d7
 372 018e 00       		.byte	0
 373 018f 0B       		.uleb128 0xb
 374 0190 A5020000 		.4byte	.LASF34
 375 0194 01       		.byte	0x1
 376 0195 15       		.byte	0x15
 377 0196 E4000000 		.4byte	0xe4
 378 019a 05       		.uleb128 0x5
 379 019b 03       		.byte	0x3
 380 019c 00000000 		.4byte	Counter_backup
 381 01a0 0C       		.uleb128 0xc
 382 01a1 1B010000 		.4byte	.LASF25
 383 01a5 1B010000 		.4byte	.LASF25
 384 01a9 03       		.byte	0x3
 385 01aa 5D       		.byte	0x5d
 386 01ab 0C       		.uleb128 0xc
 387 01ac 66000000 		.4byte	.LASF26
 388 01b0 66000000 		.4byte	.LASF26
 389 01b4 03       		.byte	0x3
 390 01b5 55       		.byte	0x55
 391 01b6 0C       		.uleb128 0xc
 392 01b7 0F000000 		.4byte	.LASF27
 393 01bb 0F000000 		.4byte	.LASF27
 394 01bf 03       		.byte	0x3
 395 01c0 5A       		.byte	0x5a
 396 01c1 0C       		.uleb128 0xc
 397 01c2 3E010000 		.4byte	.LASF28
 398 01c6 3E010000 		.4byte	.LASF28
 399 01ca 03       		.byte	0x3
 400 01cb 56       		.byte	0x56
 401 01cc 0C       		.uleb128 0xc
 402 01cd 0E010000 		.4byte	.LASF29
 403 01d1 0E010000 		.4byte	.LASF29
 404 01d5 03       		.byte	0x3
 405 01d6 50       		.byte	0x50
 406 01d7 0C       		.uleb128 0xc
 407 01d8 00000000 		.4byte	.LASF30
ARM GAS  C:\Users\Ade0n\AppData\Local\Temp\ccNTneKE.s 			page 11


 408 01dc 00000000 		.4byte	.LASF30
 409 01e0 03       		.byte	0x3
 410 01e1 71       		.byte	0x71
 411 01e2 00       		.byte	0
 412              		.section	.debug_abbrev,"",%progbits
 413              	.Ldebug_abbrev0:
 414 0000 01       		.uleb128 0x1
 415 0001 11       		.uleb128 0x11
 416 0002 01       		.byte	0x1
 417 0003 25       		.uleb128 0x25
 418 0004 0E       		.uleb128 0xe
 419 0005 13       		.uleb128 0x13
 420 0006 0B       		.uleb128 0xb
 421 0007 03       		.uleb128 0x3
 422 0008 0E       		.uleb128 0xe
 423 0009 1B       		.uleb128 0x1b
 424 000a 0E       		.uleb128 0xe
 425 000b 55       		.uleb128 0x55
 426 000c 17       		.uleb128 0x17
 427 000d 11       		.uleb128 0x11
 428 000e 01       		.uleb128 0x1
 429 000f 10       		.uleb128 0x10
 430 0010 17       		.uleb128 0x17
 431 0011 00       		.byte	0
 432 0012 00       		.byte	0
 433 0013 02       		.uleb128 0x2
 434 0014 24       		.uleb128 0x24
 435 0015 00       		.byte	0
 436 0016 0B       		.uleb128 0xb
 437 0017 0B       		.uleb128 0xb
 438 0018 3E       		.uleb128 0x3e
 439 0019 0B       		.uleb128 0xb
 440 001a 03       		.uleb128 0x3
 441 001b 0E       		.uleb128 0xe
 442 001c 00       		.byte	0
 443 001d 00       		.byte	0
 444 001e 03       		.uleb128 0x3
 445 001f 24       		.uleb128 0x24
 446 0020 00       		.byte	0
 447 0021 0B       		.uleb128 0xb
 448 0022 0B       		.uleb128 0xb
 449 0023 3E       		.uleb128 0x3e
 450 0024 0B       		.uleb128 0xb
 451 0025 03       		.uleb128 0x3
 452 0026 08       		.uleb128 0x8
 453 0027 00       		.byte	0
 454 0028 00       		.byte	0
 455 0029 04       		.uleb128 0x4
 456 002a 16       		.uleb128 0x16
 457 002b 00       		.byte	0
 458 002c 03       		.uleb128 0x3
 459 002d 0E       		.uleb128 0xe
 460 002e 3A       		.uleb128 0x3a
 461 002f 0B       		.uleb128 0xb
 462 0030 3B       		.uleb128 0x3b
 463 0031 05       		.uleb128 0x5
 464 0032 49       		.uleb128 0x49
ARM GAS  C:\Users\Ade0n\AppData\Local\Temp\ccNTneKE.s 			page 12


 465 0033 13       		.uleb128 0x13
 466 0034 00       		.byte	0
 467 0035 00       		.byte	0
 468 0036 05       		.uleb128 0x5
 469 0037 35       		.uleb128 0x35
 470 0038 00       		.byte	0
 471 0039 49       		.uleb128 0x49
 472 003a 13       		.uleb128 0x13
 473 003b 00       		.byte	0
 474 003c 00       		.byte	0
 475 003d 06       		.uleb128 0x6
 476 003e 13       		.uleb128 0x13
 477 003f 01       		.byte	0x1
 478 0040 0B       		.uleb128 0xb
 479 0041 0B       		.uleb128 0xb
 480 0042 3A       		.uleb128 0x3a
 481 0043 0B       		.uleb128 0xb
 482 0044 3B       		.uleb128 0x3b
 483 0045 0B       		.uleb128 0xb
 484 0046 01       		.uleb128 0x1
 485 0047 13       		.uleb128 0x13
 486 0048 00       		.byte	0
 487 0049 00       		.byte	0
 488 004a 07       		.uleb128 0x7
 489 004b 0D       		.uleb128 0xd
 490 004c 00       		.byte	0
 491 004d 03       		.uleb128 0x3
 492 004e 0E       		.uleb128 0xe
 493 004f 3A       		.uleb128 0x3a
 494 0050 0B       		.uleb128 0xb
 495 0051 3B       		.uleb128 0x3b
 496 0052 0B       		.uleb128 0xb
 497 0053 49       		.uleb128 0x49
 498 0054 13       		.uleb128 0x13
 499 0055 38       		.uleb128 0x38
 500 0056 0B       		.uleb128 0xb
 501 0057 00       		.byte	0
 502 0058 00       		.byte	0
 503 0059 08       		.uleb128 0x8
 504 005a 16       		.uleb128 0x16
 505 005b 00       		.byte	0
 506 005c 03       		.uleb128 0x3
 507 005d 0E       		.uleb128 0xe
 508 005e 3A       		.uleb128 0x3a
 509 005f 0B       		.uleb128 0xb
 510 0060 3B       		.uleb128 0x3b
 511 0061 0B       		.uleb128 0xb
 512 0062 49       		.uleb128 0x49
 513 0063 13       		.uleb128 0x13
 514 0064 00       		.byte	0
 515 0065 00       		.byte	0
 516 0066 09       		.uleb128 0x9
 517 0067 2E       		.uleb128 0x2e
 518 0068 01       		.byte	0x1
 519 0069 3F       		.uleb128 0x3f
 520 006a 19       		.uleb128 0x19
 521 006b 03       		.uleb128 0x3
ARM GAS  C:\Users\Ade0n\AppData\Local\Temp\ccNTneKE.s 			page 13


 522 006c 0E       		.uleb128 0xe
 523 006d 3A       		.uleb128 0x3a
 524 006e 0B       		.uleb128 0xb
 525 006f 3B       		.uleb128 0x3b
 526 0070 0B       		.uleb128 0xb
 527 0071 27       		.uleb128 0x27
 528 0072 19       		.uleb128 0x19
 529 0073 11       		.uleb128 0x11
 530 0074 01       		.uleb128 0x1
 531 0075 12       		.uleb128 0x12
 532 0076 06       		.uleb128 0x6
 533 0077 40       		.uleb128 0x40
 534 0078 18       		.uleb128 0x18
 535 0079 9742     		.uleb128 0x2117
 536 007b 19       		.uleb128 0x19
 537 007c 01       		.uleb128 0x1
 538 007d 13       		.uleb128 0x13
 539 007e 00       		.byte	0
 540 007f 00       		.byte	0
 541 0080 0A       		.uleb128 0xa
 542 0081 898201   		.uleb128 0x4109
 543 0084 00       		.byte	0
 544 0085 11       		.uleb128 0x11
 545 0086 01       		.uleb128 0x1
 546 0087 31       		.uleb128 0x31
 547 0088 13       		.uleb128 0x13
 548 0089 00       		.byte	0
 549 008a 00       		.byte	0
 550 008b 0B       		.uleb128 0xb
 551 008c 34       		.uleb128 0x34
 552 008d 00       		.byte	0
 553 008e 03       		.uleb128 0x3
 554 008f 0E       		.uleb128 0xe
 555 0090 3A       		.uleb128 0x3a
 556 0091 0B       		.uleb128 0xb
 557 0092 3B       		.uleb128 0x3b
 558 0093 0B       		.uleb128 0xb
 559 0094 49       		.uleb128 0x49
 560 0095 13       		.uleb128 0x13
 561 0096 02       		.uleb128 0x2
 562 0097 18       		.uleb128 0x18
 563 0098 00       		.byte	0
 564 0099 00       		.byte	0
 565 009a 0C       		.uleb128 0xc
 566 009b 2E       		.uleb128 0x2e
 567 009c 00       		.byte	0
 568 009d 3F       		.uleb128 0x3f
 569 009e 19       		.uleb128 0x19
 570 009f 3C       		.uleb128 0x3c
 571 00a0 19       		.uleb128 0x19
 572 00a1 6E       		.uleb128 0x6e
 573 00a2 0E       		.uleb128 0xe
 574 00a3 03       		.uleb128 0x3
 575 00a4 0E       		.uleb128 0xe
 576 00a5 3A       		.uleb128 0x3a
 577 00a6 0B       		.uleb128 0xb
 578 00a7 3B       		.uleb128 0x3b
ARM GAS  C:\Users\Ade0n\AppData\Local\Temp\ccNTneKE.s 			page 14


 579 00a8 0B       		.uleb128 0xb
 580 00a9 00       		.byte	0
 581 00aa 00       		.byte	0
 582 00ab 00       		.byte	0
 583              		.section	.debug_aranges,"",%progbits
 584 0000 34000000 		.4byte	0x34
 585 0004 0200     		.2byte	0x2
 586 0006 00000000 		.4byte	.Ldebug_info0
 587 000a 04       		.byte	0x4
 588 000b 00       		.byte	0
 589 000c 0000     		.2byte	0
 590 000e 0000     		.2byte	0
 591 0010 00000000 		.4byte	.LFB2
 592 0014 18000000 		.4byte	.LFE2-.LFB2
 593 0018 00000000 		.4byte	.LFB3
 594 001c 18000000 		.4byte	.LFE3-.LFB3
 595 0020 00000000 		.4byte	.LFB4
 596 0024 2C000000 		.4byte	.LFE4-.LFB4
 597 0028 00000000 		.4byte	.LFB5
 598 002c 18000000 		.4byte	.LFE5-.LFB5
 599 0030 00000000 		.4byte	0
 600 0034 00000000 		.4byte	0
 601              		.section	.debug_ranges,"",%progbits
 602              	.Ldebug_ranges0:
 603 0000 00000000 		.4byte	.LFB2
 604 0004 18000000 		.4byte	.LFE2
 605 0008 00000000 		.4byte	.LFB3
 606 000c 18000000 		.4byte	.LFE3
 607 0010 00000000 		.4byte	.LFB4
 608 0014 2C000000 		.4byte	.LFE4
 609 0018 00000000 		.4byte	.LFB5
 610 001c 18000000 		.4byte	.LFE5
 611 0020 00000000 		.4byte	0
 612 0024 00000000 		.4byte	0
 613              		.section	.debug_line,"",%progbits
 614              	.Ldebug_line0:
 615 0000 AB000000 		.section	.debug_str,"MS",%progbits,1
 615      02005400 
 615      00000201 
 615      FB0E0D00 
 615      01010101 
 616              	.LASF30:
 617 0000 436F756E 		.ascii	"Counter_Enable\000"
 617      7465725F 
 617      456E6162 
 617      6C6500
 618              	.LASF27:
 619 000f 436F756E 		.ascii	"Counter_WriteCounter\000"
 619      7465725F 
 619      57726974 
 619      65436F75 
 619      6E746572 
 620              	.LASF23:
 621 0024 436F756E 		.ascii	"Counter_Sleep\000"
 621      7465725F 
 621      536C6565 
 621      7000
ARM GAS  C:\Users\Ade0n\AppData\Local\Temp\ccNTneKE.s 			page 15


 622              	.LASF33:
 623 0032 433A5C55 		.ascii	"C:\\Users\\Ade0n\\Desktop\\PR\\CyberPong\\CyberPong"
 623      73657273 
 623      5C416465 
 623      306E5C44 
 623      65736B74 
 624 005f 2E637964 		.ascii	".cydsn\000"
 624      736E00
 625              	.LASF26:
 626 0066 436F756E 		.ascii	"Counter_ReadControlRegister\000"
 626      7465725F 
 626      52656164 
 626      436F6E74 
 626      726F6C52 
 627              	.LASF3:
 628 0082 73686F72 		.ascii	"short unsigned int\000"
 628      7420756E 
 628      7369676E 
 628      65642069 
 628      6E7400
 629              	.LASF18:
 630 0095 436F756E 		.ascii	"CounterUdb\000"
 630      74657255 
 630      646200
 631              	.LASF12:
 632 00a0 646F7562 		.ascii	"double\000"
 632      6C6500
 633              	.LASF19:
 634 00a7 436F756E 		.ascii	"CounterControlRegister\000"
 634      74657243 
 634      6F6E7472 
 634      6F6C5265 
 634      67697374 
 635              	.LASF11:
 636 00be 666C6F61 		.ascii	"float\000"
 636      7400
 637              	.LASF1:
 638 00c4 756E7369 		.ascii	"unsigned char\000"
 638      676E6564 
 638      20636861 
 638      7200
 639              	.LASF32:
 640 00d2 47656E65 		.ascii	"Generated_Source\\PSoC4\\Counter_PM.c\000"
 640      72617465 
 640      645F536F 
 640      75726365 
 640      5C50536F 
 641              	.LASF5:
 642 00f6 6C6F6E67 		.ascii	"long unsigned int\000"
 642      20756E73 
 642      69676E65 
 642      6420696E 
 642      7400
 643              	.LASF9:
 644 0108 75696E74 		.ascii	"uint8\000"
 644      3800
 645              	.LASF29:
ARM GAS  C:\Users\Ade0n\AppData\Local\Temp\ccNTneKE.s 			page 16


 646 010e 436F756E 		.ascii	"Counter_Stop\000"
 646      7465725F 
 646      53746F70 
 646      00
 647              	.LASF25:
 648 011b 436F756E 		.ascii	"Counter_ReadCounter\000"
 648      7465725F 
 648      52656164 
 648      436F756E 
 648      74657200 
 649              	.LASF24:
 650 012f 436F756E 		.ascii	"Counter_Wakeup\000"
 650      7465725F 
 650      57616B65 
 650      757000
 651              	.LASF28:
 652 013e 436F756E 		.ascii	"Counter_WriteControlRegister\000"
 652      7465725F 
 652      57726974 
 652      65436F6E 
 652      74726F6C 
 653              	.LASF20:
 654 015b 436F756E 		.ascii	"Counter_backupStruct\000"
 654      7465725F 
 654      6261636B 
 654      75705374 
 654      72756374 
 655              	.LASF10:
 656 0170 75696E74 		.ascii	"uint32\000"
 656      333200
 657              	.LASF8:
 658 0177 756E7369 		.ascii	"unsigned int\000"
 658      676E6564 
 658      20696E74 
 658      00
 659              	.LASF7:
 660 0184 6C6F6E67 		.ascii	"long long unsigned int\000"
 660      206C6F6E 
 660      6720756E 
 660      7369676E 
 660      65642069 
 661              	.LASF31:
 662 019b 474E5520 		.ascii	"GNU C11 5.4.1 20160609 (release) [ARM/embedded-5-br"
 662      43313120 
 662      352E342E 
 662      31203230 
 662      31363036 
 663 01ce 616E6368 		.ascii	"anch revision 237715] -mcpu=cortex-m0 -mthumb -g -O"
 663      20726576 
 663      6973696F 
 663      6E203233 
 663      37373135 
 664 0201 67202D66 		.ascii	"g -ffunction-sections -ffat-lto-objects\000"
 664      66756E63 
 664      74696F6E 
 664      2D736563 
 664      74696F6E 
ARM GAS  C:\Users\Ade0n\AppData\Local\Temp\ccNTneKE.s 			page 17


 665              	.LASF14:
 666 0229 72656738 		.ascii	"reg8\000"
 666      00
 667              	.LASF16:
 668 022e 73697A65 		.ascii	"sizetype\000"
 668      74797065 
 668      00
 669              	.LASF17:
 670 0237 436F756E 		.ascii	"CounterEnableState\000"
 670      74657245 
 670      6E61626C 
 670      65537461 
 670      746500
 671              	.LASF6:
 672 024a 6C6F6E67 		.ascii	"long long int\000"
 672      206C6F6E 
 672      6720696E 
 672      7400
 673              	.LASF22:
 674 0258 436F756E 		.ascii	"Counter_RestoreConfig\000"
 674      7465725F 
 674      52657374 
 674      6F726543 
 674      6F6E6669 
 675              	.LASF13:
 676 026e 63686172 		.ascii	"char\000"
 676      00
 677              	.LASF2:
 678 0273 73686F72 		.ascii	"short int\000"
 678      7420696E 
 678      7400
 679              	.LASF21:
 680 027d 436F756E 		.ascii	"Counter_SaveConfig\000"
 680      7465725F 
 680      53617665 
 680      436F6E66 
 680      696700
 681              	.LASF4:
 682 0290 6C6F6E67 		.ascii	"long int\000"
 682      20696E74 
 682      00
 683              	.LASF15:
 684 0299 6C6F6E67 		.ascii	"long double\000"
 684      20646F75 
 684      626C6500 
 685              	.LASF34:
 686 02a5 436F756E 		.ascii	"Counter_backup\000"
 686      7465725F 
 686      6261636B 
 686      757000
 687              	.LASF0:
 688 02b4 7369676E 		.ascii	"signed char\000"
 688      65642063 
 688      68617200 
 689              		.ident	"GCC: (GNU Tools for ARM Embedded Processors) 5.4.1 20160609 (release) [ARM/embedded-5-bran
