ARM GAS  C:\Users\Ade0n\AppData\Local\Temp\cc54iZT4.s 			page 1


   1              		.syntax unified
   2              		.cpu cortex-m0
   3              		.fpu softvfp
   4              		.eabi_attribute 20, 1
   5              		.eabi_attribute 21, 1
   6              		.eabi_attribute 23, 3
   7              		.eabi_attribute 24, 1
   8              		.eabi_attribute 25, 1
   9              		.eabi_attribute 26, 1
  10              		.eabi_attribute 30, 1
  11              		.eabi_attribute 34, 0
  12              		.eabi_attribute 18, 4
  13              		.thumb
  14              		.syntax unified
  15              		.file	"FanController_INT.c"
  16              		.text
  17              	.Ltext0:
  18              		.cfi_sections	.debug_frame
  19              		.section	.text.FanController_DATA_SEND_ISR,"ax",%progbits
  20              		.align	2
  21              		.global	FanController_DATA_SEND_ISR
  22              		.code	16
  23              		.thumb_func
  24              		.type	FanController_DATA_SEND_ISR, %function
  25              	FanController_DATA_SEND_ISR:
  26              	.LFB2:
  27              		.file 1 "Generated_Source\\PSoC4\\FanController_INT.c"
   1:Generated_Source\PSoC4/FanController_INT.c **** /*******************************************************************************
   2:Generated_Source\PSoC4/FanController_INT.c **** * File Name: FanController_INT.c
   3:Generated_Source\PSoC4/FanController_INT.c **** * Version 4.10
   4:Generated_Source\PSoC4/FanController_INT.c **** *
   5:Generated_Source\PSoC4/FanController_INT.c **** * Description:
   6:Generated_Source\PSoC4/FanController_INT.c **** *  This file contains the Interrupt Service Routines implementation for
   7:Generated_Source\PSoC4/FanController_INT.c **** *  Fan Controller component.
   8:Generated_Source\PSoC4/FanController_INT.c **** *
   9:Generated_Source\PSoC4/FanController_INT.c **** * Note:
  10:Generated_Source\PSoC4/FanController_INT.c **** *
  11:Generated_Source\PSoC4/FanController_INT.c **** *******************************************************************************
  12:Generated_Source\PSoC4/FanController_INT.c **** * Copyright 2008-2017, Cypress Semiconductor Corporation.  All rights reserved.
  13:Generated_Source\PSoC4/FanController_INT.c **** * You may use this file only in accordance with the license, terms, conditions,
  14:Generated_Source\PSoC4/FanController_INT.c **** * disclaimers, and limitations in the end user license agreement accompanying
  15:Generated_Source\PSoC4/FanController_INT.c **** * the software package with which this file was provided.
  16:Generated_Source\PSoC4/FanController_INT.c **** ********************************************************************************/
  17:Generated_Source\PSoC4/FanController_INT.c **** 
  18:Generated_Source\PSoC4/FanController_INT.c **** #include "CyLib.h"
  19:Generated_Source\PSoC4/FanController_INT.c **** #include "FanController.h"
  20:Generated_Source\PSoC4/FanController_INT.c **** #include "cyapicallbacks.h"
  21:Generated_Source\PSoC4/FanController_INT.c **** 
  22:Generated_Source\PSoC4/FanController_INT.c **** 
  23:Generated_Source\PSoC4/FanController_INT.c **** #if(FanController_IS_AUTO_FIRMWARE_MODE)
  24:Generated_Source\PSoC4/FanController_INT.c ****     volatile uint16 FanController_speedStatus = 0u;
  25:Generated_Source\PSoC4/FanController_INT.c **** #endif /* (FanController_IS_AUTO_FIRMWARE_MODE) */
  26:Generated_Source\PSoC4/FanController_INT.c **** 
  27:Generated_Source\PSoC4/FanController_INT.c **** 
  28:Generated_Source\PSoC4/FanController_INT.c **** #if(CY_PSOC4)
  29:Generated_Source\PSoC4/FanController_INT.c ****     /********************************************************************************
  30:Generated_Source\PSoC4/FanController_INT.c ****     *
ARM GAS  C:\Users\Ade0n\AppData\Local\Temp\cc54iZT4.s 			page 2


  31:Generated_Source\PSoC4/FanController_INT.c ****     * Summary:
  32:Generated_Source\PSoC4/FanController_INT.c ****     *  Interrupt Service Routine for transferring actual speed from tachometer.
  33:Generated_Source\PSoC4/FanController_INT.c ****     *
  34:Generated_Source\PSoC4/FanController_INT.c ****     * Parameters:
  35:Generated_Source\PSoC4/FanController_INT.c ****     *  None
  36:Generated_Source\PSoC4/FanController_INT.c ****     *
  37:Generated_Source\PSoC4/FanController_INT.c ****     * Return:
  38:Generated_Source\PSoC4/FanController_INT.c ****     *  None
  39:Generated_Source\PSoC4/FanController_INT.c ****     *
  40:Generated_Source\PSoC4/FanController_INT.c ****     * Reentrant:
  41:Generated_Source\PSoC4/FanController_INT.c ****     *  No
  42:Generated_Source\PSoC4/FanController_INT.c ****     *
  43:Generated_Source\PSoC4/FanController_INT.c ****     *******************************************************************************/
  44:Generated_Source\PSoC4/FanController_INT.c ****     CY_ISR(FanController_DATA_SEND_ISR)
  45:Generated_Source\PSoC4/FanController_INT.c ****     {
  28              		.loc 1 45 0
  29              		.cfi_startproc
  30              		@ args = 0, pretend = 0, frame = 0
  31              		@ frame_needed = 0, uses_anonymous_args = 0
  32              		@ link register save eliminated.
  46:Generated_Source\PSoC4/FanController_INT.c ****         uint8 fanNum;
  47:Generated_Source\PSoC4/FanController_INT.c ****         uint16 actSpeed;
  48:Generated_Source\PSoC4/FanController_INT.c **** 
  49:Generated_Source\PSoC4/FanController_INT.c ****         #ifdef FanController_DATA_SEND_ISR_ENTRY_CALLBACK
  50:Generated_Source\PSoC4/FanController_INT.c ****             FanController_DATA_SEND_ISR_EntryCallback();
  51:Generated_Source\PSoC4/FanController_INT.c ****         #endif /* FanController_DATA_SEND_ISR_ENTRY_CALLBACK */
  52:Generated_Source\PSoC4/FanController_INT.c **** 
  53:Generated_Source\PSoC4/FanController_INT.c ****         /* Get the number of active fan */
  54:Generated_Source\PSoC4/FanController_INT.c ****         fanNum = FanController_TACH_ADDR_CONTROL_REG & FanController_TACH_CNTL_NUM_FANS_MASK;
  33              		.loc 1 54 0
  34 0000 1E4B     		ldr	r3, .L7
  35 0002 1A78     		ldrb	r2, [r3]
  36 0004 0F23     		movs	r3, #15
  37 0006 1340     		ands	r3, r2
  38              	.LVL0:
  55:Generated_Source\PSoC4/FanController_INT.c ****         
  56:Generated_Source\PSoC4/FanController_INT.c ****         /* Get measured actual speed period for a specific fan */
  57:Generated_Source\PSoC4/FanController_INT.c ****         actSpeed = CY_GET_REG16(FanController_TACH_STORED_ACT_PERIOD_PTR);
  39              		.loc 1 57 0
  40 0008 1D4A     		ldr	r2, .L7+4
  41 000a 1288     		ldrh	r2, [r2]
  42 000c 92B2     		uxth	r2, r2
  43              	.LVL1:
  58:Generated_Source\PSoC4/FanController_INT.c ****         
  59:Generated_Source\PSoC4/FanController_INT.c ****         /* Put down the measured speed to the proper location in RAM */
  60:Generated_Source\PSoC4/FanController_INT.c ****         FanController_fanControl.actualPeriod[fanNum] = actSpeed;
  44              		.loc 1 60 0
  45 000e 5800     		lsls	r0, r3, #1
  46 0010 1C49     		ldr	r1, .L7+8
  47 0012 4252     		strh	r2, [r0, r1]
  61:Generated_Source\PSoC4/FanController_INT.c **** 
  62:Generated_Source\PSoC4/FanController_INT.c ****         /* Software stall detection */
  63:Generated_Source\PSoC4/FanController_INT.c ****         if(0u == actSpeed)
  48              		.loc 1 63 0
  49 0014 002A     		cmp	r2, #0
  50 0016 05D1     		bne	.L2
  64:Generated_Source\PSoC4/FanController_INT.c ****         {
ARM GAS  C:\Users\Ade0n\AppData\Local\Temp\cc54iZT4.s 			page 3


  65:Generated_Source\PSoC4/FanController_INT.c ****             FanController_stallStatus |= (uint16) ((((uint16) 1u) << fanNum));
  51              		.loc 1 65 0
  52 0018 0132     		adds	r2, r2, #1
  53              	.LVL2:
  54 001a 9A40     		lsls	r2, r2, r3
  55 001c 1A49     		ldr	r1, .L7+12
  56              	.LVL3:
  57 001e 0888     		ldrh	r0, [r1]
  58              	.LVL4:
  59 0020 0243     		orrs	r2, r0
  60 0022 0A80     		strh	r2, [r1]
  61              	.L2:
  66:Generated_Source\PSoC4/FanController_INT.c ****         }
  67:Generated_Source\PSoC4/FanController_INT.c **** 
  68:Generated_Source\PSoC4/FanController_INT.c ****         /* Calculate the new fan number value */
  69:Generated_Source\PSoC4/FanController_INT.c ****         fanNum = ((fanNum == 0u) ? ((uint8)(FanController_NUMBER_OF_FANS - 1u)) : (fanNum - 1u));
  62              		.loc 1 69 0
  63 0024 002B     		cmp	r3, #0
  64 0026 01D0     		beq	.L3
  65              		.loc 1 69 0 is_stmt 0 discriminator 1
  66 0028 013B     		subs	r3, r3, #1
  67              	.LVL5:
  68 002a DBB2     		uxtb	r3, r3
  69              	.LVL6:
  70              	.L3:
  70:Generated_Source\PSoC4/FanController_INT.c ****         
  71:Generated_Source\PSoC4/FanController_INT.c ****         /* Clear the previous fan number value in the control register */
  72:Generated_Source\PSoC4/FanController_INT.c ****         FanController_TACH_ADDR_CONTROL_REG &= ((uint8) ~FanController_TACH_CNTL_NUM_FANS_MASK);
  71              		.loc 1 72 0 is_stmt 1 discriminator 4
  72 002c 134A     		ldr	r2, .L7
  73 002e 1178     		ldrb	r1, [r2]
  74 0030 0F20     		movs	r0, #15
  75 0032 8143     		bics	r1, r0
  76 0034 1170     		strb	r1, [r2]
  73:Generated_Source\PSoC4/FanController_INT.c **** 
  74:Generated_Source\PSoC4/FanController_INT.c ****         /* Set new fan number value and End-Of-Measurement bit if required */
  75:Generated_Source\PSoC4/FanController_INT.c ****         FanController_TACH_ADDR_CONTROL_REG |= 
  77              		.loc 1 75 0 discriminator 4
  78 0036 1278     		ldrb	r2, [r2]
  79 0038 D1B2     		uxtb	r1, r2
  80 003a 002B     		cmp	r3, #0
  81 003c 01D1     		bne	.L6
  82              		.loc 1 75 0 is_stmt 0
  83 003e 8022     		movs	r2, #128
  84 0040 00E0     		b	.L4
  85              	.L6:
  86 0042 0022     		movs	r2, #0
  87              	.L4:
  88              		.loc 1 75 0 discriminator 4
  89 0044 1A43     		orrs	r2, r3
  90 0046 0A43     		orrs	r2, r1
  91 0048 D2B2     		uxtb	r2, r2
  92 004a 0C49     		ldr	r1, .L7
  93 004c 0A70     		strb	r2, [r1]
  76:Generated_Source\PSoC4/FanController_INT.c ****                 fanNum | ((fanNum == ((uint8)(FanController_NUMBER_OF_FANS - 1u))) ? FanController_
  77:Generated_Source\PSoC4/FanController_INT.c **** 
  78:Generated_Source\PSoC4/FanController_INT.c ****         /* In case if the last fan in the sequence was measured it is required
ARM GAS  C:\Users\Ade0n\AppData\Local\Temp\cc54iZT4.s 			page 4


  79:Generated_Source\PSoC4/FanController_INT.c ****         * to generate the "eoc" pulse from Global Control Register.
  80:Generated_Source\PSoC4/FanController_INT.c ****         */
  81:Generated_Source\PSoC4/FanController_INT.c ****         if(((uint8)(FanController_NUMBER_OF_FANS - 1u)) == fanNum)
  94              		.loc 1 81 0 is_stmt 1 discriminator 4
  95 004e 002B     		cmp	r3, #0
  96 0050 12D1     		bne	.L1
  82:Generated_Source\PSoC4/FanController_INT.c ****         {
  83:Generated_Source\PSoC4/FanController_INT.c ****             FanController_GLOBAL_CONTROL_REG |= FanController_SW_EOC;
  97              		.loc 1 83 0
  98 0052 0E4A     		ldr	r2, .L7+16
  99 0054 1178     		ldrb	r1, [r2]
 100 0056 0823     		movs	r3, #8
 101              	.LVL7:
 102 0058 0B43     		orrs	r3, r1
 103 005a DBB2     		uxtb	r3, r3
 104 005c 1370     		strb	r3, [r2]
  84:Generated_Source\PSoC4/FanController_INT.c ****             
  85:Generated_Source\PSoC4/FanController_INT.c ****             /* Also set stall bit in Global Control Register if any of the fans were stalled */
  86:Generated_Source\PSoC4/FanController_INT.c ****             if (0u != (FanController_stallStatus & FanController_alertMask))
 105              		.loc 1 86 0
 106 005e 0A4B     		ldr	r3, .L7+12
 107 0060 1B88     		ldrh	r3, [r3]
 108 0062 0B4A     		ldr	r2, .L7+20
 109 0064 1288     		ldrh	r2, [r2]
 110 0066 1A42     		tst	r2, r3
 111 0068 06D0     		beq	.L1
  87:Generated_Source\PSoC4/FanController_INT.c ****             {
  88:Generated_Source\PSoC4/FanController_INT.c ****                 FanController_GLOBAL_CONTROL_REG |= FanController_SW_STALL;
 112              		.loc 1 88 0
 113 006a 084A     		ldr	r2, .L7+16
 114 006c 1178     		ldrb	r1, [r2]
 115 006e 8023     		movs	r3, #128
 116 0070 5B42     		rsbs	r3, r3, #0
 117 0072 0B43     		orrs	r3, r1
 118 0074 DBB2     		uxtb	r3, r3
 119 0076 1370     		strb	r3, [r2]
 120              	.L1:
  89:Generated_Source\PSoC4/FanController_INT.c ****             }
  90:Generated_Source\PSoC4/FanController_INT.c ****         }
  91:Generated_Source\PSoC4/FanController_INT.c ****         
  92:Generated_Source\PSoC4/FanController_INT.c ****         #ifdef FanController_DATA_SEND_ISR_EXIT_CALLBACK
  93:Generated_Source\PSoC4/FanController_INT.c ****             FanController_DATA_SEND_ISR_ExitCallback();
  94:Generated_Source\PSoC4/FanController_INT.c ****         #endif /* FanController_DATA_SEND_ISR_EXIT_CALLBACK */
  95:Generated_Source\PSoC4/FanController_INT.c ****     }
 121              		.loc 1 95 0
 122              		@ sp needed
 123 0078 7047     		bx	lr
 124              	.L8:
 125 007a C046     		.align	2
 126              	.L7:
 127 007c 70000F40 		.word	1074724976
 128 0080 84100F40 		.word	1074729092
 129 0084 00000000 		.word	FanController_fanControl
 130 0088 00000000 		.word	FanController_stallStatus
 131 008c 71000F40 		.word	1074724977
 132 0090 00000000 		.word	FanController_alertMask
 133              		.cfi_endproc
ARM GAS  C:\Users\Ade0n\AppData\Local\Temp\cc54iZT4.s 			page 5


 134              	.LFE2:
 135              		.size	FanController_DATA_SEND_ISR, .-FanController_DATA_SEND_ISR
 136              		.global	__aeabi_uidiv
 137              		.section	.text.FanController_PID_CONTROL_ISR,"ax",%progbits
 138              		.align	2
 139              		.global	FanController_PID_CONTROL_ISR
 140              		.code	16
 141              		.thumb_func
 142              		.type	FanController_PID_CONTROL_ISR, %function
 143              	FanController_PID_CONTROL_ISR:
 144              	.LFB3:
  96:Generated_Source\PSoC4/FanController_INT.c **** #endif /* (CY_PSOC4) */
  97:Generated_Source\PSoC4/FanController_INT.c **** 
  98:Generated_Source\PSoC4/FanController_INT.c **** 
  99:Generated_Source\PSoC4/FanController_INT.c **** #if(FanController_IS_AUTO_FIRMWARE_MODE)
 100:Generated_Source\PSoC4/FanController_INT.c ****     /*******************************************************************************
 101:Generated_Source\PSoC4/FanController_INT.c ****     *
 102:Generated_Source\PSoC4/FanController_INT.c ****     * Summary:
 103:Generated_Source\PSoC4/FanController_INT.c ****     *  Interrupt Service Routine for implementation of PID Firmware Controlling
 104:Generated_Source\PSoC4/FanController_INT.c ****     *  algorithm.
 105:Generated_Source\PSoC4/FanController_INT.c ****     *
 106:Generated_Source\PSoC4/FanController_INT.c ****     * Parameters:
 107:Generated_Source\PSoC4/FanController_INT.c ****     *  None
 108:Generated_Source\PSoC4/FanController_INT.c ****     *
 109:Generated_Source\PSoC4/FanController_INT.c ****     * Return:
 110:Generated_Source\PSoC4/FanController_INT.c ****     *  None
 111:Generated_Source\PSoC4/FanController_INT.c ****     *
 112:Generated_Source\PSoC4/FanController_INT.c ****     * Reentrant:
 113:Generated_Source\PSoC4/FanController_INT.c ****     *  No
 114:Generated_Source\PSoC4/FanController_INT.c ****     *
 115:Generated_Source\PSoC4/FanController_INT.c ****     * Theory:
 116:Generated_Source\PSoC4/FanController_INT.c ****     *  PID interrupt occurs in constant periods of time that is configured through
 117:Generated_Source\PSoC4/FanController_INT.c ****     *  the component customizer.
 118:Generated_Source\PSoC4/FanController_INT.c ****     *
 119:Generated_Source\PSoC4/FanController_INT.c ****     *******************************************************************************/
 120:Generated_Source\PSoC4/FanController_INT.c ****     CY_ISR(FanController_PID_CONTROL_ISR)
 121:Generated_Source\PSoC4/FanController_INT.c ****     {
 145              		.loc 1 121 0
 146              		.cfi_startproc
 147              		@ args = 0, pretend = 0, frame = 0
 148              		@ frame_needed = 0, uses_anonymous_args = 0
 149 0000 F0B5     		push	{r4, r5, r6, r7, lr}
 150              		.cfi_def_cfa_offset 20
 151              		.cfi_offset 4, -20
 152              		.cfi_offset 5, -16
 153              		.cfi_offset 6, -12
 154              		.cfi_offset 7, -8
 155              		.cfi_offset 14, -4
 156 0002 5746     		mov	r7, r10
 157 0004 4E46     		mov	r6, r9
 158 0006 4546     		mov	r5, r8
 159 0008 E0B4     		push	{r5, r6, r7}
 160              		.cfi_def_cfa_offset 32
 161              		.cfi_offset 8, -32
 162              		.cfi_offset 9, -28
 163              		.cfi_offset 10, -24
 164              	.LVL8:
ARM GAS  C:\Users\Ade0n\AppData\Local\Temp\cc54iZT4.s 			page 6


 122:Generated_Source\PSoC4/FanController_INT.c ****         uint8 i;
 123:Generated_Source\PSoC4/FanController_INT.c ****         int16 pidErrorZ0;
 124:Generated_Source\PSoC4/FanController_INT.c ****         uint32 newCompare;
 125:Generated_Source\PSoC4/FanController_INT.c ****         int16 periodError;
 126:Generated_Source\PSoC4/FanController_INT.c ****         uint32 currActSpeed;
 127:Generated_Source\PSoC4/FanController_INT.c ****         uint32 tmpCompare;
 128:Generated_Source\PSoC4/FanController_INT.c ****         uint16 mask;
 129:Generated_Source\PSoC4/FanController_INT.c **** 
 130:Generated_Source\PSoC4/FanController_INT.c ****         /***************************************
 131:Generated_Source\PSoC4/FanController_INT.c ****         *   PID Parameters
 132:Generated_Source\PSoC4/FanController_INT.c ****         ***************************************/
 133:Generated_Source\PSoC4/FanController_INT.c ****         /* The error history */
 134:Generated_Source\PSoC4/FanController_INT.c ****         static int16 FanController_pidErrorZ1[FanController_NUMBER_OF_FANS] = {0};
 135:Generated_Source\PSoC4/FanController_INT.c ****         static int16 FanController_pidErrorZ2[FanController_NUMBER_OF_FANS] = {0};
 136:Generated_Source\PSoC4/FanController_INT.c **** 
 137:Generated_Source\PSoC4/FanController_INT.c ****         /* The compensator integrator */
 138:Generated_Source\PSoC4/FanController_INT.c ****         static uint32 FanController_pidArea[FanController_NUMBER_OF_FANS] = {0u};
 139:Generated_Source\PSoC4/FanController_INT.c **** 
 140:Generated_Source\PSoC4/FanController_INT.c ****         /* Holds result of PID algorithm execution for currently active fan */
 141:Generated_Source\PSoC4/FanController_INT.c ****         static uint16 FanController_pidOut;
 142:Generated_Source\PSoC4/FanController_INT.c **** 
 143:Generated_Source\PSoC4/FanController_INT.c ****         /* Fans speed regulation counters */
 144:Generated_Source\PSoC4/FanController_INT.c ****         static uint8 FanController_spdErrCount[FanController_NUMBER_OF_FANS] = {0u};
 145:Generated_Source\PSoC4/FanController_INT.c **** 
 146:Generated_Source\PSoC4/FanController_INT.c ****         #ifdef FanController_PID_CONTROL_ISR_ENTRY_CALLBACK
 147:Generated_Source\PSoC4/FanController_INT.c ****             FanController_PID_CONTROL_ISR_EntryCallback();
 148:Generated_Source\PSoC4/FanController_INT.c ****         #endif /* FanController_PID_CONTROL_ISR_ENTRY_CALLBACK */
 149:Generated_Source\PSoC4/FanController_INT.c ****         
 150:Generated_Source\PSoC4/FanController_INT.c ****         for(i = 0u; i < FanController_NUMBER_OF_FANS; i++)
 165              		.loc 1 150 0
 166 000a 0024     		movs	r4, #0
 167 000c 8CE0     		b	.L10
 168              	.LVL9:
 169              	.L19:
 151:Generated_Source\PSoC4/FanController_INT.c ****         {
 152:Generated_Source\PSoC4/FanController_INT.c ****             /* Calculate the error in number of cycles of tachometer clock */
 153:Generated_Source\PSoC4/FanController_INT.c ****             #if(CY_PSOC3)
 154:Generated_Source\PSoC4/FanController_INT.c ****                 if(0u != (FanController_DMA_STATUS_REG & FanController_DMA1))
 155:Generated_Source\PSoC4/FanController_INT.c ****                 {
 156:Generated_Source\PSoC4/FanController_INT.c ****                     /* If DMA writes to actualPeriodDma1 (DMA1 state) then read actualPeriodDma2. *
 157:Generated_Source\PSoC4/FanController_INT.c ****                     currActSpeed =
 158:Generated_Source\PSoC4/FanController_INT.c ****                         (FanController_RPM_PERIOD_CONV_FACTOR / FanController_fanControl.actualPeri
 159:Generated_Source\PSoC4/FanController_INT.c ****                 }
 160:Generated_Source\PSoC4/FanController_INT.c ****                 else
 161:Generated_Source\PSoC4/FanController_INT.c ****                 {
 162:Generated_Source\PSoC4/FanController_INT.c ****                     /* If DMA writes to actualPeriodDma2 (DMA2 state) then read actualPeriodDma1. *
 163:Generated_Source\PSoC4/FanController_INT.c ****                     currActSpeed =
 164:Generated_Source\PSoC4/FanController_INT.c ****                         (FanController_RPM_PERIOD_CONV_FACTOR / FanController_fanControl.actualPeri
 165:Generated_Source\PSoC4/FanController_INT.c ****                 }
 166:Generated_Source\PSoC4/FanController_INT.c ****             #else
 167:Generated_Source\PSoC4/FanController_INT.c ****                currActSpeed =
 168:Generated_Source\PSoC4/FanController_INT.c ****                     (FanController_RPM_PERIOD_CONV_FACTOR / (uint32)FanController_fanControl.actual
 170              		.loc 1 168 0
 171 000e 2500     		movs	r5, r4
 172 0010 6600     		lsls	r6, r4, #1
 173 0012 4F4B     		ldr	r3, .L23
 174 0014 F15A     		ldrh	r1, [r6, r3]
ARM GAS  C:\Users\Ade0n\AppData\Local\Temp\cc54iZT4.s 			page 7


 167:Generated_Source\PSoC4/FanController_INT.c ****                     (FanController_RPM_PERIOD_CONV_FACTOR / (uint32)FanController_fanControl.actual
 175              		.loc 1 167 0
 176 0016 4F48     		ldr	r0, .L23+4
 177 0018 FFF7FEFF 		bl	__aeabi_uidiv
 178              	.LVL10:
 169:Generated_Source\PSoC4/FanController_INT.c ****             #endif /* (CY_PSOC3) */
 170:Generated_Source\PSoC4/FanController_INT.c **** 
 171:Generated_Source\PSoC4/FanController_INT.c ****             periodError = (int16) ((int32) FanController_desiredFansSpeed[i] - (int32) currActSpeed
 179              		.loc 1 171 0
 180 001c 4E4B     		ldr	r3, .L23+8
 181 001e F35A     		ldrh	r3, [r6, r3]
 182 0020 1B1A     		subs	r3, r3, r0
 183 0022 1BB2     		sxth	r3, r3
 184              	.LVL11:
 172:Generated_Source\PSoC4/FanController_INT.c **** 
 173:Generated_Source\PSoC4/FanController_INT.c ****             /* The error in RPM */
 174:Generated_Source\PSoC4/FanController_INT.c ****             pidErrorZ0 = periodError;
 175:Generated_Source\PSoC4/FanController_INT.c **** 
 176:Generated_Source\PSoC4/FanController_INT.c ****             /* Saturate... Limit the error within the design range of the compensator */
 177:Generated_Source\PSoC4/FanController_INT.c ****             if(FanController_PID_ERROR_SAT_L > pidErrorZ0)
 185              		.loc 1 177 0
 186 0024 4D4A     		ldr	r2, .L23+12
 187 0026 9342     		cmp	r3, r2
 188 0028 04DB     		blt	.L21
 178:Generated_Source\PSoC4/FanController_INT.c ****             {
 179:Generated_Source\PSoC4/FanController_INT.c ****                 pidErrorZ0 = FanController_PID_ERROR_SAT_L;
 180:Generated_Source\PSoC4/FanController_INT.c ****             }
 181:Generated_Source\PSoC4/FanController_INT.c ****             else if(FanController_PID_ERROR_SAT_H < pidErrorZ0)
 189              		.loc 1 181 0
 190 002a 8022     		movs	r2, #128
 191 002c 5201     		lsls	r2, r2, #5
 192 002e 9342     		cmp	r3, r2
 193 0030 02DC     		bgt	.L22
 194 0032 03E0     		b	.L11
 195              	.L21:
 179:Generated_Source\PSoC4/FanController_INT.c ****             }
 196              		.loc 1 179 0
 197 0034 494B     		ldr	r3, .L23+12
 198              	.LVL12:
 199 0036 01E0     		b	.L11
 200              	.LVL13:
 201              	.L22:
 182:Generated_Source\PSoC4/FanController_INT.c ****             {
 183:Generated_Source\PSoC4/FanController_INT.c ****                 pidErrorZ0 = FanController_PID_ERROR_SAT_H;
 202              		.loc 1 183 0
 203 0038 8023     		movs	r3, #128
 204              	.LVL14:
 205 003a 5B01     		lsls	r3, r3, #5
 206              	.L11:
 207              	.LVL15:
 184:Generated_Source\PSoC4/FanController_INT.c ****             }
 185:Generated_Source\PSoC4/FanController_INT.c ****             else
 186:Generated_Source\PSoC4/FanController_INT.c ****             {
 187:Generated_Source\PSoC4/FanController_INT.c ****                 /* Do nothing, the error is in range */
 188:Generated_Source\PSoC4/FanController_INT.c ****             }
 189:Generated_Source\PSoC4/FanController_INT.c **** 
 190:Generated_Source\PSoC4/FanController_INT.c ****             /* Process PID compensation */
ARM GAS  C:\Users\Ade0n\AppData\Local\Temp\cc54iZT4.s 			page 8


 191:Generated_Source\PSoC4/FanController_INT.c ****             FanController_pidArea[i] = (uint32) ((int32) FanController_pidArea[i] +
 208              		.loc 1 191 0
 209 003c 484A     		ldr	r2, .L23+16
 210 003e 9046     		mov	r8, r2
 211 0040 AA00     		lsls	r2, r5, #2
 212 0042 9446     		mov	ip, r2
 192:Generated_Source\PSoC4/FanController_INT.c ****                                             ((int32) pidErrorZ0 * (int32) FanController_pidA1[i]));
 213              		.loc 1 192 0
 214 0044 6F00     		lsls	r7, r5, #1
 215 0046 474A     		ldr	r2, .L23+20
 216 0048 B95E     		ldrsh	r1, [r7, r2]
 217 004a 5943     		muls	r1, r3
 191:Generated_Source\PSoC4/FanController_INT.c ****                                             ((int32) pidErrorZ0 * (int32) FanController_pidA1[i]));
 218              		.loc 1 191 0
 219 004c 4246     		mov	r2, r8
 220 004e 6646     		mov	r6, ip
 221              	.LVL16:
 222 0050 B258     		ldr	r2, [r6, r2]
 223 0052 9146     		mov	r9, r2
 224 0054 4944     		add	r1, r1, r9
 193:Generated_Source\PSoC4/FanController_INT.c ****             FanController_pidArea[i] = (uint32) ((int32) FanController_pidArea[i] +
 194:Generated_Source\PSoC4/FanController_INT.c ****                                             ((int32) FanController_pidErrorZ1[i] *
 225              		.loc 1 194 0
 226 0056 B946     		mov	r9, r7
 227 0058 C144     		add	r9, r9, r8
 228 005a 4A46     		mov	r2, r9
 229 005c 0426     		movs	r6, #4
 230 005e 925F     		ldrsh	r2, [r2, r6]
 231 0060 9246     		mov	r10, r2
 195:Generated_Source\PSoC4/FanController_INT.c ****                                             (int32) FanController_pidA2[i]));
 232              		.loc 1 195 0
 233 0062 414A     		ldr	r2, .L23+24
 234 0064 BA5E     		ldrsh	r2, [r7, r2]
 194:Generated_Source\PSoC4/FanController_INT.c ****                                             (int32) FanController_pidA2[i]));
 235              		.loc 1 194 0
 236 0066 5646     		mov	r6, r10
 237 0068 7243     		muls	r2, r6
 193:Generated_Source\PSoC4/FanController_INT.c ****             FanController_pidArea[i] = (uint32) ((int32) FanController_pidArea[i] +
 238              		.loc 1 193 0
 239 006a 8918     		adds	r1, r1, r2
 196:Generated_Source\PSoC4/FanController_INT.c ****             FanController_pidArea[i] = (uint32) ((int32) FanController_pidArea[i] +
 197:Generated_Source\PSoC4/FanController_INT.c ****                                             ((int32) FanController_pidErrorZ2[i] *
 240              		.loc 1 197 0
 241 006c 4A46     		mov	r2, r9
 242 006e 0826     		movs	r6, #8
 243 0070 925F     		ldrsh	r2, [r2, r6]
 198:Generated_Source\PSoC4/FanController_INT.c ****                                             (int32) FanController_pidA3[i]));
 244              		.loc 1 198 0
 245 0072 3E4E     		ldr	r6, .L23+28
 246 0074 BE5F     		ldrsh	r6, [r7, r6]
 197:Generated_Source\PSoC4/FanController_INT.c ****                                             (int32) FanController_pidA3[i]));
 247              		.loc 1 197 0
 248 0076 5643     		muls	r6, r2
 196:Generated_Source\PSoC4/FanController_INT.c ****             FanController_pidArea[i] = (uint32) ((int32) FanController_pidArea[i] +
 249              		.loc 1 196 0
 250 0078 8A19     		adds	r2, r1, r6
 251 007a 4146     		mov	r1, r8
ARM GAS  C:\Users\Ade0n\AppData\Local\Temp\cc54iZT4.s 			page 9


 252 007c 6646     		mov	r6, ip
 253 007e 7250     		str	r2, [r6, r1]
 199:Generated_Source\PSoC4/FanController_INT.c **** 
 200:Generated_Source\PSoC4/FanController_INT.c ****             /* Save error history */
 201:Generated_Source\PSoC4/FanController_INT.c ****             FanController_pidErrorZ2[i] = FanController_pidErrorZ1[i];
 254              		.loc 1 201 0
 255 0080 4946     		mov	r1, r9
 256 0082 5646     		mov	r6, r10
 257 0084 0E81     		strh	r6, [r1, #8]
 202:Generated_Source\PSoC4/FanController_INT.c ****             FanController_pidErrorZ1[i] = pidErrorZ0;
 258              		.loc 1 202 0
 259 0086 8B80     		strh	r3, [r1, #4]
 203:Generated_Source\PSoC4/FanController_INT.c **** 
 204:Generated_Source\PSoC4/FanController_INT.c ****             /* Saturate... Limit the error within the design range of the compensator */
 205:Generated_Source\PSoC4/FanController_INT.c ****             if(((int32) FanController_outputSatL[i]) > ((int32) FanController_pidArea[i]))
 260              		.loc 1 205 0
 261 0088 394B     		ldr	r3, .L23+32
 262              	.LVL17:
 263 008a 6146     		mov	r1, ip
 264              	.LVL18:
 265 008c CB58     		ldr	r3, [r1, r3]
 266 008e 9A42     		cmp	r2, r3
 267 0090 03DA     		bge	.L12
 206:Generated_Source\PSoC4/FanController_INT.c ****             {
 207:Generated_Source\PSoC4/FanController_INT.c ****                 FanController_pidArea[i] = FanController_outputSatL[i];
 268              		.loc 1 207 0
 269 0092 6246     		mov	r2, ip
 270 0094 4146     		mov	r1, r8
 271 0096 5350     		str	r3, [r2, r1]
 272 0098 07E0     		b	.L13
 273              	.L12:
 208:Generated_Source\PSoC4/FanController_INT.c ****             }
 209:Generated_Source\PSoC4/FanController_INT.c ****             else if(((int32) FanController_outputSatH[i]) < ((int32) FanController_pidArea[i]))
 274              		.loc 1 209 0
 275 009a AB00     		lsls	r3, r5, #2
 276 009c 3549     		ldr	r1, .L23+36
 277 009e 5B58     		ldr	r3, [r3, r1]
 278 00a0 9A42     		cmp	r2, r3
 279 00a2 02DD     		ble	.L13
 210:Generated_Source\PSoC4/FanController_INT.c ****             {
 211:Generated_Source\PSoC4/FanController_INT.c ****                 FanController_pidArea[i] = FanController_outputSatH[i];
 280              		.loc 1 211 0
 281 00a4 AA00     		lsls	r2, r5, #2
 282 00a6 2E49     		ldr	r1, .L23+16
 283 00a8 5350     		str	r3, [r2, r1]
 284              	.L13:
 212:Generated_Source\PSoC4/FanController_INT.c ****             }
 213:Generated_Source\PSoC4/FanController_INT.c ****             else
 214:Generated_Source\PSoC4/FanController_INT.c ****             {
 215:Generated_Source\PSoC4/FanController_INT.c ****                 /* Do nothing, the error is in range */
 216:Generated_Source\PSoC4/FanController_INT.c ****             }
 217:Generated_Source\PSoC4/FanController_INT.c **** 
 218:Generated_Source\PSoC4/FanController_INT.c ****             /* Get the algorithm result */
 219:Generated_Source\PSoC4/FanController_INT.c ****             FanController_pidOut = (uint16) (FanController_pidArea[i] >> FanController_PID_POST_GAI
 285              		.loc 1 219 0
 286 00aa AB00     		lsls	r3, r5, #2
 287 00ac 2C4A     		ldr	r2, .L23+16
ARM GAS  C:\Users\Ade0n\AppData\Local\Temp\cc54iZT4.s 			page 10


 288 00ae 9A58     		ldr	r2, [r3, r2]
 289 00b0 120D     		lsrs	r2, r2, #20
 220:Generated_Source\PSoC4/FanController_INT.c **** 
 221:Generated_Source\PSoC4/FanController_INT.c ****             #if (!CY_PSOC4)
 222:Generated_Source\PSoC4/FanController_INT.c ****                 /* Get compare from UDB PWMs */
 223:Generated_Source\PSoC4/FanController_INT.c ****                 #if(FanController_PWMRES == FanController_PWMRES_EIGHTBIT)
 224:Generated_Source\PSoC4/FanController_INT.c ****                     tmpCompare = CY_GET_REG8(FanController_fanDriverRegs[i].pwmSetDutyReg);
 225:Generated_Source\PSoC4/FanController_INT.c ****                 #else
 226:Generated_Source\PSoC4/FanController_INT.c ****                     tmpCompare = CY_GET_REG16(FanController_fanDriverRegs[i].pwmSetDutyReg);
 227:Generated_Source\PSoC4/FanController_INT.c ****                 #endif /* FanController_PWMRES == FanController_PWMRES_EIGHTBIT */
 228:Generated_Source\PSoC4/FanController_INT.c ****             #else
 229:Generated_Source\PSoC4/FanController_INT.c ****                 /* Get compare from TCPWMs */
 230:Generated_Source\PSoC4/FanController_INT.c ****                 tmpCompare = CY_GET_REG32(FanController_fanDriverRegs[i].pwmSetDutyReg);
 290              		.loc 1 230 0
 291 00b2 3149     		ldr	r1, .L23+40
 292 00b4 5958     		ldr	r1, [r3, r1]
 293 00b6 0B68     		ldr	r3, [r1]
 294              	.LVL19:
 231:Generated_Source\PSoC4/FanController_INT.c ****             #endif /* (!CY_PSOC4) */
 232:Generated_Source\PSoC4/FanController_INT.c **** 
 233:Generated_Source\PSoC4/FanController_INT.c ****             /* Assign new compare value for fas' PWM with PID out */
 234:Generated_Source\PSoC4/FanController_INT.c ****             newCompare = FanController_pidOut;
 235:Generated_Source\PSoC4/FanController_INT.c **** 
 236:Generated_Source\PSoC4/FanController_INT.c ****             if (0u == (FanController_GLOBAL_CONTROL_REG & FanController_OVERRIDE))
 295              		.loc 1 236 0
 296 00b8 304E     		ldr	r6, .L23+44
 297 00ba 3678     		ldrb	r6, [r6]
 298 00bc 7606     		lsls	r6, r6, #25
 299 00be 00D4     		bmi	.L14
 237:Generated_Source\PSoC4/FanController_INT.c ****             {
 238:Generated_Source\PSoC4/FanController_INT.c ****                 /* If override bit is cleared then set the newly tuned compare value */
 239:Generated_Source\PSoC4/FanController_INT.c ****                 #if (!CY_PSOC4)
 240:Generated_Source\PSoC4/FanController_INT.c ****                     #if(FanController_PWMRES == FanController_PWMRES_EIGHTBIT)
 241:Generated_Source\PSoC4/FanController_INT.c ****                         CY_SET_REG8(FanController_fanDriverRegs[i].pwmSetDutyReg, (uint8) newCompar
 242:Generated_Source\PSoC4/FanController_INT.c ****                     #else
 243:Generated_Source\PSoC4/FanController_INT.c ****                         CY_SET_REG16(FanController_fanDriverRegs[i].pwmSetDutyReg, (uint16) newComp
 244:Generated_Source\PSoC4/FanController_INT.c ****                     #endif /* FanController_PWMRES == FanController_PWMRES_EIGHTBIT */
 245:Generated_Source\PSoC4/FanController_INT.c ****                 #else
 246:Generated_Source\PSoC4/FanController_INT.c ****                     CY_SET_REG32(FanController_fanDriverRegs[i].pwmSetDutyReg, newCompare);
 300              		.loc 1 246 0
 301 00c0 0A60     		str	r2, [r1]
 302              	.LVL20:
 303              	.L14:
 247:Generated_Source\PSoC4/FanController_INT.c ****                 #endif /* (!CY_PSOC4) */
 248:Generated_Source\PSoC4/FanController_INT.c ****             }
 249:Generated_Source\PSoC4/FanController_INT.c **** 
 250:Generated_Source\PSoC4/FanController_INT.c ****             /*************************************
 251:Generated_Source\PSoC4/FanController_INT.c ****             * Speed regulation status
 252:Generated_Source\PSoC4/FanController_INT.c ****             **************************************/
 253:Generated_Source\PSoC4/FanController_INT.c ****             /* Analyze compare and result from PID */
 254:Generated_Source\PSoC4/FanController_INT.c ****             if ((FanController_PWM_PERIOD == tmpCompare) &&
 304              		.loc 1 254 0
 305 00c2 F022     		movs	r2, #240
 306              	.LVL21:
 307 00c4 9200     		lsls	r2, r2, #2
 308 00c6 9342     		cmp	r3, r2
 309 00c8 0AD1     		bne	.L15
ARM GAS  C:\Users\Ade0n\AppData\Local\Temp\cc54iZT4.s 			page 11


 255:Generated_Source\PSoC4/FanController_INT.c ****                 (currActSpeed < FanController_desiredFansSpeed[i]))
 310              		.loc 1 255 0 discriminator 1
 311 00ca 6A00     		lsls	r2, r5, #1
 312 00cc 2249     		ldr	r1, .L23+8
 313 00ce 525A     		ldrh	r2, [r2, r1]
 254:Generated_Source\PSoC4/FanController_INT.c ****                 (currActSpeed < FanController_desiredFansSpeed[i]))
 314              		.loc 1 254 0 discriminator 1
 315 00d0 9042     		cmp	r0, r2
 316 00d2 05D2     		bcs	.L15
 256:Generated_Source\PSoC4/FanController_INT.c ****             {
 257:Generated_Source\PSoC4/FanController_INT.c ****                 /* Increase speed failure counter */
 258:Generated_Source\PSoC4/FanController_INT.c ****                 FanController_spdErrCount[i]++;
 317              		.loc 1 258 0
 318 00d4 224B     		ldr	r3, .L23+16
 319              	.LVL22:
 320 00d6 5B19     		adds	r3, r3, r5
 321 00d8 1A7B     		ldrb	r2, [r3, #12]
 322 00da 0132     		adds	r2, r2, #1
 323 00dc 1A73     		strb	r2, [r3, #12]
 324 00de 14E0     		b	.L16
 325              	.LVL23:
 326              	.L15:
 259:Generated_Source\PSoC4/FanController_INT.c ****             }
 260:Generated_Source\PSoC4/FanController_INT.c ****             else if ((0u == tmpCompare) &&
 327              		.loc 1 260 0
 328 00e0 002B     		cmp	r3, #0
 329 00e2 0ED1     		bne	.L17
 261:Generated_Source\PSoC4/FanController_INT.c ****                 (currActSpeed > FanController_desiredFansSpeed[i]))
 330              		.loc 1 261 0 discriminator 1
 331 00e4 6B00     		lsls	r3, r5, #1
 332              	.LVL24:
 333 00e6 1C4A     		ldr	r2, .L23+8
 334 00e8 9B5A     		ldrh	r3, [r3, r2]
 260:Generated_Source\PSoC4/FanController_INT.c ****                 (currActSpeed > FanController_desiredFansSpeed[i]))
 335              		.loc 1 260 0 discriminator 1
 336 00ea 9842     		cmp	r0, r3
 337 00ec 09D9     		bls	.L17
 262:Generated_Source\PSoC4/FanController_INT.c ****             {
 263:Generated_Source\PSoC4/FanController_INT.c ****                 /* Avoid overflow */
 264:Generated_Source\PSoC4/FanController_INT.c ****                 if (FanController_spdErrCount[i] < FanController_MAX_SPEED_ERRORS)
 338              		.loc 1 264 0
 339 00ee 1C4B     		ldr	r3, .L23+16
 340 00f0 5B19     		adds	r3, r3, r5
 341 00f2 1B7B     		ldrb	r3, [r3, #12]
 342 00f4 FF2B     		cmp	r3, #255
 343 00f6 08D0     		beq	.L16
 265:Generated_Source\PSoC4/FanController_INT.c ****                 {
 266:Generated_Source\PSoC4/FanController_INT.c ****                     /* Increase speed failure counter */
 267:Generated_Source\PSoC4/FanController_INT.c ****                     FanController_spdErrCount[i]++;
 344              		.loc 1 267 0
 345 00f8 194A     		ldr	r2, .L23+16
 346 00fa 5219     		adds	r2, r2, r5
 347 00fc 0133     		adds	r3, r3, #1
 348 00fe 1373     		strb	r3, [r2, #12]
 349 0100 03E0     		b	.L16
 350              	.L17:
 268:Generated_Source\PSoC4/FanController_INT.c ****                 }
ARM GAS  C:\Users\Ade0n\AppData\Local\Temp\cc54iZT4.s 			page 12


 269:Generated_Source\PSoC4/FanController_INT.c ****             }
 270:Generated_Source\PSoC4/FanController_INT.c ****             else
 271:Generated_Source\PSoC4/FanController_INT.c ****             {
 272:Generated_Source\PSoC4/FanController_INT.c ****                 /* Clear speed failure counter */
 273:Generated_Source\PSoC4/FanController_INT.c ****                 FanController_spdErrCount[i] = 0u;
 351              		.loc 1 273 0
 352 0102 174B     		ldr	r3, .L23+16
 353 0104 5B19     		adds	r3, r3, r5
 354 0106 0022     		movs	r2, #0
 355 0108 1A73     		strb	r2, [r3, #12]
 356              	.L16:
 274:Generated_Source\PSoC4/FanController_INT.c ****             }
 275:Generated_Source\PSoC4/FanController_INT.c **** 
 276:Generated_Source\PSoC4/FanController_INT.c ****             if (FanController_SPEED_ERRORS_TRESHOLD < FanController_spdErrCount[i])
 357              		.loc 1 276 0
 358 010a 154B     		ldr	r3, .L23+16
 359 010c 5B19     		adds	r3, r3, r5
 360 010e 1B7B     		ldrb	r3, [r3, #12]
 361 0110 102B     		cmp	r3, #16
 362 0112 07D9     		bls	.L18
 277:Generated_Source\PSoC4/FanController_INT.c ****             {
 278:Generated_Source\PSoC4/FanController_INT.c ****                 /* The number of speed errors is above threshold so set the
 279:Generated_Source\PSoC4/FanController_INT.c ****                 * respective speed error bit in the software speed status but
 280:Generated_Source\PSoC4/FanController_INT.c ****                 * only if respective bit is set in the alert mask register.
 281:Generated_Source\PSoC4/FanController_INT.c ****                 */
 282:Generated_Source\PSoC4/FanController_INT.c ****                 mask = FanController_GetAlertMask();
 363              		.loc 1 282 0
 364 0114 FFF7FEFF 		bl	FanController_GetAlertMask
 365              	.LVL25:
 283:Generated_Source\PSoC4/FanController_INT.c **** 
 284:Generated_Source\PSoC4/FanController_INT.c ****                 FanController_speedStatus = (uint16) ((((uint16) 1u) << i)) & mask;
 366              		.loc 1 284 0
 367 0118 0123     		movs	r3, #1
 368 011a AB40     		lsls	r3, r3, r5
 369 011c 1840     		ands	r0, r3
 370              	.LVL26:
 371 011e 80B2     		uxth	r0, r0
 372 0120 0F4B     		ldr	r3, .L23+16
 373 0122 D881     		strh	r0, [r3, #14]
 374              	.L18:
 150:Generated_Source\PSoC4/FanController_INT.c ****         {
 375              		.loc 1 150 0 discriminator 2
 376 0124 0134     		adds	r4, r4, #1
 377              	.LVL27:
 378 0126 E4B2     		uxtb	r4, r4
 379              	.LVL28:
 380              	.L10:
 150:Generated_Source\PSoC4/FanController_INT.c ****         {
 381              		.loc 1 150 0 is_stmt 0 discriminator 1
 382 0128 002C     		cmp	r4, #0
 383 012a 00D1     		bne	.LCB351
 384 012c 6FE7     		b	.L19	@long jump
 385              	.LCB351:
 285:Generated_Source\PSoC4/FanController_INT.c ****             }
 286:Generated_Source\PSoC4/FanController_INT.c ****         }
 287:Generated_Source\PSoC4/FanController_INT.c **** 
 288:Generated_Source\PSoC4/FanController_INT.c ****         /* If software speed status register is not zero then simulate
ARM GAS  C:\Users\Ade0n\AppData\Local\Temp\cc54iZT4.s 			page 13


 289:Generated_Source\PSoC4/FanController_INT.c ****         * hardware failure event. This will generate a pulse that goes to
 290:Generated_Source\PSoC4/FanController_INT.c ****         * Alert Status register.
 291:Generated_Source\PSoC4/FanController_INT.c ****         */
 292:Generated_Source\PSoC4/FanController_INT.c ****         if (0u !=FanController_speedStatus)
 386              		.loc 1 292 0 is_stmt 1
 387 012e 0C4B     		ldr	r3, .L23+16
 388 0130 DB89     		ldrh	r3, [r3, #14]
 389 0132 9BB2     		uxth	r3, r3
 390 0134 002B     		cmp	r3, #0
 391 0136 05D0     		beq	.L9
 293:Generated_Source\PSoC4/FanController_INT.c ****         {
 294:Generated_Source\PSoC4/FanController_INT.c ****             FanController_GLOBAL_CONTROL_REG |= FanController_SW_SPEED_ERROR;
 392              		.loc 1 294 0
 393 0138 104A     		ldr	r2, .L23+44
 394 013a 1178     		ldrb	r1, [r2]
 395 013c 1023     		movs	r3, #16
 396 013e 0B43     		orrs	r3, r1
 397 0140 DBB2     		uxtb	r3, r3
 398 0142 1370     		strb	r3, [r2]
 399              	.L9:
 295:Generated_Source\PSoC4/FanController_INT.c ****         }
 296:Generated_Source\PSoC4/FanController_INT.c **** 
 297:Generated_Source\PSoC4/FanController_INT.c ****         #ifdef FanController_PID_CONTROL_ISR_EXIT_CALLBACK
 298:Generated_Source\PSoC4/FanController_INT.c ****             FanController_PID_CONTROL_ISR_ExitCallback();
 299:Generated_Source\PSoC4/FanController_INT.c ****         #endif /* FanController_PID_CONTROL_ISR_EXIT_CALLBACK */
 300:Generated_Source\PSoC4/FanController_INT.c ****     }
 400              		.loc 1 300 0
 401              		@ sp needed
 402              	.LVL29:
 403 0144 1CBC     		pop	{r2, r3, r4}
 404 0146 9046     		mov	r8, r2
 405 0148 9946     		mov	r9, r3
 406 014a A246     		mov	r10, r4
 407 014c F0BD     		pop	{r4, r5, r6, r7, pc}
 408              	.L24:
 409 014e C046     		.align	2
 410              	.L23:
 411 0150 00000000 		.word	FanController_fanControl
 412 0154 80C3C901 		.word	30000000
 413 0158 00000000 		.word	FanController_desiredFansSpeed
 414 015c 00F0FFFF 		.word	-4096
 415 0160 00000000 		.word	.LANCHOR0
 416 0164 00000000 		.word	FanController_pidA1
 417 0168 00000000 		.word	FanController_pidA2
 418 016c 00000000 		.word	FanController_pidA3
 419 0170 00000000 		.word	FanController_outputSatL
 420 0174 00000000 		.word	FanController_outputSatH
 421 0178 00000000 		.word	FanController_fanDriverRegs
 422 017c 71000F40 		.word	1074724977
 423              		.cfi_endproc
 424              	.LFE3:
 425              		.size	FanController_PID_CONTROL_ISR, .-FanController_PID_CONTROL_ISR
 426              		.global	FanController_speedStatus
 427              		.bss
 428              		.align	2
 429              		.set	.LANCHOR0,. + 0
 430              		.type	FanController_pidArea.4954, %object
ARM GAS  C:\Users\Ade0n\AppData\Local\Temp\cc54iZT4.s 			page 14


 431              		.size	FanController_pidArea.4954, 4
 432              	FanController_pidArea.4954:
 433 0000 00000000 		.space	4
 434              		.type	FanController_pidErrorZ1.4952, %object
 435              		.size	FanController_pidErrorZ1.4952, 2
 436              	FanController_pidErrorZ1.4952:
 437 0004 0000     		.space	2
 438 0006 0000     		.space	2
 439              		.type	FanController_pidErrorZ2.4953, %object
 440              		.size	FanController_pidErrorZ2.4953, 2
 441              	FanController_pidErrorZ2.4953:
 442 0008 0000     		.space	2
 443 000a 0000     		.space	2
 444              		.type	FanController_spdErrCount.4956, %object
 445              		.size	FanController_spdErrCount.4956, 1
 446              	FanController_spdErrCount.4956:
 447 000c 00       		.space	1
 448 000d 00       		.space	1
 449              		.type	FanController_speedStatus, %object
 450              		.size	FanController_speedStatus, 2
 451              	FanController_speedStatus:
 452 000e 0000     		.space	2
 453              		.text
 454              	.Letext0:
 455              		.file 2 "Generated_Source\\PSoC4\\cytypes.h"
 456              		.file 3 "Generated_Source\\PSoC4\\FanController.h"
 457              		.section	.debug_info,"",%progbits
 458              	.Ldebug_info0:
 459 0000 34030000 		.4byte	0x334
 460 0004 0400     		.2byte	0x4
 461 0006 00000000 		.4byte	.Ldebug_abbrev0
 462 000a 04       		.byte	0x4
 463 000b 01       		.uleb128 0x1
 464 000c AC020000 		.4byte	.LASF51
 465 0010 0C       		.byte	0xc
 466 0011 F5030000 		.4byte	.LASF52
 467 0015 18000000 		.4byte	.LASF53
 468 0019 00000000 		.4byte	.Ldebug_ranges0+0
 469 001d 00000000 		.4byte	0
 470 0021 00000000 		.4byte	.Ldebug_line0
 471 0025 02       		.uleb128 0x2
 472 0026 01       		.byte	0x1
 473 0027 06       		.byte	0x6
 474 0028 20040000 		.4byte	.LASF0
 475 002c 02       		.uleb128 0x2
 476 002d 01       		.byte	0x1
 477 002e 08       		.byte	0x8
 478 002f F1000000 		.4byte	.LASF1
 479 0033 02       		.uleb128 0x2
 480 0034 02       		.byte	0x2
 481 0035 05       		.byte	0x5
 482 0036 DD010000 		.4byte	.LASF2
 483 003a 02       		.uleb128 0x2
 484 003b 02       		.byte	0x2
 485 003c 07       		.byte	0x7
 486 003d 64000000 		.4byte	.LASF3
 487 0041 02       		.uleb128 0x2
ARM GAS  C:\Users\Ade0n\AppData\Local\Temp\cc54iZT4.s 			page 15


 488 0042 04       		.byte	0x4
 489 0043 05       		.byte	0x5
 490 0044 BA030000 		.4byte	.LASF4
 491 0048 02       		.uleb128 0x2
 492 0049 04       		.byte	0x4
 493 004a 07       		.byte	0x7
 494 004b 31010000 		.4byte	.LASF5
 495 004f 02       		.uleb128 0x2
 496 0050 08       		.byte	0x8
 497 0051 05       		.byte	0x5
 498 0052 7B030000 		.4byte	.LASF6
 499 0056 02       		.uleb128 0x2
 500 0057 08       		.byte	0x8
 501 0058 07       		.byte	0x7
 502 0059 5A020000 		.4byte	.LASF7
 503 005d 03       		.uleb128 0x3
 504 005e 04       		.byte	0x4
 505 005f 05       		.byte	0x5
 506 0060 696E7400 		.ascii	"int\000"
 507 0064 02       		.uleb128 0x2
 508 0065 04       		.byte	0x4
 509 0066 07       		.byte	0x7
 510 0067 31020000 		.4byte	.LASF8
 511 006b 04       		.uleb128 0x4
 512 006c B4030000 		.4byte	.LASF9
 513 0070 02       		.byte	0x2
 514 0071 FB01     		.2byte	0x1fb
 515 0073 2C000000 		.4byte	0x2c
 516 0077 04       		.uleb128 0x4
 517 0078 F4010000 		.4byte	.LASF10
 518 007c 02       		.byte	0x2
 519 007d FC01     		.2byte	0x1fc
 520 007f 3A000000 		.4byte	0x3a
 521 0083 04       		.uleb128 0x4
 522 0084 FB010000 		.4byte	.LASF11
 523 0088 02       		.byte	0x2
 524 0089 FD01     		.2byte	0x1fd
 525 008b 48000000 		.4byte	0x48
 526 008f 04       		.uleb128 0x4
 527 0090 2B010000 		.4byte	.LASF12
 528 0094 02       		.byte	0x2
 529 0095 FF01     		.2byte	0x1ff
 530 0097 33000000 		.4byte	0x33
 531 009b 04       		.uleb128 0x4
 532 009c 43010000 		.4byte	.LASF13
 533 00a0 02       		.byte	0x2
 534 00a1 0002     		.2byte	0x200
 535 00a3 41000000 		.4byte	0x41
 536 00a7 02       		.uleb128 0x2
 537 00a8 04       		.byte	0x4
 538 00a9 04       		.byte	0x4
 539 00aa D1000000 		.4byte	.LASF14
 540 00ae 02       		.uleb128 0x2
 541 00af 08       		.byte	0x8
 542 00b0 04       		.byte	0x4
 543 00b1 C0010000 		.4byte	.LASF15
 544 00b5 02       		.uleb128 0x2
ARM GAS  C:\Users\Ade0n\AppData\Local\Temp\cc54iZT4.s 			page 16


 545 00b6 01       		.byte	0x1
 546 00b7 08       		.byte	0x8
 547 00b8 BB010000 		.4byte	.LASF16
 548 00bc 04       		.uleb128 0x4
 549 00bd 13000000 		.4byte	.LASF17
 550 00c1 02       		.byte	0x2
 551 00c2 A502     		.2byte	0x2a5
 552 00c4 C8000000 		.4byte	0xc8
 553 00c8 05       		.uleb128 0x5
 554 00c9 6B000000 		.4byte	0x6b
 555 00cd 04       		.uleb128 0x4
 556 00ce 00000000 		.4byte	.LASF18
 557 00d2 02       		.byte	0x2
 558 00d3 A602     		.2byte	0x2a6
 559 00d5 D9000000 		.4byte	0xd9
 560 00d9 05       		.uleb128 0x5
 561 00da 77000000 		.4byte	0x77
 562 00de 04       		.uleb128 0x4
 563 00df 0D000000 		.4byte	.LASF19
 564 00e3 02       		.byte	0x2
 565 00e4 A702     		.2byte	0x2a7
 566 00e6 EA000000 		.4byte	0xea
 567 00ea 05       		.uleb128 0x5
 568 00eb 83000000 		.4byte	0x83
 569 00ef 02       		.uleb128 0x2
 570 00f0 08       		.byte	0x8
 571 00f1 04       		.byte	0x4
 572 00f2 E9030000 		.4byte	.LASF20
 573 00f6 02       		.uleb128 0x2
 574 00f7 04       		.byte	0x4
 575 00f8 07       		.byte	0x7
 576 00f9 59030000 		.4byte	.LASF21
 577 00fd 06       		.uleb128 0x6
 578 00fe 02       		.byte	0x2
 579 00ff 03       		.byte	0x3
 580 0100 DD       		.byte	0xdd
 581 0101 12010000 		.4byte	0x112
 582 0105 07       		.uleb128 0x7
 583 0106 DC030000 		.4byte	.LASF23
 584 010a 03       		.byte	0x3
 585 010b E8       		.byte	0xe8
 586 010c 12010000 		.4byte	0x112
 587 0110 00       		.byte	0
 588 0111 00       		.byte	0
 589 0112 08       		.uleb128 0x8
 590 0113 77000000 		.4byte	0x77
 591 0117 22010000 		.4byte	0x122
 592 011b 09       		.uleb128 0x9
 593 011c F6000000 		.4byte	0xf6
 594 0120 00       		.byte	0
 595 0121 00       		.byte	0
 596 0122 0A       		.uleb128 0xa
 597 0123 54010000 		.4byte	.LASF22
 598 0127 03       		.byte	0x3
 599 0128 EB       		.byte	0xeb
 600 0129 FD000000 		.4byte	0xfd
 601 012d 0B       		.uleb128 0xb
ARM GAS  C:\Users\Ade0n\AppData\Local\Temp\cc54iZT4.s 			page 17


 602 012e 04       		.byte	0x4
 603 012f 03       		.byte	0x3
 604 0130 2301     		.2byte	0x123
 605 0132 44010000 		.4byte	0x144
 606 0136 0C       		.uleb128 0xc
 607 0137 1D010000 		.4byte	.LASF24
 608 013b 03       		.byte	0x3
 609 013c 2501     		.2byte	0x125
 610 013e 83000000 		.4byte	0x83
 611 0142 00       		.byte	0
 612 0143 00       		.byte	0
 613 0144 04       		.uleb128 0x4
 614 0145 2C040000 		.4byte	.LASF25
 615 0149 03       		.byte	0x3
 616 014a 2601     		.2byte	0x126
 617 014c 2D010000 		.4byte	0x12d
 618 0150 0D       		.uleb128 0xd
 619 0151 3E020000 		.4byte	.LASF28
 620 0155 01       		.byte	0x1
 621 0156 2C       		.byte	0x2c
 622 0157 00000000 		.4byte	.LFB2
 623 015b 94000000 		.4byte	.LFE2-.LFB2
 624 015f 01       		.uleb128 0x1
 625 0160 9C       		.byte	0x9c
 626 0161 84010000 		.4byte	0x184
 627 0165 0E       		.uleb128 0xe
 628 0166 06000000 		.4byte	.LASF26
 629 016a 01       		.byte	0x1
 630 016b 2E       		.byte	0x2e
 631 016c 6B000000 		.4byte	0x6b
 632 0170 00000000 		.4byte	.LLST0
 633 0174 0E       		.uleb128 0xe
 634 0175 8A020000 		.4byte	.LASF27
 635 0179 01       		.byte	0x1
 636 017a 2F       		.byte	0x2f
 637 017b 77000000 		.4byte	0x77
 638 017f 2B000000 		.4byte	.LLST1
 639 0183 00       		.byte	0
 640 0184 0F       		.uleb128 0xf
 641 0185 FF000000 		.4byte	.LASF29
 642 0189 01       		.byte	0x1
 643 018a 78       		.byte	0x78
 644 018b 00000000 		.4byte	.LFB3
 645 018f 80010000 		.4byte	.LFE3-.LFB3
 646 0193 01       		.uleb128 0x1
 647 0194 9C       		.byte	0x9c
 648 0195 59020000 		.4byte	0x259
 649 0199 10       		.uleb128 0x10
 650 019a 6900     		.ascii	"i\000"
 651 019c 01       		.byte	0x1
 652 019d 7A       		.byte	0x7a
 653 019e 6B000000 		.4byte	0x6b
 654 01a2 4D000000 		.4byte	.LLST2
 655 01a6 0E       		.uleb128 0xe
 656 01a7 C6000000 		.4byte	.LASF30
 657 01ab 01       		.byte	0x1
 658 01ac 7B       		.byte	0x7b
ARM GAS  C:\Users\Ade0n\AppData\Local\Temp\cc54iZT4.s 			page 18


 659 01ad 8F000000 		.4byte	0x8f
 660 01b1 77000000 		.4byte	.LLST3
 661 01b5 0E       		.uleb128 0xe
 662 01b6 49010000 		.4byte	.LASF31
 663 01ba 01       		.byte	0x1
 664 01bb 7C       		.byte	0x7c
 665 01bc 83000000 		.4byte	0x83
 666 01c0 B8000000 		.4byte	.LLST4
 667 01c4 0E       		.uleb128 0xe
 668 01c5 AF010000 		.4byte	.LASF32
 669 01c9 01       		.byte	0x1
 670 01ca 7D       		.byte	0x7d
 671 01cb 8F000000 		.4byte	0x8f
 672 01cf CB000000 		.4byte	.LLST5
 673 01d3 0E       		.uleb128 0xe
 674 01d4 E7010000 		.4byte	.LASF33
 675 01d8 01       		.byte	0x1
 676 01d9 7E       		.byte	0x7e
 677 01da 83000000 		.4byte	0x83
 678 01de E9000000 		.4byte	.LLST6
 679 01e2 0E       		.uleb128 0xe
 680 01e3 A9030000 		.4byte	.LASF34
 681 01e7 01       		.byte	0x1
 682 01e8 7F       		.byte	0x7f
 683 01e9 83000000 		.4byte	0x83
 684 01ed FC000000 		.4byte	.LLST7
 685 01f1 0E       		.uleb128 0xe
 686 01f2 89030000 		.4byte	.LASF35
 687 01f6 01       		.byte	0x1
 688 01f7 80       		.byte	0x80
 689 01f8 77000000 		.4byte	0x77
 690 01fc 1A010000 		.4byte	.LLST8
 691 0200 11       		.uleb128 0x11
 692 0201 62030000 		.4byte	.LASF36
 693 0205 01       		.byte	0x1
 694 0206 86       		.byte	0x86
 695 0207 59020000 		.4byte	0x259
 696 020b 05       		.uleb128 0x5
 697 020c 03       		.byte	0x3
 698 020d 04000000 		.4byte	FanController_pidErrorZ1.4952
 699 0211 11       		.uleb128 0x11
 700 0212 C3030000 		.4byte	.LASF37
 701 0216 01       		.byte	0x1
 702 0217 87       		.byte	0x87
 703 0218 59020000 		.4byte	0x259
 704 021c 05       		.uleb128 0x5
 705 021d 03       		.byte	0x3
 706 021e 08000000 		.4byte	FanController_pidErrorZ2.4953
 707 0222 11       		.uleb128 0x11
 708 0223 C7010000 		.4byte	.LASF38
 709 0227 01       		.byte	0x1
 710 0228 8A       		.byte	0x8a
 711 0229 69020000 		.4byte	0x269
 712 022d 05       		.uleb128 0x5
 713 022e 03       		.byte	0x3
 714 022f 00000000 		.4byte	FanController_pidArea.4954
 715 0233 12       		.uleb128 0x12
ARM GAS  C:\Users\Ade0n\AppData\Local\Temp\cc54iZT4.s 			page 19


 716 0234 1C020000 		.4byte	.LASF54
 717 0238 01       		.byte	0x1
 718 0239 8D       		.byte	0x8d
 719 023a 77000000 		.4byte	0x77
 720 023e 11       		.uleb128 0x11
 721 023f D7000000 		.4byte	.LASF39
 722 0243 01       		.byte	0x1
 723 0244 90       		.byte	0x90
 724 0245 79020000 		.4byte	0x279
 725 0249 05       		.uleb128 0x5
 726 024a 03       		.byte	0x3
 727 024b 0C000000 		.4byte	FanController_spdErrCount.4956
 728 024f 13       		.uleb128 0x13
 729 0250 18010000 		.4byte	.LVL25
 730 0254 2C030000 		.4byte	0x32c
 731 0258 00       		.byte	0
 732 0259 08       		.uleb128 0x8
 733 025a 8F000000 		.4byte	0x8f
 734 025e 69020000 		.4byte	0x269
 735 0262 09       		.uleb128 0x9
 736 0263 F6000000 		.4byte	0xf6
 737 0267 00       		.byte	0
 738 0268 00       		.byte	0
 739 0269 08       		.uleb128 0x8
 740 026a 83000000 		.4byte	0x83
 741 026e 79020000 		.4byte	0x279
 742 0272 09       		.uleb128 0x9
 743 0273 F6000000 		.4byte	0xf6
 744 0277 00       		.byte	0
 745 0278 00       		.byte	0
 746 0279 08       		.uleb128 0x8
 747 027a 6B000000 		.4byte	0x6b
 748 027e 89020000 		.4byte	0x289
 749 0282 09       		.uleb128 0x9
 750 0283 F6000000 		.4byte	0xf6
 751 0287 00       		.byte	0
 752 0288 00       		.byte	0
 753 0289 14       		.uleb128 0x14
 754 028a AD000000 		.4byte	.LASF40
 755 028e 03       		.byte	0x3
 756 028f 3401     		.2byte	0x134
 757 0291 22010000 		.4byte	0x122
 758 0295 14       		.uleb128 0x14
 759 0296 3A030000 		.4byte	.LASF41
 760 029a 03       		.byte	0x3
 761 029b 3801     		.2byte	0x138
 762 029d 12010000 		.4byte	0x112
 763 02a1 14       		.uleb128 0x14
 764 02a2 73010000 		.4byte	.LASF42
 765 02a6 03       		.byte	0x3
 766 02a7 3D01     		.2byte	0x13d
 767 02a9 59020000 		.4byte	0x259
 768 02ad 14       		.uleb128 0x14
 769 02ae 87010000 		.4byte	.LASF43
 770 02b2 03       		.byte	0x3
 771 02b3 3E01     		.2byte	0x13e
 772 02b5 59020000 		.4byte	0x259
ARM GAS  C:\Users\Ade0n\AppData\Local\Temp\cc54iZT4.s 			page 20


 773 02b9 14       		.uleb128 0x14
 774 02ba 9B010000 		.4byte	.LASF44
 775 02be 03       		.byte	0x3
 776 02bf 3F01     		.2byte	0x13f
 777 02c1 59020000 		.4byte	0x259
 778 02c5 14       		.uleb128 0x14
 779 02c6 93020000 		.4byte	.LASF45
 780 02ca 03       		.byte	0x3
 781 02cb 4101     		.2byte	0x141
 782 02cd 69020000 		.4byte	0x269
 783 02d1 14       		.uleb128 0x14
 784 02d2 71020000 		.4byte	.LASF46
 785 02d6 03       		.byte	0x3
 786 02d7 4201     		.2byte	0x142
 787 02d9 69020000 		.4byte	0x269
 788 02dd 15       		.uleb128 0x15
 789 02de 02020000 		.4byte	.LASF47
 790 02e2 01       		.byte	0x1
 791 02e3 18       		.byte	0x18
 792 02e4 D9000000 		.4byte	0xd9
 793 02e8 05       		.uleb128 0x5
 794 02e9 03       		.byte	0x3
 795 02ea 00000000 		.4byte	FanController_speedStatus
 796 02ee 08       		.uleb128 0x8
 797 02ef FE020000 		.4byte	0x2fe
 798 02f3 FE020000 		.4byte	0x2fe
 799 02f7 09       		.uleb128 0x9
 800 02f8 F6000000 		.4byte	0xf6
 801 02fc 00       		.byte	0
 802 02fd 00       		.byte	0
 803 02fe 16       		.uleb128 0x16
 804 02ff 44010000 		.4byte	0x144
 805 0303 14       		.uleb128 0x14
 806 0304 77000000 		.4byte	.LASF48
 807 0308 03       		.byte	0x3
 808 0309 4801     		.2byte	0x148
 809 030b 0F030000 		.4byte	0x30f
 810 030f 16       		.uleb128 0x16
 811 0310 EE020000 		.4byte	0x2ee
 812 0314 14       		.uleb128 0x14
 813 0315 4C000000 		.4byte	.LASF49
 814 0319 03       		.byte	0x3
 815 031a 4D01     		.2byte	0x14d
 816 031c 77000000 		.4byte	0x77
 817 0320 14       		.uleb128 0x14
 818 0321 93000000 		.4byte	.LASF50
 819 0325 03       		.byte	0x3
 820 0326 4E01     		.2byte	0x14e
 821 0328 77000000 		.4byte	0x77
 822 032c 17       		.uleb128 0x17
 823 032d 8E030000 		.4byte	.LASF55
 824 0331 8E030000 		.4byte	.LASF55
 825 0335 03       		.byte	0x3
 826 0336 65       		.byte	0x65
 827 0337 00       		.byte	0
 828              		.section	.debug_abbrev,"",%progbits
 829              	.Ldebug_abbrev0:
ARM GAS  C:\Users\Ade0n\AppData\Local\Temp\cc54iZT4.s 			page 21


 830 0000 01       		.uleb128 0x1
 831 0001 11       		.uleb128 0x11
 832 0002 01       		.byte	0x1
 833 0003 25       		.uleb128 0x25
 834 0004 0E       		.uleb128 0xe
 835 0005 13       		.uleb128 0x13
 836 0006 0B       		.uleb128 0xb
 837 0007 03       		.uleb128 0x3
 838 0008 0E       		.uleb128 0xe
 839 0009 1B       		.uleb128 0x1b
 840 000a 0E       		.uleb128 0xe
 841 000b 55       		.uleb128 0x55
 842 000c 17       		.uleb128 0x17
 843 000d 11       		.uleb128 0x11
 844 000e 01       		.uleb128 0x1
 845 000f 10       		.uleb128 0x10
 846 0010 17       		.uleb128 0x17
 847 0011 00       		.byte	0
 848 0012 00       		.byte	0
 849 0013 02       		.uleb128 0x2
 850 0014 24       		.uleb128 0x24
 851 0015 00       		.byte	0
 852 0016 0B       		.uleb128 0xb
 853 0017 0B       		.uleb128 0xb
 854 0018 3E       		.uleb128 0x3e
 855 0019 0B       		.uleb128 0xb
 856 001a 03       		.uleb128 0x3
 857 001b 0E       		.uleb128 0xe
 858 001c 00       		.byte	0
 859 001d 00       		.byte	0
 860 001e 03       		.uleb128 0x3
 861 001f 24       		.uleb128 0x24
 862 0020 00       		.byte	0
 863 0021 0B       		.uleb128 0xb
 864 0022 0B       		.uleb128 0xb
 865 0023 3E       		.uleb128 0x3e
 866 0024 0B       		.uleb128 0xb
 867 0025 03       		.uleb128 0x3
 868 0026 08       		.uleb128 0x8
 869 0027 00       		.byte	0
 870 0028 00       		.byte	0
 871 0029 04       		.uleb128 0x4
 872 002a 16       		.uleb128 0x16
 873 002b 00       		.byte	0
 874 002c 03       		.uleb128 0x3
 875 002d 0E       		.uleb128 0xe
 876 002e 3A       		.uleb128 0x3a
 877 002f 0B       		.uleb128 0xb
 878 0030 3B       		.uleb128 0x3b
 879 0031 05       		.uleb128 0x5
 880 0032 49       		.uleb128 0x49
 881 0033 13       		.uleb128 0x13
 882 0034 00       		.byte	0
 883 0035 00       		.byte	0
 884 0036 05       		.uleb128 0x5
 885 0037 35       		.uleb128 0x35
 886 0038 00       		.byte	0
ARM GAS  C:\Users\Ade0n\AppData\Local\Temp\cc54iZT4.s 			page 22


 887 0039 49       		.uleb128 0x49
 888 003a 13       		.uleb128 0x13
 889 003b 00       		.byte	0
 890 003c 00       		.byte	0
 891 003d 06       		.uleb128 0x6
 892 003e 13       		.uleb128 0x13
 893 003f 01       		.byte	0x1
 894 0040 0B       		.uleb128 0xb
 895 0041 0B       		.uleb128 0xb
 896 0042 3A       		.uleb128 0x3a
 897 0043 0B       		.uleb128 0xb
 898 0044 3B       		.uleb128 0x3b
 899 0045 0B       		.uleb128 0xb
 900 0046 01       		.uleb128 0x1
 901 0047 13       		.uleb128 0x13
 902 0048 00       		.byte	0
 903 0049 00       		.byte	0
 904 004a 07       		.uleb128 0x7
 905 004b 0D       		.uleb128 0xd
 906 004c 00       		.byte	0
 907 004d 03       		.uleb128 0x3
 908 004e 0E       		.uleb128 0xe
 909 004f 3A       		.uleb128 0x3a
 910 0050 0B       		.uleb128 0xb
 911 0051 3B       		.uleb128 0x3b
 912 0052 0B       		.uleb128 0xb
 913 0053 49       		.uleb128 0x49
 914 0054 13       		.uleb128 0x13
 915 0055 38       		.uleb128 0x38
 916 0056 0B       		.uleb128 0xb
 917 0057 00       		.byte	0
 918 0058 00       		.byte	0
 919 0059 08       		.uleb128 0x8
 920 005a 01       		.uleb128 0x1
 921 005b 01       		.byte	0x1
 922 005c 49       		.uleb128 0x49
 923 005d 13       		.uleb128 0x13
 924 005e 01       		.uleb128 0x1
 925 005f 13       		.uleb128 0x13
 926 0060 00       		.byte	0
 927 0061 00       		.byte	0
 928 0062 09       		.uleb128 0x9
 929 0063 21       		.uleb128 0x21
 930 0064 00       		.byte	0
 931 0065 49       		.uleb128 0x49
 932 0066 13       		.uleb128 0x13
 933 0067 2F       		.uleb128 0x2f
 934 0068 0B       		.uleb128 0xb
 935 0069 00       		.byte	0
 936 006a 00       		.byte	0
 937 006b 0A       		.uleb128 0xa
 938 006c 16       		.uleb128 0x16
 939 006d 00       		.byte	0
 940 006e 03       		.uleb128 0x3
 941 006f 0E       		.uleb128 0xe
 942 0070 3A       		.uleb128 0x3a
 943 0071 0B       		.uleb128 0xb
ARM GAS  C:\Users\Ade0n\AppData\Local\Temp\cc54iZT4.s 			page 23


 944 0072 3B       		.uleb128 0x3b
 945 0073 0B       		.uleb128 0xb
 946 0074 49       		.uleb128 0x49
 947 0075 13       		.uleb128 0x13
 948 0076 00       		.byte	0
 949 0077 00       		.byte	0
 950 0078 0B       		.uleb128 0xb
 951 0079 13       		.uleb128 0x13
 952 007a 01       		.byte	0x1
 953 007b 0B       		.uleb128 0xb
 954 007c 0B       		.uleb128 0xb
 955 007d 3A       		.uleb128 0x3a
 956 007e 0B       		.uleb128 0xb
 957 007f 3B       		.uleb128 0x3b
 958 0080 05       		.uleb128 0x5
 959 0081 01       		.uleb128 0x1
 960 0082 13       		.uleb128 0x13
 961 0083 00       		.byte	0
 962 0084 00       		.byte	0
 963 0085 0C       		.uleb128 0xc
 964 0086 0D       		.uleb128 0xd
 965 0087 00       		.byte	0
 966 0088 03       		.uleb128 0x3
 967 0089 0E       		.uleb128 0xe
 968 008a 3A       		.uleb128 0x3a
 969 008b 0B       		.uleb128 0xb
 970 008c 3B       		.uleb128 0x3b
 971 008d 05       		.uleb128 0x5
 972 008e 49       		.uleb128 0x49
 973 008f 13       		.uleb128 0x13
 974 0090 38       		.uleb128 0x38
 975 0091 0B       		.uleb128 0xb
 976 0092 00       		.byte	0
 977 0093 00       		.byte	0
 978 0094 0D       		.uleb128 0xd
 979 0095 2E       		.uleb128 0x2e
 980 0096 01       		.byte	0x1
 981 0097 3F       		.uleb128 0x3f
 982 0098 19       		.uleb128 0x19
 983 0099 03       		.uleb128 0x3
 984 009a 0E       		.uleb128 0xe
 985 009b 3A       		.uleb128 0x3a
 986 009c 0B       		.uleb128 0xb
 987 009d 3B       		.uleb128 0x3b
 988 009e 0B       		.uleb128 0xb
 989 009f 27       		.uleb128 0x27
 990 00a0 19       		.uleb128 0x19
 991 00a1 11       		.uleb128 0x11
 992 00a2 01       		.uleb128 0x1
 993 00a3 12       		.uleb128 0x12
 994 00a4 06       		.uleb128 0x6
 995 00a5 40       		.uleb128 0x40
 996 00a6 18       		.uleb128 0x18
 997 00a7 9742     		.uleb128 0x2117
 998 00a9 19       		.uleb128 0x19
 999 00aa 01       		.uleb128 0x1
 1000 00ab 13       		.uleb128 0x13
ARM GAS  C:\Users\Ade0n\AppData\Local\Temp\cc54iZT4.s 			page 24


 1001 00ac 00       		.byte	0
 1002 00ad 00       		.byte	0
 1003 00ae 0E       		.uleb128 0xe
 1004 00af 34       		.uleb128 0x34
 1005 00b0 00       		.byte	0
 1006 00b1 03       		.uleb128 0x3
 1007 00b2 0E       		.uleb128 0xe
 1008 00b3 3A       		.uleb128 0x3a
 1009 00b4 0B       		.uleb128 0xb
 1010 00b5 3B       		.uleb128 0x3b
 1011 00b6 0B       		.uleb128 0xb
 1012 00b7 49       		.uleb128 0x49
 1013 00b8 13       		.uleb128 0x13
 1014 00b9 02       		.uleb128 0x2
 1015 00ba 17       		.uleb128 0x17
 1016 00bb 00       		.byte	0
 1017 00bc 00       		.byte	0
 1018 00bd 0F       		.uleb128 0xf
 1019 00be 2E       		.uleb128 0x2e
 1020 00bf 01       		.byte	0x1
 1021 00c0 3F       		.uleb128 0x3f
 1022 00c1 19       		.uleb128 0x19
 1023 00c2 03       		.uleb128 0x3
 1024 00c3 0E       		.uleb128 0xe
 1025 00c4 3A       		.uleb128 0x3a
 1026 00c5 0B       		.uleb128 0xb
 1027 00c6 3B       		.uleb128 0x3b
 1028 00c7 0B       		.uleb128 0xb
 1029 00c8 27       		.uleb128 0x27
 1030 00c9 19       		.uleb128 0x19
 1031 00ca 11       		.uleb128 0x11
 1032 00cb 01       		.uleb128 0x1
 1033 00cc 12       		.uleb128 0x12
 1034 00cd 06       		.uleb128 0x6
 1035 00ce 40       		.uleb128 0x40
 1036 00cf 18       		.uleb128 0x18
 1037 00d0 9642     		.uleb128 0x2116
 1038 00d2 19       		.uleb128 0x19
 1039 00d3 01       		.uleb128 0x1
 1040 00d4 13       		.uleb128 0x13
 1041 00d5 00       		.byte	0
 1042 00d6 00       		.byte	0
 1043 00d7 10       		.uleb128 0x10
 1044 00d8 34       		.uleb128 0x34
 1045 00d9 00       		.byte	0
 1046 00da 03       		.uleb128 0x3
 1047 00db 08       		.uleb128 0x8
 1048 00dc 3A       		.uleb128 0x3a
 1049 00dd 0B       		.uleb128 0xb
 1050 00de 3B       		.uleb128 0x3b
 1051 00df 0B       		.uleb128 0xb
 1052 00e0 49       		.uleb128 0x49
 1053 00e1 13       		.uleb128 0x13
 1054 00e2 02       		.uleb128 0x2
 1055 00e3 17       		.uleb128 0x17
 1056 00e4 00       		.byte	0
 1057 00e5 00       		.byte	0
ARM GAS  C:\Users\Ade0n\AppData\Local\Temp\cc54iZT4.s 			page 25


 1058 00e6 11       		.uleb128 0x11
 1059 00e7 34       		.uleb128 0x34
 1060 00e8 00       		.byte	0
 1061 00e9 03       		.uleb128 0x3
 1062 00ea 0E       		.uleb128 0xe
 1063 00eb 3A       		.uleb128 0x3a
 1064 00ec 0B       		.uleb128 0xb
 1065 00ed 3B       		.uleb128 0x3b
 1066 00ee 0B       		.uleb128 0xb
 1067 00ef 49       		.uleb128 0x49
 1068 00f0 13       		.uleb128 0x13
 1069 00f1 02       		.uleb128 0x2
 1070 00f2 18       		.uleb128 0x18
 1071 00f3 00       		.byte	0
 1072 00f4 00       		.byte	0
 1073 00f5 12       		.uleb128 0x12
 1074 00f6 34       		.uleb128 0x34
 1075 00f7 00       		.byte	0
 1076 00f8 03       		.uleb128 0x3
 1077 00f9 0E       		.uleb128 0xe
 1078 00fa 3A       		.uleb128 0x3a
 1079 00fb 0B       		.uleb128 0xb
 1080 00fc 3B       		.uleb128 0x3b
 1081 00fd 0B       		.uleb128 0xb
 1082 00fe 49       		.uleb128 0x49
 1083 00ff 13       		.uleb128 0x13
 1084 0100 00       		.byte	0
 1085 0101 00       		.byte	0
 1086 0102 13       		.uleb128 0x13
 1087 0103 898201   		.uleb128 0x4109
 1088 0106 00       		.byte	0
 1089 0107 11       		.uleb128 0x11
 1090 0108 01       		.uleb128 0x1
 1091 0109 31       		.uleb128 0x31
 1092 010a 13       		.uleb128 0x13
 1093 010b 00       		.byte	0
 1094 010c 00       		.byte	0
 1095 010d 14       		.uleb128 0x14
 1096 010e 34       		.uleb128 0x34
 1097 010f 00       		.byte	0
 1098 0110 03       		.uleb128 0x3
 1099 0111 0E       		.uleb128 0xe
 1100 0112 3A       		.uleb128 0x3a
 1101 0113 0B       		.uleb128 0xb
 1102 0114 3B       		.uleb128 0x3b
 1103 0115 05       		.uleb128 0x5
 1104 0116 49       		.uleb128 0x49
 1105 0117 13       		.uleb128 0x13
 1106 0118 3F       		.uleb128 0x3f
 1107 0119 19       		.uleb128 0x19
 1108 011a 3C       		.uleb128 0x3c
 1109 011b 19       		.uleb128 0x19
 1110 011c 00       		.byte	0
 1111 011d 00       		.byte	0
 1112 011e 15       		.uleb128 0x15
 1113 011f 34       		.uleb128 0x34
 1114 0120 00       		.byte	0
ARM GAS  C:\Users\Ade0n\AppData\Local\Temp\cc54iZT4.s 			page 26


 1115 0121 03       		.uleb128 0x3
 1116 0122 0E       		.uleb128 0xe
 1117 0123 3A       		.uleb128 0x3a
 1118 0124 0B       		.uleb128 0xb
 1119 0125 3B       		.uleb128 0x3b
 1120 0126 0B       		.uleb128 0xb
 1121 0127 49       		.uleb128 0x49
 1122 0128 13       		.uleb128 0x13
 1123 0129 3F       		.uleb128 0x3f
 1124 012a 19       		.uleb128 0x19
 1125 012b 02       		.uleb128 0x2
 1126 012c 18       		.uleb128 0x18
 1127 012d 00       		.byte	0
 1128 012e 00       		.byte	0
 1129 012f 16       		.uleb128 0x16
 1130 0130 26       		.uleb128 0x26
 1131 0131 00       		.byte	0
 1132 0132 49       		.uleb128 0x49
 1133 0133 13       		.uleb128 0x13
 1134 0134 00       		.byte	0
 1135 0135 00       		.byte	0
 1136 0136 17       		.uleb128 0x17
 1137 0137 2E       		.uleb128 0x2e
 1138 0138 00       		.byte	0
 1139 0139 3F       		.uleb128 0x3f
 1140 013a 19       		.uleb128 0x19
 1141 013b 3C       		.uleb128 0x3c
 1142 013c 19       		.uleb128 0x19
 1143 013d 6E       		.uleb128 0x6e
 1144 013e 0E       		.uleb128 0xe
 1145 013f 03       		.uleb128 0x3
 1146 0140 0E       		.uleb128 0xe
 1147 0141 3A       		.uleb128 0x3a
 1148 0142 0B       		.uleb128 0xb
 1149 0143 3B       		.uleb128 0x3b
 1150 0144 0B       		.uleb128 0xb
 1151 0145 00       		.byte	0
 1152 0146 00       		.byte	0
 1153 0147 00       		.byte	0
 1154              		.section	.debug_loc,"",%progbits
 1155              	.Ldebug_loc0:
 1156              	.LLST0:
 1157 0000 08000000 		.4byte	.LVL0
 1158 0004 2A000000 		.4byte	.LVL5
 1159 0008 0100     		.2byte	0x1
 1160 000a 53       		.byte	0x53
 1161 000b 2A000000 		.4byte	.LVL5
 1162 000f 2C000000 		.4byte	.LVL6
 1163 0013 0300     		.2byte	0x3
 1164 0015 73       		.byte	0x73
 1165 0016 01       		.sleb128 1
 1166 0017 9F       		.byte	0x9f
 1167 0018 2C000000 		.4byte	.LVL6
 1168 001c 58000000 		.4byte	.LVL7
 1169 0020 0100     		.2byte	0x1
 1170 0022 53       		.byte	0x53
 1171 0023 00000000 		.4byte	0
ARM GAS  C:\Users\Ade0n\AppData\Local\Temp\cc54iZT4.s 			page 27


 1172 0027 00000000 		.4byte	0
 1173              	.LLST1:
 1174 002b 0E000000 		.4byte	.LVL1
 1175 002f 1A000000 		.4byte	.LVL2
 1176 0033 0100     		.2byte	0x1
 1177 0035 52       		.byte	0x52
 1178 0036 1A000000 		.4byte	.LVL2
 1179 003a 1E000000 		.4byte	.LVL3
 1180 003e 0500     		.2byte	0x5
 1181 0040 71       		.byte	0x71
 1182 0041 00       		.sleb128 0
 1183 0042 70       		.byte	0x70
 1184 0043 00       		.sleb128 0
 1185 0044 22       		.byte	0x22
 1186 0045 00000000 		.4byte	0
 1187 0049 00000000 		.4byte	0
 1188              	.LLST2:
 1189 004d 0A000000 		.4byte	.LVL8
 1190 0051 0E000000 		.4byte	.LVL9
 1191 0055 0200     		.2byte	0x2
 1192 0057 30       		.byte	0x30
 1193 0058 9F       		.byte	0x9f
 1194 0059 0E000000 		.4byte	.LVL9
 1195 005d 26010000 		.4byte	.LVL27
 1196 0061 0100     		.2byte	0x1
 1197 0063 54       		.byte	0x54
 1198 0064 28010000 		.4byte	.LVL28
 1199 0068 44010000 		.4byte	.LVL29
 1200 006c 0100     		.2byte	0x1
 1201 006e 54       		.byte	0x54
 1202 006f 00000000 		.4byte	0
 1203 0073 00000000 		.4byte	0
 1204              	.LLST3:
 1205 0077 24000000 		.4byte	.LVL11
 1206 007b 36000000 		.4byte	.LVL12
 1207 007f 0100     		.2byte	0x1
 1208 0081 53       		.byte	0x53
 1209 0082 38000000 		.4byte	.LVL13
 1210 0086 3A000000 		.4byte	.LVL14
 1211 008a 0100     		.2byte	0x1
 1212 008c 53       		.byte	0x53
 1213 008d 3C000000 		.4byte	.LVL15
 1214 0091 8A000000 		.4byte	.LVL17
 1215 0095 0100     		.2byte	0x1
 1216 0097 53       		.byte	0x53
 1217 0098 8A000000 		.4byte	.LVL17
 1218 009c 8C000000 		.4byte	.LVL18
 1219 00a0 0200     		.2byte	0x2
 1220 00a2 71       		.byte	0x71
 1221 00a3 04       		.sleb128 4
 1222 00a4 8C000000 		.4byte	.LVL18
 1223 00a8 C2000000 		.4byte	.LVL20
 1224 00ac 0200     		.2byte	0x2
 1225 00ae 79       		.byte	0x79
 1226 00af 04       		.sleb128 4
 1227 00b0 00000000 		.4byte	0
 1228 00b4 00000000 		.4byte	0
ARM GAS  C:\Users\Ade0n\AppData\Local\Temp\cc54iZT4.s 			page 28


 1229              	.LLST4:
 1230 00b8 B8000000 		.4byte	.LVL19
 1231 00bc C4000000 		.4byte	.LVL21
 1232 00c0 0100     		.2byte	0x1
 1233 00c2 52       		.byte	0x52
 1234 00c3 00000000 		.4byte	0
 1235 00c7 00000000 		.4byte	0
 1236              	.LLST5:
 1237 00cb 24000000 		.4byte	.LVL11
 1238 00cf 36000000 		.4byte	.LVL12
 1239 00d3 0100     		.2byte	0x1
 1240 00d5 53       		.byte	0x53
 1241 00d6 38000000 		.4byte	.LVL13
 1242 00da 3A000000 		.4byte	.LVL14
 1243 00de 0100     		.2byte	0x1
 1244 00e0 53       		.byte	0x53
 1245 00e1 00000000 		.4byte	0
 1246 00e5 00000000 		.4byte	0
 1247              	.LLST6:
 1248 00e9 1C000000 		.4byte	.LVL10
 1249 00ed 17010000 		.4byte	.LVL25-1
 1250 00f1 0100     		.2byte	0x1
 1251 00f3 50       		.byte	0x50
 1252 00f4 00000000 		.4byte	0
 1253 00f8 00000000 		.4byte	0
 1254              	.LLST7:
 1255 00fc B8000000 		.4byte	.LVL19
 1256 0100 D6000000 		.4byte	.LVL22
 1257 0104 0100     		.2byte	0x1
 1258 0106 53       		.byte	0x53
 1259 0107 E0000000 		.4byte	.LVL23
 1260 010b E6000000 		.4byte	.LVL24
 1261 010f 0100     		.2byte	0x1
 1262 0111 53       		.byte	0x53
 1263 0112 00000000 		.4byte	0
 1264 0116 00000000 		.4byte	0
 1265              	.LLST8:
 1266 011a 18010000 		.4byte	.LVL25
 1267 011e 1E010000 		.4byte	.LVL26
 1268 0122 0100     		.2byte	0x1
 1269 0124 50       		.byte	0x50
 1270 0125 00000000 		.4byte	0
 1271 0129 00000000 		.4byte	0
 1272              		.section	.debug_aranges,"",%progbits
 1273 0000 24000000 		.4byte	0x24
 1274 0004 0200     		.2byte	0x2
 1275 0006 00000000 		.4byte	.Ldebug_info0
 1276 000a 04       		.byte	0x4
 1277 000b 00       		.byte	0
 1278 000c 0000     		.2byte	0
 1279 000e 0000     		.2byte	0
 1280 0010 00000000 		.4byte	.LFB2
 1281 0014 94000000 		.4byte	.LFE2-.LFB2
 1282 0018 00000000 		.4byte	.LFB3
 1283 001c 80010000 		.4byte	.LFE3-.LFB3
 1284 0020 00000000 		.4byte	0
 1285 0024 00000000 		.4byte	0
ARM GAS  C:\Users\Ade0n\AppData\Local\Temp\cc54iZT4.s 			page 29


 1286              		.section	.debug_ranges,"",%progbits
 1287              	.Ldebug_ranges0:
 1288 0000 00000000 		.4byte	.LFB2
 1289 0004 94000000 		.4byte	.LFE2
 1290 0008 00000000 		.4byte	.LFB3
 1291 000c 80010000 		.4byte	.LFE3
 1292 0010 00000000 		.4byte	0
 1293 0014 00000000 		.4byte	0
 1294              		.section	.debug_line,"",%progbits
 1295              	.Ldebug_line0:
 1296 0000 07010000 		.section	.debug_str,"MS",%progbits,1
 1296      02006100 
 1296      00000201 
 1296      FB0E0D00 
 1296      01010101 
 1297              	.LASF18:
 1298 0000 72656731 		.ascii	"reg16\000"
 1298      3600
 1299              	.LASF26:
 1300 0006 66616E4E 		.ascii	"fanNum\000"
 1300      756D00
 1301              	.LASF19:
 1302 000d 72656733 		.ascii	"reg32\000"
 1302      3200
 1303              	.LASF17:
 1304 0013 72656738 		.ascii	"reg8\000"
 1304      00
 1305              	.LASF53:
 1306 0018 433A5C55 		.ascii	"C:\\Users\\Ade0n\\Desktop\\PR\\CyberPong\\CyberPong"
 1306      73657273 
 1306      5C416465 
 1306      306E5C44 
 1306      65736B74 
 1307 0045 2E637964 		.ascii	".cydsn\000"
 1307      736E00
 1308              	.LASF49:
 1309 004c 46616E43 		.ascii	"FanController_alertMask\000"
 1309      6F6E7472 
 1309      6F6C6C65 
 1309      725F616C 
 1309      6572744D 
 1310              	.LASF3:
 1311 0064 73686F72 		.ascii	"short unsigned int\000"
 1311      7420756E 
 1311      7369676E 
 1311      65642069 
 1311      6E7400
 1312              	.LASF48:
 1313 0077 46616E43 		.ascii	"FanController_fanDriverRegs\000"
 1313      6F6E7472 
 1313      6F6C6C65 
 1313      725F6661 
 1313      6E447269 
 1314              	.LASF50:
 1315 0093 46616E43 		.ascii	"FanController_stallStatus\000"
 1315      6F6E7472 
 1315      6F6C6C65 
ARM GAS  C:\Users\Ade0n\AppData\Local\Temp\cc54iZT4.s 			page 30


 1315      725F7374 
 1315      616C6C53 
 1316              	.LASF40:
 1317 00ad 46616E43 		.ascii	"FanController_fanControl\000"
 1317      6F6E7472 
 1317      6F6C6C65 
 1317      725F6661 
 1317      6E436F6E 
 1318              	.LASF30:
 1319 00c6 70696445 		.ascii	"pidErrorZ0\000"
 1319      72726F72 
 1319      5A3000
 1320              	.LASF14:
 1321 00d1 666C6F61 		.ascii	"float\000"
 1321      7400
 1322              	.LASF39:
 1323 00d7 46616E43 		.ascii	"FanController_spdErrCount\000"
 1323      6F6E7472 
 1323      6F6C6C65 
 1323      725F7370 
 1323      64457272 
 1324              	.LASF1:
 1325 00f1 756E7369 		.ascii	"unsigned char\000"
 1325      676E6564 
 1325      20636861 
 1325      7200
 1326              	.LASF29:
 1327 00ff 46616E43 		.ascii	"FanController_PID_CONTROL_ISR\000"
 1327      6F6E7472 
 1327      6F6C6C65 
 1327      725F5049 
 1327      445F434F 
 1328              	.LASF24:
 1329 011d 70776D53 		.ascii	"pwmSetDutyReg\000"
 1329      65744475 
 1329      74795265 
 1329      6700
 1330              	.LASF12:
 1331 012b 696E7431 		.ascii	"int16\000"
 1331      3600
 1332              	.LASF5:
 1333 0131 6C6F6E67 		.ascii	"long unsigned int\000"
 1333      20756E73 
 1333      69676E65 
 1333      6420696E 
 1333      7400
 1334              	.LASF13:
 1335 0143 696E7433 		.ascii	"int32\000"
 1335      3200
 1336              	.LASF31:
 1337 0149 6E657743 		.ascii	"newCompare\000"
 1337      6F6D7061 
 1337      726500
 1338              	.LASF22:
 1339 0154 46616E43 		.ascii	"FanController_fanControlStruct\000"
 1339      6F6E7472 
 1339      6F6C6C65 
ARM GAS  C:\Users\Ade0n\AppData\Local\Temp\cc54iZT4.s 			page 31


 1339      725F6661 
 1339      6E436F6E 
 1340              	.LASF42:
 1341 0173 46616E43 		.ascii	"FanController_pidA1\000"
 1341      6F6E7472 
 1341      6F6C6C65 
 1341      725F7069 
 1341      64413100 
 1342              	.LASF43:
 1343 0187 46616E43 		.ascii	"FanController_pidA2\000"
 1343      6F6E7472 
 1343      6F6C6C65 
 1343      725F7069 
 1343      64413200 
 1344              	.LASF44:
 1345 019b 46616E43 		.ascii	"FanController_pidA3\000"
 1345      6F6E7472 
 1345      6F6C6C65 
 1345      725F7069 
 1345      64413300 
 1346              	.LASF32:
 1347 01af 70657269 		.ascii	"periodError\000"
 1347      6F644572 
 1347      726F7200 
 1348              	.LASF16:
 1349 01bb 63686172 		.ascii	"char\000"
 1349      00
 1350              	.LASF15:
 1351 01c0 646F7562 		.ascii	"double\000"
 1351      6C6500
 1352              	.LASF38:
 1353 01c7 46616E43 		.ascii	"FanController_pidArea\000"
 1353      6F6E7472 
 1353      6F6C6C65 
 1353      725F7069 
 1353      64417265 
 1354              	.LASF2:
 1355 01dd 73686F72 		.ascii	"short int\000"
 1355      7420696E 
 1355      7400
 1356              	.LASF33:
 1357 01e7 63757272 		.ascii	"currActSpeed\000"
 1357      41637453 
 1357      70656564 
 1357      00
 1358              	.LASF10:
 1359 01f4 75696E74 		.ascii	"uint16\000"
 1359      313600
 1360              	.LASF11:
 1361 01fb 75696E74 		.ascii	"uint32\000"
 1361      333200
 1362              	.LASF47:
 1363 0202 46616E43 		.ascii	"FanController_speedStatus\000"
 1363      6F6E7472 
 1363      6F6C6C65 
 1363      725F7370 
 1363      65656453 
ARM GAS  C:\Users\Ade0n\AppData\Local\Temp\cc54iZT4.s 			page 32


 1364              	.LASF54:
 1365 021c 46616E43 		.ascii	"FanController_pidOut\000"
 1365      6F6E7472 
 1365      6F6C6C65 
 1365      725F7069 
 1365      644F7574 
 1366              	.LASF8:
 1367 0231 756E7369 		.ascii	"unsigned int\000"
 1367      676E6564 
 1367      20696E74 
 1367      00
 1368              	.LASF28:
 1369 023e 46616E43 		.ascii	"FanController_DATA_SEND_ISR\000"
 1369      6F6E7472 
 1369      6F6C6C65 
 1369      725F4441 
 1369      54415F53 
 1370              	.LASF7:
 1371 025a 6C6F6E67 		.ascii	"long long unsigned int\000"
 1371      206C6F6E 
 1371      6720756E 
 1371      7369676E 
 1371      65642069 
 1372              	.LASF46:
 1373 0271 46616E43 		.ascii	"FanController_outputSatH\000"
 1373      6F6E7472 
 1373      6F6C6C65 
 1373      725F6F75 
 1373      74707574 
 1374              	.LASF27:
 1375 028a 61637453 		.ascii	"actSpeed\000"
 1375      70656564 
 1375      00
 1376              	.LASF45:
 1377 0293 46616E43 		.ascii	"FanController_outputSatL\000"
 1377      6F6E7472 
 1377      6F6C6C65 
 1377      725F6F75 
 1377      74707574 
 1378              	.LASF51:
 1379 02ac 474E5520 		.ascii	"GNU C11 5.4.1 20160609 (release) [ARM/embedded-5-br"
 1379      43313120 
 1379      352E342E 
 1379      31203230 
 1379      31363036 
 1380 02df 616E6368 		.ascii	"anch revision 237715] -mcpu=cortex-m0 -mthumb -g -O"
 1380      20726576 
 1380      6973696F 
 1380      6E203233 
 1380      37373135 
 1381 0312 67202D66 		.ascii	"g -ffunction-sections -ffat-lto-objects\000"
 1381      66756E63 
 1381      74696F6E 
 1381      2D736563 
 1381      74696F6E 
 1382              	.LASF41:
 1383 033a 46616E43 		.ascii	"FanController_desiredFansSpeed\000"
ARM GAS  C:\Users\Ade0n\AppData\Local\Temp\cc54iZT4.s 			page 33


 1383      6F6E7472 
 1383      6F6C6C65 
 1383      725F6465 
 1383      73697265 
 1384              	.LASF21:
 1385 0359 73697A65 		.ascii	"sizetype\000"
 1385      74797065 
 1385      00
 1386              	.LASF36:
 1387 0362 46616E43 		.ascii	"FanController_pidErrorZ1\000"
 1387      6F6E7472 
 1387      6F6C6C65 
 1387      725F7069 
 1387      64457272 
 1388              	.LASF6:
 1389 037b 6C6F6E67 		.ascii	"long long int\000"
 1389      206C6F6E 
 1389      6720696E 
 1389      7400
 1390              	.LASF35:
 1391 0389 6D61736B 		.ascii	"mask\000"
 1391      00
 1392              	.LASF55:
 1393 038e 46616E43 		.ascii	"FanController_GetAlertMask\000"
 1393      6F6E7472 
 1393      6F6C6C65 
 1393      725F4765 
 1393      74416C65 
 1394              	.LASF34:
 1395 03a9 746D7043 		.ascii	"tmpCompare\000"
 1395      6F6D7061 
 1395      726500
 1396              	.LASF9:
 1397 03b4 75696E74 		.ascii	"uint8\000"
 1397      3800
 1398              	.LASF4:
 1399 03ba 6C6F6E67 		.ascii	"long int\000"
 1399      20696E74 
 1399      00
 1400              	.LASF37:
 1401 03c3 46616E43 		.ascii	"FanController_pidErrorZ2\000"
 1401      6F6E7472 
 1401      6F6C6C65 
 1401      725F7069 
 1401      64457272 
 1402              	.LASF23:
 1403 03dc 61637475 		.ascii	"actualPeriod\000"
 1403      616C5065 
 1403      72696F64 
 1403      00
 1404              	.LASF20:
 1405 03e9 6C6F6E67 		.ascii	"long double\000"
 1405      20646F75 
 1405      626C6500 
 1406              	.LASF52:
 1407 03f5 47656E65 		.ascii	"Generated_Source\\PSoC4\\FanController_INT.c\000"
 1407      72617465 
ARM GAS  C:\Users\Ade0n\AppData\Local\Temp\cc54iZT4.s 			page 34


 1407      645F536F 
 1407      75726365 
 1407      5C50536F 
 1408              	.LASF0:
 1409 0420 7369676E 		.ascii	"signed char\000"
 1409      65642063 
 1409      68617200 
 1410              	.LASF25:
 1411 042c 46616E43 		.ascii	"FanController_fanDriverRegsStruct\000"
 1411      6F6E7472 
 1411      6F6C6C65 
 1411      725F6661 
 1411      6E447269 
 1412              		.ident	"GCC: (GNU Tools for ARM Embedded Processors) 5.4.1 20160609 (release) [ARM/embedded-5-bran
