--------------- Build Started: 12/07/2021 10:20:27 Project: CyberPong, Configuration: ARM GCC 5.4-2016-q2-update Debug ---------------
The code generation step is up to date.
arm-none-eabi-gcc.exe -mcpu=cortex-m0 -mthumb -I. -IGenerated_Source\PSoC4 -Wa,-alh=.\CortexM0\ARM_GCC_541\Debug/main.lst -g -D DEBUG -D CY_CORE_ID=0 -Wall -ffunction-sections -ffat-lto-objects -Og -c main.c -o .\CortexM0\ARM_GCC_541\Debug\main.o
main.c: In function 'main':
main.c:53:36: warning: format '%u' expects argument of type 'unsigned int', but argument 3 has type 'uint32_t {aka long unsigned int}' [-Wformat=]
             sprintf(uart_rpm_buff, "%u", current_rpm);
                                    ^
main.c:53:36: warning: format '%u' expects argument of type 'unsigned int', but argument 3 has type 'uint32_t {aka long unsigned int}' [-Wformat=]
main.c:59:36: warning: format '%u' expects argument of type 'unsigned int', but argument 3 has type 'uint32_t {aka long unsigned int}' [-Wformat=]
             sprintf(uart_rpm_buff, "%u", current_rpm);
                                    ^
main.c:59:36: warning: format '%u' expects argument of type 'unsigned int', but argument 3 has type 'uint32_t {aka long unsigned int}' [-Wformat=]
arm-none-eabi-ar.exe -rs .\CortexM0\ARM_GCC_541\Debug\CyberPong.a .\CortexM0\ARM_GCC_541\Debug\Pin_Input.o .\CortexM0\ARM_GCC_541\Debug\Pin_Input_PM.o .\CortexM0\ARM_GCC_541\Debug\CyFlash.o .\CortexM0\ARM_GCC_541\Debug\CyLib.o .\CortexM0\ARM_GCC_541\Debug\cyPm.o .\CortexM0\ARM_GCC_541\Debug\cyutils.o .\CortexM0\ARM_GCC_541\Debug\CyDMA.o .\CortexM0\ARM_GCC_541\Debug\CyLFClk.o .\CortexM0\ARM_GCC_541\Debug\cy_em_eeprom.o .\CortexM0\ARM_GCC_541\Debug\UART.o .\CortexM0\ARM_GCC_541\Debug\UART_SPI_UART.o .\CortexM0\ARM_GCC_541\Debug\UART_SPI_UART_INT.o .\CortexM0\ARM_GCC_541\Debug\UART_PM.o .\CortexM0\ARM_GCC_541\Debug\UART_UART.o .\CortexM0\ARM_GCC_541\Debug\UART_BOOT.o .\CortexM0\ARM_GCC_541\Debug\UART_UART_BOOT.o .\CortexM0\ARM_GCC_541\Debug\UART_SCBCLK.o .\CortexM0\ARM_GCC_541\Debug\UART_tx.o .\CortexM0\ARM_GCC_541\Debug\UART_tx_PM.o .\CortexM0\ARM_GCC_541\Debug\UART_rx.o .\CortexM0\ARM_GCC_541\Debug\UART_rx_PM.o .\CortexM0\ARM_GCC_541\Debug\Pin_A.o .\CortexM0\ARM_GCC_541\Debug\Pin_A_PM.o .\CortexM0\ARM_GCC_541\Debug\Pin_B.o .\CortexM0\ARM_GCC_541\Debug\Pin_B_PM.o .\CortexM0\ARM_GCC_541\Debug\FanController.o .\CortexM0\ARM_GCC_541\Debug\FanController_INT.o .\CortexM0\ARM_GCC_541\Debug\FanController_DataSend.o .\CortexM0\ARM_GCC_541\Debug\FanController_PID_ISR.o .\CortexM0\ARM_GCC_541\Debug\FanController_FW_PWM1.o .\CortexM0\ARM_GCC_541\Debug\FanController_FW_PWM1_PM.o .\CortexM0\ARM_GCC_541\Debug\isr.o .\CortexM0\ARM_GCC_541\Debug\CyBootAsmGnu.o
arm-none-eabi-ar.exe: creating .\CortexM0\ARM_GCC_541\Debug\CyberPong.a
arm-none-eabi-gcc.exe -Wl,--start-group -o C:\Users\Ade0n\Desktop\PR\CyberPong\CyberPong.cydsn\CortexM0\ARM_GCC_541\Debug\CyberPong.elf .\CortexM0\ARM_GCC_541\Debug\main.o .\CortexM0\ARM_GCC_541\Debug\cyfitter_cfg.o .\CortexM0\ARM_GCC_541\Debug\cymetadata.o .\CortexM0\ARM_GCC_541\Debug\Cm0Start.o .\CortexM0\ARM_GCC_541\Debug\CyberPong.a -mcpu=cortex-m0 -mthumb -L Generated_Source\PSoC4 -Wl,-Map,.\CortexM0\ARM_GCC_541\Debug/CyberPong.map -T Generated_Source\PSoC4\cm0gcc.ld -specs=nano.specs -Wl,--gc-sections -g -ffunction-sections -Og -ffat-lto-objects -Wl,--end-group
cyelftool.exe -C C:\Users\Ade0n\Desktop\PR\CyberPong\CyberPong.cydsn\CortexM0\ARM_GCC_541\Debug\CyberPong.elf --flash_row_size 256 --flash_size 262144 --flash_offset 0x00000000
No ELF section .cychecksum found, creating one
Application checksum calculated and stored in ELF section .cychecksum
Checksum calculated and stored in ELF section .cymeta
cyelftool.exe -S C:\Users\Ade0n\Desktop\PR\CyberPong\CyberPong.cydsn\CortexM0\ARM_GCC_541\Debug\CyberPong.elf
Flash used: 7822 of 262144 bytes (3.0%).
SRAM used: 2664 of 32768 bytes (8.1%). Stack: 2048 bytes. Heap: 128 bytes.
--------------- Build Succeeded: 12/07/2021 10:20:28 ---------------
